6047
Virtual User Script started at : 2017-04-12 14:46:51	[MsgId: MMSG-15967]
Starting action vuser_init.	[MsgId: MMSG-15919]
6052
Virtual User Script started at : 2017-04-12 14:46:51	[MsgId: MMSG-15967]
Starting action vuser_init.	[MsgId: MMSG-15919]
6057
Virtual User Script started at : 2017-04-12 14:46:51	[MsgId: MMSG-15967]
Starting action vuser_init.	[MsgId: MMSG-15919]
Connect succeeded on try 1: comm-type = telnet;host-name = 172.31.73.40;terminal-id = ;set-window-size = true;security-type = unsecured;terminal-type = vt420-8;terminal-model = vt420;login-command-file = ;terminal-setup-file = ;.	[MsgId: MMSG-17999]
Function TE_connect returned OK.	[MsgId: MMSG-17999]
TE_type:  typed text = yumrf<kReturn>	[MsgId: MMSG-17999]
6062
Virtual User Script started at : 2017-04-12 14:46:51	[MsgId: MMSG-15967]
Starting action vuser_init.	[MsgId: MMSG-15919]
Connect succeeded on try 1: comm-type = telnet;host-name = 172.31.73.40;terminal-id = ;set-window-size = true;security-type = unsecured;terminal-type = vt420-8;terminal-model = vt420;login-command-file = ;terminal-setup-file = ;.	[MsgId: MMSG-17999]
Function TE_connect returned OK.	[MsgId: MMSG-17999]
TE_type:  typed text = yumrf<kReturn>	[MsgId: MMSG-17999]
6068
Virtual User Script started at : 2017-04-12 14:46:51	[MsgId: MMSG-15967]
Starting action vuser_init.	[MsgId: MMSG-15919]
Connect succeeded on try 1: comm-type = telnet;host-name = 172.31.73.40;terminal-id = ;set-window-size = true;security-type = unsecured;terminal-type = vt420-8;terminal-model = vt420;login-command-file = ;terminal-setup-file = ;.	[MsgId: MMSG-17999]
Function TE_connect returned OK.	[MsgId: MMSG-17999]
TE_type:  typed text = yumrf<kReturn>	[MsgId: MMSG-17999]
6073
Virtual User Script started at : 2017-04-12 14:46:51	[MsgId: MMSG-15967]
Starting action vuser_init.	[MsgId: MMSG-15919]
Connect succeeded on try 1: comm-type = telnet;host-name = 172.31.73.40;terminal-id = ;set-window-size = true;security-type = unsecured;terminal-type = vt420-8;terminal-model = vt420;login-command-file = ;terminal-setup-file = ;.	[MsgId: MMSG-17999]
Function TE_connect returned OK.	[MsgId: MMSG-17999]
TE_type:  typed text = yumrf<kReturn>	[MsgId: MMSG-17999]
6079
Virtual User Script started at : 2017-04-12 14:46:51	[MsgId: MMSG-15967]
Starting action vuser_init.	[MsgId: MMSG-15919]
Connect succeeded on try 1: comm-type = telnet;host-name = 172.31.73.40;terminal-id = ;set-window-size = true;security-type = unsecured;terminal-type = vt420-8;terminal-model = vt420;login-command-file = ;terminal-setup-file = ;.	[MsgId: MMSG-17999]
Function TE_connect returned OK.	[MsgId: MMSG-17999]
TE_type:  typed text = yumrf<kReturn>	[MsgId: MMSG-17999]
6084
Virtual User Script started at : 2017-04-12 14:46:51	[MsgId: MMSG-15967]
Starting action vuser_init.	[MsgId: MMSG-15919]
Connect succeeded on try 1: comm-type = telnet;host-name = 172.31.73.40;terminal-id = ;set-window-size = true;security-type = unsecured;terminal-type = vt420-8;terminal-model = vt420;login-command-file = ;terminal-setup-file = ;.	[MsgId: MMSG-17999]
Function TE_connect returned OK.	[MsgId: MMSG-17999]
TE_type:  typed text = yumrf<kReturn>	[MsgId: MMSG-17999]
6089
Virtual User Script started at : 2017-04-12 14:46:51	[MsgId: MMSG-15967]
Starting action vuser_init.	[MsgId: MMSG-15919]
Connect succeeded on try 1: comm-type = telnet;host-name = 172.31.73.40;terminal-id = ;set-window-size = true;security-type = unsecured;terminal-type = vt420-8;terminal-model = vt420;login-command-file = ;terminal-setup-file = ;.	[MsgId: MMSG-17999]
Function TE_connect returned OK.	[MsgId: MMSG-17999]
TE_type:  typed text = yumrf<kReturn>	[MsgId: MMSG-17999]
6095
Virtual User Script started at : 2017-04-12 14:46:51	[MsgId: MMSG-15967]
Starting action vuser_init.	[MsgId: MMSG-15919]
Connect succeeded on try 1: comm-type = telnet;host-name = 172.31.73.40;terminal-id = ;set-window-size = true;security-type = unsecured;terminal-type = vt420-8;terminal-model = vt420;login-command-file = ;terminal-setup-file = ;.	[MsgId: MMSG-17999]
Function TE_connect returned OK.	[MsgId: MMSG-17999]
TE_type:  typed text = yumrf<kReturn>	[MsgId: MMSG-17999]
6100
Virtual User Script started at : 2017-04-12 14:46:51	[MsgId: MMSG-15967]
Starting action vuser_init.	[MsgId: MMSG-15919]
Connect succeeded on try 1: comm-type = telnet;host-name = 172.31.73.40;terminal-id = ;set-window-size = true;security-type = unsecured;terminal-type = vt420-8;terminal-model = vt420;login-command-file = ;terminal-setup-file = ;.	[MsgId: MMSG-17999]
Function TE_connect returned OK.	[MsgId: MMSG-17999]
TE_type:  typed text = yumrf<kReturn>	[MsgId: MMSG-17999]
6105
Virtual User Script started at : 2017-04-12 14:46:51	[MsgId: MMSG-15967]
Starting action vuser_init.	[MsgId: MMSG-15919]
Connect succeeded on try 1: comm-type = telnet;host-name = 172.31.73.40;terminal-id = ;set-window-size = true;security-type = unsecured;terminal-type = vt420-8;terminal-model = vt420;login-command-file = ;terminal-setup-file = ;.	[MsgId: MMSG-17999]
Function TE_connect returned OK.	[MsgId: MMSG-17999]
TE_type:  typed text = yumrf<kReturn>	[MsgId: MMSG-17999]
6110
Virtual User Script started at : 2017-04-12 14:46:51	[MsgId: MMSG-15967]
Starting action vuser_init.	[MsgId: MMSG-15919]
Connect succeeded on try 1: comm-type = telnet;host-name = 172.31.73.40;terminal-id = ;set-window-size = true;security-type = unsecured;terminal-type = vt420-8;terminal-model = vt420;login-command-file = ;terminal-setup-file = ;.	[MsgId: MMSG-17999]
Function TE_connect returned OK.	[MsgId: MMSG-17999]
TE_type:  typed text = yumrf<kReturn>	[MsgId: MMSG-17999]
6116
Virtual User Script started at : 2017-04-12 14:46:51	[MsgId: MMSG-15967]
Starting action vuser_init.	[MsgId: MMSG-15919]
Connect succeeded on try 1: comm-type = telnet;host-name = 172.31.73.40;terminal-id = ;set-window-size = true;security-type = unsecured;terminal-type = vt420-8;terminal-model = vt420;login-command-file = ;terminal-setup-file = ;.	[MsgId: MMSG-17999]
Function TE_connect returned OK.	[MsgId: MMSG-17999]
TE_type:  typed text = yumrf<kReturn>	[MsgId: MMSG-17999]
6121
Virtual User Script started at : 2017-04-12 14:46:51	[MsgId: MMSG-15967]
Starting action vuser_init.	[MsgId: MMSG-15919]
Connect succeeded on try 1: comm-type = telnet;host-name = 172.31.73.40;terminal-id = ;set-window-size = true;security-type = unsecured;terminal-type = vt420-8;terminal-model = vt420;login-command-file = ;terminal-setup-file = ;.	[MsgId: MMSG-17999]
Function TE_connect returned OK.	[MsgId: MMSG-17999]
TE_type:  typed text = yumrf<kReturn>	[MsgId: MMSG-17999]
6126
Virtual User Script started at : 2017-04-12 14:46:51	[MsgId: MMSG-15967]
Starting action vuser_init.	[MsgId: MMSG-15919]
Connect succeeded on try 1: comm-type = telnet;host-name = 172.31.73.40;terminal-id = ;set-window-size = true;security-type = unsecured;terminal-type = vt420-8;terminal-model = vt420;login-command-file = ;terminal-setup-file = ;.	[MsgId: MMSG-17999]
Function TE_connect returned OK.	[MsgId: MMSG-17999]
TE_type:  typed text = yumrf<kReturn>	[MsgId: MMSG-17999]
6132
Virtual User Script started at : 2017-04-12 14:46:51	[MsgId: MMSG-15967]
Starting action vuser_init.	[MsgId: MMSG-15919]
Connect succeeded on try 1: comm-type = telnet;host-name = 172.31.73.40;terminal-id = ;set-window-size = true;security-type = unsecured;terminal-type = vt420-8;terminal-model = vt420;login-command-file = ;terminal-setup-file = ;.	[MsgId: MMSG-17999]
Function TE_connect returned OK.	[MsgId: MMSG-17999]
TE_type:  typed text = yumrf<kReturn>	[MsgId: MMSG-17999]
TE_type:  typed text = Yum1234!<kReturn>	[MsgId: MMSG-17999]
6137
Virtual User Script started at : 2017-04-12 14:46:51	[MsgId: MMSG-15967]
Starting action vuser_init.	[MsgId: MMSG-15919]
Connect succeeded on try 1: comm-type = telnet;host-name = 172.31.73.40;terminal-id = ;set-window-size = true;security-type = unsecured;terminal-type = vt420-8;terminal-model = vt420;login-command-file = ;terminal-setup-file = ;.	[MsgId: MMSG-17999]
Function TE_connect returned OK.	[MsgId: MMSG-17999]
TE_type:  typed text = yumrf<kReturn>	[MsgId: MMSG-17999]
TE_type:  typed text = Yum1234!<kReturn>	[MsgId: MMSG-17999]
6142
Virtual User Script started at : 2017-04-12 14:46:51	[MsgId: MMSG-15967]
Starting action vuser_init.	[MsgId: MMSG-15919]
Connect succeeded on try 1: comm-type = telnet;host-name = 172.31.73.40;terminal-id = ;set-window-size = true;security-type = unsecured;terminal-type = vt420-8;terminal-model = vt420;login-command-file = ;terminal-setup-file = ;.	[MsgId: MMSG-17999]
Function TE_connect returned OK.	[MsgId: MMSG-17999]
TE_type:  typed text = yumrf<kReturn>	[MsgId: MMSG-17999]
TE_type:  typed text = Yum1234!<kReturn>	[MsgId: MMSG-17999]
Connect succeeded on try 1: comm-type = telnet;host-name = 172.31.73.40;terminal-id = ;set-window-size = true;security-type = unsecured;terminal-type = vt420-8;terminal-model = vt420;login-command-file = ;terminal-setup-file = ;.	[MsgId: MMSG-17999]
Function TE_connect returned OK.	[MsgId: MMSG-17999]
TE_type:  typed text = yumrf<kReturn>	[MsgId: MMSG-17999]
6149
Virtual User Script started at : 2017-04-12 14:46:51	[MsgId: MMSG-15967]
Starting action vuser_init.	[MsgId: MMSG-15919]
TE_type:  typed text = Yum1234!<kReturn>	[MsgId: MMSG-17999]
Connect succeeded on try 1: comm-type = telnet;host-name = 172.31.73.40;terminal-id = ;set-window-size = true;security-type = unsecured;terminal-type = vt420-8;terminal-model = vt420;login-command-file = ;terminal-setup-file = ;.	[MsgId: MMSG-17999]
Function TE_connect returned OK.	[MsgId: MMSG-17999]
TE_type:  typed text = yumrf<kReturn>	[MsgId: MMSG-17999]
TE_type:  typed text = Yum1234!<kReturn>	[MsgId: MMSG-17999]
6153
Virtual User Script started at : 2017-04-12 14:46:51	[MsgId: MMSG-15967]
Starting action vuser_init.	[MsgId: MMSG-15919]
Connect succeeded on try 1: comm-type = telnet;host-name = 172.31.73.40;terminal-id = ;set-window-size = true;security-type = unsecured;terminal-type = vt420-8;terminal-model = vt420;login-command-file = ;terminal-setup-file = ;.	[MsgId: MMSG-17999]
Function TE_connect returned OK.	[MsgId: MMSG-17999]
6156
TE_type:  typed text = yumrf<kReturn>	[MsgId: MMSG-17999]
Virtual User Script started at : 2017-04-12 14:46:51	[MsgId: MMSG-15967]
Starting action vuser_init.	[MsgId: MMSG-15919]
TE_type:  typed text = Yum1234!<kReturn>	[MsgId: MMSG-17999]
TE_type:  typed text = Yum1234!<kReturn>	[MsgId: MMSG-17999]
Connect succeeded on try 1: comm-type = telnet;host-name = 172.31.73.40;terminal-id = ;set-window-size = true;security-type = unsecured;terminal-type = vt420-8;terminal-model = vt420;login-command-file = ;terminal-setup-file = ;.	[MsgId: MMSG-17999]
Function TE_connect returned OK.	[MsgId: MMSG-17999]
TE_type:  typed text = yumrf<kReturn>	[MsgId: MMSG-17999]
6159
Virtual User Script started at : 2017-04-12 14:46:52	[MsgId: MMSG-15967]
Starting action vuser_init.	[MsgId: MMSG-15919]
TE_type:  typed text = Yum1234!<kReturn>	[MsgId: MMSG-17999]
Connect succeeded on try 1: comm-type = telnet;host-name = 172.31.73.40;terminal-id = ;set-window-size = true;security-type = unsecured;terminal-type = vt420-8;terminal-model = vt420;login-command-file = ;terminal-setup-file = ;.	[MsgId: MMSG-17999]
Function TE_connect returned OK.	[MsgId: MMSG-17999]
TE_type:  typed text = yumrf<kReturn>	[MsgId: MMSG-17999]
TE_type:  typed text = Yum1234!<kReturn>	[MsgId: MMSG-17999]
6162
Virtual User Script started at : 2017-04-12 14:46:52	[MsgId: MMSG-15967]
Starting action vuser_init.	[MsgId: MMSG-15919]
TE_type:  typed text = Yum1234!<kReturn>	[MsgId: MMSG-17999]
Connect succeeded on try 1: comm-type = telnet;host-name = 172.31.73.40;terminal-id = ;set-window-size = true;security-type = unsecured;terminal-type = vt420-8;terminal-model = vt420;login-command-file = ;terminal-setup-file = ;.	[MsgId: MMSG-17999]
Function TE_connect returned OK.	[MsgId: MMSG-17999]
TE_type:  typed text = yumrf<kReturn>	[MsgId: MMSG-17999]
6165
Virtual User Script started at : 2017-04-12 14:46:52	[MsgId: MMSG-15967]
Starting action vuser_init.	[MsgId: MMSG-15919]
TE_type:  typed text = Yum1234!<kReturn>	[MsgId: MMSG-17999]
Connect succeeded on try 1: comm-type = telnet;host-name = 172.31.73.40;terminal-id = ;set-window-size = true;security-type = unsecured;terminal-type = vt420-8;terminal-model = vt420;login-command-file = ;terminal-setup-file = ;.	[MsgId: MMSG-17999]
Function TE_connect returned OK.	[MsgId: MMSG-17999]
TE_type:  typed text = yumrf<kReturn>	[MsgId: MMSG-17999]
6168
Virtual User Script started at : 2017-04-12 14:46:52	[MsgId: MMSG-15967]
Starting action vuser_init.	[MsgId: MMSG-15919]
TE_type:  typed text = Yum1234!<kReturn>	[MsgId: MMSG-17999]
Connect succeeded on try 1: comm-type = telnet;host-name = 172.31.73.40;terminal-id = ;set-window-size = true;security-type = unsecured;terminal-type = vt420-8;terminal-model = vt420;login-command-file = ;terminal-setup-file = ;.	[MsgId: MMSG-17999]
Function TE_connect returned OK.	[MsgId: MMSG-17999]
TE_type:  typed text = yumrf<kReturn>	[MsgId: MMSG-17999]
6171
Virtual User Script started at : 2017-04-12 14:46:52	[MsgId: MMSG-15967]
Starting action vuser_init.	[MsgId: MMSG-15919]
TE_type:  typed text = Yum1234!<kReturn>	[MsgId: MMSG-17999]
6174
Virtual User Script started at : 2017-04-12 14:46:52	[MsgId: MMSG-15967]
Starting action vuser_init.	[MsgId: MMSG-15919]
Connect succeeded on try 1: comm-type = telnet;host-name = 172.31.73.40;terminal-id = ;set-window-size = true;security-type = unsecured;terminal-type = vt420-8;terminal-model = vt420;login-command-file = ;terminal-setup-file = ;.	[MsgId: MMSG-17999]
Function TE_connect returned OK.	[MsgId: MMSG-17999]
TE_type:  typed text = yumrf<kReturn>	[MsgId: MMSG-17999]
TE_type:  typed text = Yum1234!<kReturn>	[MsgId: MMSG-17999]
6177
Virtual User Script started at : 2017-04-12 14:46:52	[MsgId: MMSG-15967]
Starting action vuser_init.	[MsgId: MMSG-15919]
Connect succeeded on try 1: comm-type = telnet;host-name = 172.31.73.40;terminal-id = ;set-window-size = true;security-type = unsecured;terminal-type = vt420-8;terminal-model = vt420;login-command-file = ;terminal-setup-file = ;.	[MsgId: MMSG-17999]
Function TE_connect returned OK.	[MsgId: MMSG-17999]
TE_type:  typed text = yumrf<kReturn>	[MsgId: MMSG-17999]
TE_type:  typed text = Yum1234!<kReturn>	[MsgId: MMSG-17999]
6180
Virtual User Script started at : 2017-04-12 14:46:52	[MsgId: MMSG-15967]
Starting action vuser_init.	[MsgId: MMSG-15919]
TE_type:  typed text = Yum1234!<kReturn>	[MsgId: MMSG-17999]
Connect succeeded on try 1: comm-type = telnet;host-name = 172.31.73.40;terminal-id = ;set-window-size = true;security-type = unsecured;terminal-type = vt420-8;terminal-model = vt420;login-command-file = ;terminal-setup-file = ;.	[MsgId: MMSG-17999]
Function TE_connect returned OK.	[MsgId: MMSG-17999]
TE_type:  typed text = yumrf<kReturn>	[MsgId: MMSG-17999]
TE_type:  typed text = Yum1234!<kReturn>	[MsgId: MMSG-17999]
Connect succeeded on try 1: comm-type = telnet;host-name = 172.31.73.40;terminal-id = ;set-window-size = true;security-type = unsecured;terminal-type = vt420-8;terminal-model = vt420;login-command-file = ;terminal-setup-file = ;.	[MsgId: MMSG-17999]
Function TE_connect returned OK.	[MsgId: MMSG-17999]
6183
TE_type:  typed text = yumrf<kReturn>	[MsgId: MMSG-17999]
Virtual User Script started at : 2017-04-12 14:46:52	[MsgId: MMSG-15967]
Starting action vuser_init.	[MsgId: MMSG-15919]
Connect succeeded on try 1: comm-type = telnet;host-name = 172.31.73.40;terminal-id = ;set-window-size = true;security-type = unsecured;terminal-type = vt420-8;terminal-model = vt420;login-command-file = ;terminal-setup-file = ;.	[MsgId: MMSG-17999]
Function TE_connect returned OK.	[MsgId: MMSG-17999]
TE_type:  typed text = yumrf<kReturn>	[MsgId: MMSG-17999]
6186
Virtual User Script started at : 2017-04-12 14:46:52	[MsgId: MMSG-15967]
Starting action vuser_init.	[MsgId: MMSG-15919]
TE_type:  typed text = Yum1234!<kReturn>	[MsgId: MMSG-17999]
6189
Virtual User Script started at : 2017-04-12 14:46:52	[MsgId: MMSG-15967]
Starting action vuser_init.	[MsgId: MMSG-15919]
Connect succeeded on try 1: comm-type = telnet;host-name = 172.31.73.40;terminal-id = ;set-window-size = true;security-type = unsecured;terminal-type = vt420-8;terminal-model = vt420;login-command-file = ;terminal-setup-file = ;.	[MsgId: MMSG-17999]
Function TE_connect returned OK.	[MsgId: MMSG-17999]
TE_type:  typed text = yumrf<kReturn>	[MsgId: MMSG-17999]
TE_type:  typed text = Yum1234!<kReturn>	[MsgId: MMSG-17999]
6192
Virtual User Script started at : 2017-04-12 14:46:52	[MsgId: MMSG-15967]
Starting action vuser_init.	[MsgId: MMSG-15919]
Connect succeeded on try 1: comm-type = telnet;host-name = 172.31.73.40;terminal-id = ;set-window-size = true;security-type = unsecured;terminal-type = vt420-8;terminal-model = vt420;login-command-file = ;terminal-setup-file = ;.	[MsgId: MMSG-17999]
Function TE_connect returned OK.	[MsgId: MMSG-17999]
TE_type:  typed text = yumrf<kReturn>	[MsgId: MMSG-17999]
TE_type:  typed text = Yum1234!<kReturn>	[MsgId: MMSG-17999]
6195
Virtual User Script started at : 2017-04-12 14:46:52	[MsgId: MMSG-15967]
Starting action vuser_init.	[MsgId: MMSG-15919]
Connect succeeded on try 1: comm-type = telnet;host-name = 172.31.73.40;terminal-id = ;set-window-size = true;security-type = unsecured;terminal-type = vt420-8;terminal-model = vt420;login-command-file = ;terminal-setup-file = ;.	[MsgId: MMSG-17999]
Function TE_connect returned OK.	[MsgId: MMSG-17999]
TE_type:  typed text = yumrf<kReturn>	[MsgId: MMSG-17999]
TE_type:  typed text = Yum1234!<kReturn>	[MsgId: MMSG-17999]
6198
Virtual User Script started at : 2017-04-12 14:46:52	[MsgId: MMSG-15967]
Starting action vuser_init.	[MsgId: MMSG-15919]
Connect succeeded on try 1: comm-type = telnet;host-name = 172.31.73.40;terminal-id = ;set-window-size = true;security-type = unsecured;terminal-type = vt420-8;terminal-model = vt420;login-command-file = ;terminal-setup-file = ;.	[MsgId: MMSG-17999]
Function TE_connect returned OK.	[MsgId: MMSG-17999]
TE_type:  typed text = yumrf<kReturn>	[MsgId: MMSG-17999]
TE_type:  typed text = Yum1234!<kReturn>	[MsgId: MMSG-17999]
6201
Virtual User Script started at : 2017-04-12 14:46:52	[MsgId: MMSG-15967]
Connect succeeded on try 1: comm-type = telnet;host-name = 172.31.73.40;terminal-id = ;set-window-size = true;security-type = unsecured;terminal-type = vt420-8;terminal-model = vt420;login-command-file = ;terminal-setup-file = ;.	[MsgId: MMSG-17999]
Function TE_connect returned OK.	[MsgId: MMSG-17999]
TE_type:  typed text = yumrf<kReturn>	[MsgId: MMSG-17999]
Starting action vuser_init.	[MsgId: MMSG-15919]
Ending action vuser_init.	[MsgId: MMSG-15918]
Running Vuser...	[MsgId: MMSG-15964]
6204
Virtual User Script started at : 2017-04-12 14:46:52	[MsgId: MMSG-15967]
Starting action vuser_init.	[MsgId: MMSG-15919]
TE_type:  typed text = Yum1234!<kReturn>	[MsgId: MMSG-17999]
Connect succeeded on try 1: comm-type = telnet;host-name = 172.31.73.40;terminal-id = ;set-window-size = true;security-type = unsecured;terminal-type = vt420-8;terminal-model = vt420;login-command-file = ;terminal-setup-file = ;.	[MsgId: MMSG-17999]
Function TE_connect returned OK.	[MsgId: MMSG-17999]
TE_type:  typed text = yumrf<kReturn>	[MsgId: MMSG-17999]
Ending action vuser_init.	[MsgId: MMSG-15918]
Running Vuser...	[MsgId: MMSG-15964]
6207
Virtual User Script started at : 2017-04-12 14:46:52	[MsgId: MMSG-15967]
Starting action vuser_init.	[MsgId: MMSG-15919]
TE_type:  typed text = Yum1234!<kReturn>	[MsgId: MMSG-17999]
Connect succeeded on try 1: comm-type = telnet;host-name = 172.31.73.40;terminal-id = ;set-window-size = true;security-type = unsecured;terminal-type = vt420-8;terminal-model = vt420;login-command-file = ;terminal-setup-file = ;.	[MsgId: MMSG-17999]
Function TE_connect returned OK.	[MsgId: MMSG-17999]
TE_type:  typed text = yumrf<kReturn>	[MsgId: MMSG-17999]
Ending action vuser_init.	[MsgId: MMSG-15918]
Running Vuser...	[MsgId: MMSG-15964]
6210
Virtual User Script started at : 2017-04-12 14:46:52	[MsgId: MMSG-15967]
Starting action vuser_init.	[MsgId: MMSG-15919]
Connect succeeded on try 1: comm-type = telnet;host-name = 172.31.73.40;terminal-id = ;set-window-size = true;security-type = unsecured;terminal-type = vt420-8;terminal-model = vt420;login-command-file = ;terminal-setup-file = ;.	[MsgId: MMSG-17999]
Function TE_connect returned OK.	[MsgId: MMSG-17999]
TE_type:  typed text = yumrf<kReturn>	[MsgId: MMSG-17999]
Ending action vuser_init.	[MsgId: MMSG-15918]
Running Vuser...	[MsgId: MMSG-15964]
TE_type:  typed text = Yum1234!<kReturn>	[MsgId: MMSG-17999]
6213
Virtual User Script started at : 2017-04-12 14:46:52	[MsgId: MMSG-15967]
Starting action vuser_init.	[MsgId: MMSG-15919]
Connect succeeded on try 1: comm-type = telnet;host-name = 172.31.73.40;terminal-id = ;set-window-size = true;security-type = unsecured;terminal-type = vt420-8;terminal-model = vt420;login-command-file = ;terminal-setup-file = ;.	[MsgId: MMSG-17999]
Function TE_connect returned OK.	[MsgId: MMSG-17999]
TE_type:  typed text = yumrf<kReturn>	[MsgId: MMSG-17999]
Ending action vuser_init.	[MsgId: MMSG-15918]
Running Vuser...	[MsgId: MMSG-15964]
6216
Virtual User Script started at : 2017-04-12 14:46:52	[MsgId: MMSG-15967]
Starting action vuser_init.	[MsgId: MMSG-15919]
TE_type:  typed text = Yum1234!<kReturn>	[MsgId: MMSG-17999]
Connect succeeded on try 1: comm-type = telnet;host-name = 172.31.73.40;terminal-id = ;set-window-size = true;security-type = unsecured;terminal-type = vt420-8;terminal-model = vt420;login-command-file = ;terminal-setup-file = ;.	[MsgId: MMSG-17999]
Function TE_connect returned OK.	[MsgId: MMSG-17999]
TE_type:  typed text = yumrf<kReturn>	[MsgId: MMSG-17999]
6219
Virtual User Script started at : 2017-04-12 14:46:52	[MsgId: MMSG-15967]
Starting action vuser_init.	[MsgId: MMSG-15919]
TE_type:  typed text = Yum1234!<kReturn>	[MsgId: MMSG-17999]
Ending action vuser_init.	[MsgId: MMSG-15918]
Running Vuser...	[MsgId: MMSG-15964]
Connect succeeded on try 1: comm-type = telnet;host-name = 172.31.73.40;terminal-id = ;set-window-size = true;security-type = unsecured;terminal-type = vt420-8;terminal-model = vt420;login-command-file = ;terminal-setup-file = ;.	[MsgId: MMSG-17999]
Function TE_connect returned OK.	[MsgId: MMSG-17999]
TE_type:  typed text = yumrf<kReturn>	[MsgId: MMSG-17999]
Ending action vuser_init.	[MsgId: MMSG-15918]
Running Vuser...	[MsgId: MMSG-15964]
6222
Virtual User Script started at : 2017-04-12 14:46:52	[MsgId: MMSG-15967]
Starting action vuser_init.	[MsgId: MMSG-15919]
Connect succeeded on try 1: comm-type = telnet;host-name = 172.31.73.40;terminal-id = ;set-window-size = true;security-type = unsecured;terminal-type = vt420-8;terminal-model = vt420;login-command-file = ;terminal-setup-file = ;.	[MsgId: MMSG-17999]
Function TE_connect returned OK.	[MsgId: MMSG-17999]
TE_type:  typed text = yumrf<kReturn>	[MsgId: MMSG-17999]
Ending action vuser_init.	[MsgId: MMSG-15918]
Running Vuser...	[MsgId: MMSG-15964]
TE_type:  typed text = Yum1234!<kReturn>	[MsgId: MMSG-17999]
6227
Virtual User Script started at : 2017-04-12 14:46:52	[MsgId: MMSG-15967]
Starting action vuser_init.	[MsgId: MMSG-15919]
TE_type:  typed text = Yum1234!<kReturn>	[MsgId: MMSG-17999]
Connect succeeded on try 1: comm-type = telnet;host-name = 172.31.73.40;terminal-id = ;set-window-size = true;security-type = unsecured;terminal-type = vt420-8;terminal-model = vt420;login-command-file = ;terminal-setup-file = ;.	[MsgId: MMSG-17999]
Function TE_connect returned OK.	[MsgId: MMSG-17999]
TE_type:  typed text = yumrf<kReturn>	[MsgId: MMSG-17999]
Ending action vuser_init.	[MsgId: MMSG-15918]
Running Vuser...	[MsgId: MMSG-15964]
TE_type:  typed text = Yum1234!<kReturn>	[MsgId: MMSG-17999]
6235
Connect succeeded on try 1: comm-type = telnet;host-name = 172.31.73.40;terminal-id = ;set-window-size = true;security-type = unsecured;terminal-type = vt420-8;terminal-model = vt420;login-command-file = ;terminal-setup-file = ;.	[MsgId: MMSG-17999]
Virtual User Script started at : 2017-04-12 14:46:52	[MsgId: MMSG-15967]
Function TE_connect returned OK.	[MsgId: MMSG-17999]
TE_type:  typed text = yumrf<kReturn>	[MsgId: MMSG-17999]
Ending action vuser_init.	[MsgId: MMSG-15918]
Running Vuser...	[MsgId: MMSG-15964]
Starting action vuser_init.	[MsgId: MMSG-15919]
Ending action vuser_init.	[MsgId: MMSG-15918]
Running Vuser...	[MsgId: MMSG-15964]
TE_type:  typed text = Yum1234!<kReturn>	[MsgId: MMSG-17999]
Connect succeeded on try 1: comm-type = telnet;host-name = 172.31.73.40;terminal-id = ;set-window-size = true;security-type = unsecured;terminal-type = vt420-8;terminal-model = vt420;login-command-file = ;terminal-setup-file = ;.	[MsgId: MMSG-17999]
Function TE_connect returned OK.	[MsgId: MMSG-17999]
TE_type:  typed text = yumrf<kReturn>	[MsgId: MMSG-17999]
6244
Virtual User Script started at : 2017-04-12 14:46:52	[MsgId: MMSG-15967]
Starting action vuser_init.	[MsgId: MMSG-15919]
Ending action vuser_init.	[MsgId: MMSG-15918]
Running Vuser...	[MsgId: MMSG-15964]
TE_type:  typed text = Yum1234!<kReturn>	[MsgId: MMSG-17999]
Connect succeeded on try 1: comm-type = telnet;host-name = 172.31.73.40;terminal-id = ;set-window-size = true;security-type = unsecured;terminal-type = vt420-8;terminal-model = vt420;login-command-file = ;terminal-setup-file = ;.	[MsgId: MMSG-17999]
Function TE_connect returned OK.	[MsgId: MMSG-17999]
TE_type:  typed text = yumrf<kReturn>	[MsgId: MMSG-17999]
6254
Virtual User Script started at : 2017-04-12 14:46:53	[MsgId: MMSG-15967]
Starting action vuser_init.	[MsgId: MMSG-15919]
TE_type:  typed text = Yum1234!<kReturn>	[MsgId: MMSG-17999]
TE_type:  typed text = Yum1234!<kReturn>	[MsgId: MMSG-17999]
Ending action vuser_init.	[MsgId: MMSG-15918]
Running Vuser...	[MsgId: MMSG-15964]
Connect succeeded on try 1: comm-type = telnet;host-name = 172.31.73.40;terminal-id = ;set-window-size = true;security-type = unsecured;terminal-type = vt420-8;terminal-model = vt420;login-command-file = ;terminal-setup-file = ;.	[MsgId: MMSG-17999]
Function TE_connect returned OK.	[MsgId: MMSG-17999]
TE_type:  typed text = yumrf<kReturn>	[MsgId: MMSG-17999]
vuser_init.c(18): Error: TE_connect failed after  1 tries.  Retrying.
Reason: Unable to connect to host.
The error message is: Connection closed by host.
During connection of comm-type = telnet;host-name = 172.31.73.40;terminal-id = ;set-window-size = true;security-type = unsecured;terminal-type = vt420-8;terminal-model = vt420;login-command-file = ;terminal-setup-file = ; 	[MsgId: MERR-17999]
Ending action vuser_init.	[MsgId: MMSG-15918]
6261
Virtual User Script started at : 2017-04-12 14:46:53	[MsgId: MMSG-15967]
Starting action vuser_init.	[MsgId: MMSG-15919]
Running Vuser...	[MsgId: MMSG-15964]
TE_type:  typed text = Yum1234!<kReturn>	[MsgId: MMSG-17999]
Ending action vuser_init.	[MsgId: MMSG-15918]
Running Vuser...	[MsgId: MMSG-15964]
TE_type:  typed text = Yum1234!<kReturn>	[MsgId: MMSG-17999]
Ending action vuser_init.	[MsgId: MMSG-15918]
Running Vuser...	[MsgId: MMSG-15964]
Ending action vuser_init.	[MsgId: MMSG-15918]
Running Vuser...	[MsgId: MMSG-15964]
TE_type:  typed text = Yum1234!<kReturn>	[MsgId: MMSG-17999]
6274
Virtual User Script started at : 2017-04-12 14:46:53	[MsgId: MMSG-15967]
Starting action vuser_init.	[MsgId: MMSG-15919]
TE_type:  typed text = Yum1234!<kReturn>	[MsgId: MMSG-17999]
Ending action vuser_init.	[MsgId: MMSG-15918]
Running Vuser...	[MsgId: MMSG-15964]
TE_type:  typed text = Yum1234!<kReturn>	[MsgId: MMSG-17999]
Ending action vuser_init.	[MsgId: MMSG-15918]
Running Vuser...	[MsgId: MMSG-15964]
TE_type:  typed text = Yum1234!<kReturn>	[MsgId: MMSG-17999]
Ending action vuser_init.	[MsgId: MMSG-15918]
Running Vuser...	[MsgId: MMSG-15964]
TE_type:  typed text = Yum1234!<kReturn>	[MsgId: MMSG-17999]
Ending action vuser_init.	[MsgId: MMSG-15918]
Running Vuser...	[MsgId: MMSG-15964]
TE_type:  typed text = Yum1234!<kReturn>	[MsgId: MMSG-17999]
Ending action vuser_init.	[MsgId: MMSG-15918]
TE_type:  typed text = Yum1234!<kReturn>	[MsgId: MMSG-17999]
Running Vuser...	[MsgId: MMSG-15964]
Ending action vuser_init.	[MsgId: MMSG-15918]
TE_type:  typed text = Yum1234!<kReturn>	[MsgId: MMSG-17999]
Running Vuser...	[MsgId: MMSG-15964]
Ending action vuser_init.	[MsgId: MMSG-15918]
Running Vuser...	[MsgId: MMSG-15964]
TE_type:  typed text = Yum1234!<kReturn>	[MsgId: MMSG-17999]
TE_type:  typed text = Yum1234!<kReturn>	[MsgId: MMSG-17999]
Ending action vuser_init.	[MsgId: MMSG-15918]
Running Vuser...	[MsgId: MMSG-15964]
TE_type:  typed text = Yum1234!<kReturn>	[MsgId: MMSG-17999]
Ending action vuser_init.	[MsgId: MMSG-15918]
Running Vuser...	[MsgId: MMSG-15964]
Ending action vuser_init.	[MsgId: MMSG-15918]
Running Vuser...	[MsgId: MMSG-15964]
Ending action vuser_init.	[MsgId: MMSG-15918]
Running Vuser...	[MsgId: MMSG-15964]
Ending action vuser_init.	[MsgId: MMSG-15918]
Running Vuser...	[MsgId: MMSG-15964]
Ending action vuser_init.	[MsgId: MMSG-15918]
Running Vuser...	[MsgId: MMSG-15964]
Ending action vuser_init.	[MsgId: MMSG-15918]
Running Vuser...	[MsgId: MMSG-15964]
Ending action vuser_init.	[MsgId: MMSG-15918]
Running Vuser...	[MsgId: MMSG-15964]
Ending action vuser_init.	[MsgId: MMSG-15918]
Running Vuser...	[MsgId: MMSG-15964]
Ending action vuser_init.	[MsgId: MMSG-15918]
Running Vuser...	[MsgId: MMSG-15964]
Ending action vuser_init.	[MsgId: MMSG-15918]
Running Vuser...	[MsgId: MMSG-15964]
Ending action vuser_init.	[MsgId: MMSG-15918]
Running Vuser...	[MsgId: MMSG-15964]
Ending action vuser_init.	[MsgId: MMSG-15918]
Running Vuser...	[MsgId: MMSG-15964]
Ending action vuser_init.	[MsgId: MMSG-15918]
Running Vuser...	[MsgId: MMSG-15964]
Ending action vuser_init.	[MsgId: MMSG-15918]
Running Vuser...	[MsgId: MMSG-15964]
Ending action vuser_init.	[MsgId: MMSG-15918]
Running Vuser...	[MsgId: MMSG-15964]
Ending action vuser_init.	[MsgId: MMSG-15918]
Running Vuser...	[MsgId: MMSG-15964]
vuser_init.c(18): Error: TE_connect failed after  1 tries.  Retrying.
Reason: Unable to connect to host.
The error message is: .
During connection of comm-type = telnet;host-name = 172.31.73.40;terminal-id = ;set-window-size = true;security-type = unsecured;terminal-type = vt420-8;terminal-model = vt420;login-command-file = ;terminal-setup-file = ; 	[MsgId: MERR-17999]
vuser_init.c(18): Error: TE_connect failed after  2 tries.  Retrying.
Reason: Unable to connect to host.
The error message is: .
During connection of comm-type = telnet;host-name = 172.31.73.40;terminal-id = ;set-window-size = true;security-type = unsecured;terminal-type = vt420-8;terminal-model = vt420;login-command-file = ;terminal-setup-file = ; 	[MsgId: MERR-17999]
Ending action vuser_init.	[MsgId: MMSG-15918]
Running Vuser...	[MsgId: MMSG-15964]
Ending action vuser_init.	[MsgId: MMSG-15918]
Running Vuser...	[MsgId: MMSG-15964]
Ending action vuser_init.	[MsgId: MMSG-15918]
Running Vuser...	[MsgId: MMSG-15964]
Ending action vuser_init.	[MsgId: MMSG-15918]
Running Vuser...	[MsgId: MMSG-15964]
vuser_init.c(18): Error: TE_connect failed after  1 tries.  Retrying.
Reason: Unable to connect to host.
The error message is: .
During connection of comm-type = telnet;host-name = 172.31.73.40;terminal-id = ;set-window-size = true;security-type = unsecured;terminal-type = vt420-8;terminal-model = vt420;login-command-file = ;terminal-setup-file = ; 	[MsgId: MERR-17999]
Ending action vuser_init.	[MsgId: MMSG-15918]
Running Vuser...	[MsgId: MMSG-15964]
Ending action vuser_init.	[MsgId: MMSG-15918]
Running Vuser...	[MsgId: MMSG-15964]
vuser_init.c(18): Error: TE_connect failed after  3 tries.  Retrying.
Reason: Unable to connect to host.
The error message is: .
During connection of comm-type = telnet;host-name = 172.31.73.40;terminal-id = ;set-window-size = true;security-type = unsecured;terminal-type = vt420-8;terminal-model = vt420;login-command-file = ;terminal-setup-file = ; 	[MsgId: MERR-17999]
vuser_init.c(18): Error: TE_connect failed after  2 tries.  Retrying.
Reason: Unable to connect to host.
The error message is: .
During connection of comm-type = telnet;host-name = 172.31.73.40;terminal-id = ;set-window-size = true;security-type = unsecured;terminal-type = vt420-8;terminal-model = vt420;login-command-file = ;terminal-setup-file = ; 	[MsgId: MERR-17999]
vuser_init.c(18): Error: TE_connect failed after  2 tries.  Retrying.
Reason: Unable to connect to host.
The error message is: .
During connection of comm-type = telnet;host-name = 172.31.73.40;terminal-id = ;set-window-size = true;security-type = unsecured;terminal-type = vt420-8;terminal-model = vt420;login-command-file = ;terminal-setup-file = ; 	[MsgId: MERR-17999]
vuser_init.c(18): Error: TE_connect failed after  4 tries.  Retrying.
Reason: Unable to connect to host.
The error message is: .
During connection of comm-type = telnet;host-name = 172.31.73.40;terminal-id = ;set-window-size = true;security-type = unsecured;terminal-type = vt420-8;terminal-model = vt420;login-command-file = ;terminal-setup-file = ; 	[MsgId: MERR-17999]
vuser_init.c(18): Error: TE_connect failed after  3 tries.  Retrying.
Reason: Unable to connect to host.
The error message is: .
During connection of comm-type = telnet;host-name = 172.31.73.40;terminal-id = ;set-window-size = true;security-type = unsecured;terminal-type = vt420-8;terminal-model = vt420;login-command-file = ;terminal-setup-file = ; 	[MsgId: MERR-17999]
vuser_init.c(18): Error: TE_connect failed after  3 tries.  Retrying.
Reason: Unable to connect to host.
The error message is: .
During connection of comm-type = telnet;host-name = 172.31.73.40;terminal-id = ;set-window-size = true;security-type = unsecured;terminal-type = vt420-8;terminal-model = vt420;login-command-file = ;terminal-setup-file = ; 	[MsgId: MERR-17999]
vuser_init.c(18): Error: TE_connect failed after  5 tries.  Giving up.
Reason: Unable to connect to host.
The error message is: .
During connection of comm-type = telnet;host-name = 172.31.73.40;terminal-id = ;set-window-size = true;security-type = unsecured;terminal-type = vt420-8;terminal-model = vt420;login-command-file = ;terminal-setup-file = ; 	[MsgId: MERR-17999]
vuser_init.c(18): Error: TE_connect failed after  4 tries.  Retrying.
Reason: Unable to connect to host.
The error message is: .
During connection of comm-type = telnet;host-name = 172.31.73.40;terminal-id = ;set-window-size = true;security-type = unsecured;terminal-type = vt420-8;terminal-model = vt420;login-command-file = ;terminal-setup-file = ; 	[MsgId: MERR-17999]
Aborting RTE vuser.	[MsgId: MMSG-17999]
Action was aborted.	[MsgId: MMSG-10694]
Vuser 47 (thread 4104), ended OK."	[MsgId: MMSG-10695]
vuser_init.c(18): Error: TE_connect failed after  4 tries.  Retrying.
Reason: Unable to connect to host.
The error message is: .
During connection of comm-type = telnet;host-name = 172.31.73.40;terminal-id = ;set-window-size = true;security-type = unsecured;terminal-type = vt420-8;terminal-model = vt420;login-command-file = ;terminal-setup-file = ; 	[MsgId: MERR-17999]
vuser_init.c(18): Error: TE_connect failed after  5 tries.  Giving up.
Reason: Unable to connect to host.
The error message is: .
During connection of comm-type = telnet;host-name = 172.31.73.40;terminal-id = ;set-window-size = true;security-type = unsecured;terminal-type = vt420-8;terminal-model = vt420;login-command-file = ;terminal-setup-file = ; 	[MsgId: MERR-17999]
Aborting RTE vuser.	[MsgId: MMSG-17999]
Action was aborted.	[MsgId: MMSG-10694]
Vuser 48 (thread 4308), ended OK."	[MsgId: MMSG-10695]
vuser_init.c(18): Error: TE_connect failed after  5 tries.  Giving up.
Reason: Unable to connect to host.
The error message is: .
During connection of comm-type = telnet;host-name = 172.31.73.40;terminal-id = ;set-window-size = true;security-type = unsecured;terminal-type = vt420-8;terminal-model = vt420;login-command-file = ;terminal-setup-file = ; 	[MsgId: MERR-17999]
Aborting RTE vuser.	[MsgId: MMSG-17999]
Action was aborted.	[MsgId: MMSG-10694]
Vuser 49 (thread 7096), ended OK."	[MsgId: MMSG-10695]
Aborting RTE vuser.	[MsgId: MMSG-17999]
Aborting RTE vuser.	[MsgId: MMSG-17999]
Aborting RTE vuser.	[MsgId: MMSG-17999]
Aborting RTE vuser.	[MsgId: MMSG-17999]
Aborting RTE vuser.	[MsgId: MMSG-17999]
Aborting RTE vuser.	[MsgId: MMSG-17999]
Aborting RTE vuser.	[MsgId: MMSG-17999]
Aborting RTE vuser.	[MsgId: MMSG-17999]
Aborting RTE vuser.	[MsgId: MMSG-17999]
Aborting RTE vuser.	[MsgId: MMSG-17999]
Aborting RTE vuser.	[MsgId: MMSG-17999]
Aborting RTE vuser.	[MsgId: MMSG-17999]
Aborting RTE vuser.	[MsgId: MMSG-17999]
Aborting RTE vuser.	[MsgId: MMSG-17999]
Aborting RTE vuser.	[MsgId: MMSG-17999]
Aborting RTE vuser.	[MsgId: MMSG-17999]
Aborting RTE vuser.	[MsgId: MMSG-17999]
Aborting RTE vuser.	[MsgId: MMSG-17999]
Aborting RTE vuser.	[MsgId: MMSG-17999]
Aborting RTE vuser.	[MsgId: MMSG-17999]
Aborting RTE vuser.	[MsgId: MMSG-17999]
Aborting RTE vuser.	[MsgId: MMSG-17999]
Aborting RTE vuser.	[MsgId: MMSG-17999]
Aborting RTE vuser.	[MsgId: MMSG-17999]
Aborting RTE vuser.	[MsgId: MMSG-17999]
Aborting RTE vuser.	[MsgId: MMSG-17999]
Aborting RTE vuser.	[MsgId: MMSG-17999]
Aborting RTE vuser.	[MsgId: MMSG-17999]
Aborting RTE vuser.	[MsgId: MMSG-17999]
Aborting RTE vuser.	[MsgId: MMSG-17999]
Aborting RTE vuser.	[MsgId: MMSG-17999]
Action was aborted.	[MsgId: MMSG-10694]
Ending Vuser...	[MsgId: MMSG-15966]
Starting action vuser_end.	[MsgId: MMSG-15919]
Ending action vuser_end.	[MsgId: MMSG-15918]
Vuser Terminated.	[MsgId: MMSG-15963]
Action was aborted.	[MsgId: MMSG-10694]
Ending Vuser...	[MsgId: MMSG-15966]
Starting action vuser_end.	[MsgId: MMSG-15919]
Ending action vuser_end.	[MsgId: MMSG-15918]
Vuser Terminated.	[MsgId: MMSG-15963]
Action was aborted.	[MsgId: MMSG-10694]
Ending Vuser...	[MsgId: MMSG-15966]
Starting action vuser_end.	[MsgId: MMSG-15919]
Ending action vuser_end.	[MsgId: MMSG-15918]
Vuser Terminated.	[MsgId: MMSG-15963]
Action was aborted.	[MsgId: MMSG-10694]
Ending Vuser...	[MsgId: MMSG-15966]
Starting action vuser_end.	[MsgId: MMSG-15919]
Ending action vuser_end.	[MsgId: MMSG-15918]
Vuser Terminated.	[MsgId: MMSG-15963]
Aborting RTE vuser.	[MsgId: MMSG-17999]
Action was aborted.	[MsgId: MMSG-10694]
Ending Vuser...	[MsgId: MMSG-15966]
Starting action vuser_end.	[MsgId: MMSG-15919]
Ending action vuser_end.	[MsgId: MMSG-15918]
Vuser Terminated.	[MsgId: MMSG-15963]
Action was aborted.	[MsgId: MMSG-10694]
Ending Vuser...	[MsgId: MMSG-15966]
Starting action vuser_end.	[MsgId: MMSG-15919]
Ending action vuser_end.	[MsgId: MMSG-15918]
Vuser Terminated.	[MsgId: MMSG-15963]
Action was aborted.	[MsgId: MMSG-10694]
Ending Vuser...	[MsgId: MMSG-15966]
Starting action vuser_end.	[MsgId: MMSG-15919]
Ending action vuser_end.	[MsgId: MMSG-15918]
Vuser Terminated.	[MsgId: MMSG-15963]
Action was aborted.	[MsgId: MMSG-10694]
Ending Vuser...	[MsgId: MMSG-15966]
Starting action vuser_end.	[MsgId: MMSG-15919]
Action was aborted.	[MsgId: MMSG-10694]
Ending action vuser_end.	[MsgId: MMSG-15918]
Ending Vuser...	[MsgId: MMSG-15966]
Vuser Terminated.	[MsgId: MMSG-15963]
Starting action vuser_end.	[MsgId: MMSG-15919]
Ending action vuser_end.	[MsgId: MMSG-15918]
Vuser Terminated.	[MsgId: MMSG-15963]
Action was aborted.	[MsgId: MMSG-10694]
Ending Vuser...	[MsgId: MMSG-15966]
Starting action vuser_end.	[MsgId: MMSG-15919]
Ending action vuser_end.	[MsgId: MMSG-15918]
Vuser Terminated.	[MsgId: MMSG-15963]
Action was aborted.	[MsgId: MMSG-10694]
Ending Vuser...	[MsgId: MMSG-15966]
Starting action vuser_end.	[MsgId: MMSG-15919]
Action was aborted.	[MsgId: MMSG-10694]
Ending action vuser_end.	[MsgId: MMSG-15918]
Ending Vuser...	[MsgId: MMSG-15966]
Starting action vuser_end.	[MsgId: MMSG-15919]
Ending action vuser_end.	[MsgId: MMSG-15918]
Vuser Terminated.	[MsgId: MMSG-15963]
Vuser Terminated.	[MsgId: MMSG-15963]
Action was aborted.	[MsgId: MMSG-10694]
Ending Vuser...	[MsgId: MMSG-15966]
Starting action vuser_end.	[MsgId: MMSG-15919]
Action was aborted.	[MsgId: MMSG-10694]
Ending action vuser_end.	[MsgId: MMSG-15918]
Vuser Terminated.	[MsgId: MMSG-15963]
Ending Vuser...	[MsgId: MMSG-15966]
Starting action vuser_end.	[MsgId: MMSG-15919]
Ending action vuser_end.	[MsgId: MMSG-15918]
Vuser Terminated.	[MsgId: MMSG-15963]
Action was aborted.	[MsgId: MMSG-10694]
Action was aborted.	[MsgId: MMSG-10694]
Ending Vuser...	[MsgId: MMSG-15966]
Starting action vuser_end.	[MsgId: MMSG-15919]
Ending action vuser_end.	[MsgId: MMSG-15918]
Vuser Terminated.	[MsgId: MMSG-15963]
Ending Vuser...	[MsgId: MMSG-15966]
Starting action vuser_end.	[MsgId: MMSG-15919]
Ending action vuser_end.	[MsgId: MMSG-15918]
Vuser Terminated.	[MsgId: MMSG-15963]
Action was aborted.	[MsgId: MMSG-10694]
Ending Vuser...	[MsgId: MMSG-15966]
Starting action vuser_end.	[MsgId: MMSG-15919]
Ending action vuser_end.	[MsgId: MMSG-15918]
Vuser Terminated.	[MsgId: MMSG-15963]
Action was aborted.	[MsgId: MMSG-10694]
Ending Vuser...	[MsgId: MMSG-15966]
Starting action vuser_end.	[MsgId: MMSG-15919]
Ending action vuser_end.	[MsgId: MMSG-15918]
Vuser Terminated.	[MsgId: MMSG-15963]
Action was aborted.	[MsgId: MMSG-10694]
Ending Vuser...	[MsgId: MMSG-15966]
Starting action vuser_end.	[MsgId: MMSG-15919]
Ending action vuser_end.	[MsgId: MMSG-15918]
Vuser Terminated.	[MsgId: MMSG-15963]
Action was aborted.	[MsgId: MMSG-10694]
Ending Vuser...	[MsgId: MMSG-15966]
Starting action vuser_end.	[MsgId: MMSG-15919]
Ending action vuser_end.	[MsgId: MMSG-15918]
Vuser Terminated.	[MsgId: MMSG-15963]
Action was aborted.	[MsgId: MMSG-10694]
Ending Vuser...	[MsgId: MMSG-15966]
Starting action vuser_end.	[MsgId: MMSG-15919]
Ending action vuser_end.	[MsgId: MMSG-15918]
Vuser Terminated.	[MsgId: MMSG-15963]
Action was aborted.	[MsgId: MMSG-10694]
Ending Vuser...	[MsgId: MMSG-15966]
Starting action vuser_end.	[MsgId: MMSG-15919]
Ending action vuser_end.	[MsgId: MMSG-15918]
Vuser Terminated.	[MsgId: MMSG-15963]
Action was aborted.	[MsgId: MMSG-10694]
Ending Vuser...	[MsgId: MMSG-15966]
Starting action vuser_end.	[MsgId: MMSG-15919]
Ending action vuser_end.	[MsgId: MMSG-15918]
Vuser Terminated.	[MsgId: MMSG-15963]
Action was aborted.	[MsgId: MMSG-10694]
Ending Vuser...	[MsgId: MMSG-15966]
Starting action vuser_end.	[MsgId: MMSG-15919]
Ending action vuser_end.	[MsgId: MMSG-15918]
Vuser Terminated.	[MsgId: MMSG-15963]
Aborting RTE vuser.	[MsgId: MMSG-17999]
Aborting RTE vuser.	[MsgId: MMSG-17999]
Action was aborted.	[MsgId: MMSG-10694]
Ending Vuser...	[MsgId: MMSG-15966]
Starting action vuser_end.	[MsgId: MMSG-15919]
Ending action vuser_end.	[MsgId: MMSG-15918]
Vuser Terminated.	[MsgId: MMSG-15963]
Action was aborted.	[MsgId: MMSG-10694]
Ending Vuser...	[MsgId: MMSG-15966]
Aborting RTE vuser.	[MsgId: MMSG-17999]
Starting action vuser_end.	[MsgId: MMSG-15919]
Ending action vuser_end.	[MsgId: MMSG-15918]
Aborting RTE vuser.	[MsgId: MMSG-17999]
Vuser Terminated.	[MsgId: MMSG-15963]
Aborting RTE vuser.	[MsgId: MMSG-17999]
Aborting RTE vuser.	[MsgId: MMSG-17999]
Action was aborted.	[MsgId: MMSG-10694]
Ending Vuser...	[MsgId: MMSG-15966]
Starting action vuser_end.	[MsgId: MMSG-15919]
Ending action vuser_end.	[MsgId: MMSG-15918]
Action was aborted.	[MsgId: MMSG-10694]
Vuser Terminated.	[MsgId: MMSG-15963]
Ending Vuser...	[MsgId: MMSG-15966]
Starting action vuser_end.	[MsgId: MMSG-15919]
Ending action vuser_end.	[MsgId: MMSG-15918]
Aborting RTE vuser.	[MsgId: MMSG-17999]
Vuser Terminated.	[MsgId: MMSG-15963]
Action was aborted.	[MsgId: MMSG-10694]
Ending Vuser...	[MsgId: MMSG-15966]
Starting action vuser_end.	[MsgId: MMSG-15919]
Ending action vuser_end.	[MsgId: MMSG-15918]
Vuser Terminated.	[MsgId: MMSG-15963]
Aborting RTE vuser.	[MsgId: MMSG-17999]
Action was aborted.	[MsgId: MMSG-10694]
Ending Vuser...	[MsgId: MMSG-15966]
Starting action vuser_end.	[MsgId: MMSG-15919]
Ending action vuser_end.	[MsgId: MMSG-15918]
Vuser Terminated.	[MsgId: MMSG-15963]
Action was aborted.	[MsgId: MMSG-10694]
Ending Vuser...	[MsgId: MMSG-15966]
Starting action vuser_end.	[MsgId: MMSG-15919]
Ending action vuser_end.	[MsgId: MMSG-15918]
Vuser Terminated.	[MsgId: MMSG-15963]
Action was aborted.	[MsgId: MMSG-10694]
Ending Vuser...	[MsgId: MMSG-15966]
Starting action vuser_end.	[MsgId: MMSG-15919]
Action was aborted.	[MsgId: MMSG-10694]
Ending action vuser_end.	[MsgId: MMSG-15918]
Vuser Terminated.	[MsgId: MMSG-15963]
Ending Vuser...	[MsgId: MMSG-15966]
Starting action vuser_end.	[MsgId: MMSG-15919]
Ending action vuser_end.	[MsgId: MMSG-15918]
Vuser Terminated.	[MsgId: MMSG-15963]
Action was aborted.	[MsgId: MMSG-10694]
Ending Vuser...	[MsgId: MMSG-15966]
Action was aborted.	[MsgId: MMSG-10694]
Starting action vuser_end.	[MsgId: MMSG-15919]
Ending Vuser...	[MsgId: MMSG-15966]
Ending action vuser_end.	[MsgId: MMSG-15918]
Starting action vuser_end.	[MsgId: MMSG-15919]
Vuser Terminated.	[MsgId: MMSG-15963]
Ending action vuser_end.	[MsgId: MMSG-15918]
Vuser Terminated.	[MsgId: MMSG-15963]
Action was aborted.	[MsgId: MMSG-10694]
Ending Vuser...	[MsgId: MMSG-15966]
Starting action vuser_end.	[MsgId: MMSG-15919]
Ending action vuser_end.	[MsgId: MMSG-15918]
Vuser Terminated.	[MsgId: MMSG-15963]
Action was aborted.	[MsgId: MMSG-10694]
Ending Vuser...	[MsgId: MMSG-15966]
Starting action vuser_end.	[MsgId: MMSG-15919]
Ending action vuser_end.	[MsgId: MMSG-15918]
Vuser Terminated.	[MsgId: MMSG-15963]
Action was aborted.	[MsgId: MMSG-10694]
Ending Vuser...	[MsgId: MMSG-15966]
Starting action vuser_end.	[MsgId: MMSG-15919]
Ending action vuser_end.	[MsgId: MMSG-15918]
Vuser Terminated.	[MsgId: MMSG-15963]
Action was aborted.	[MsgId: MMSG-10694]
Ending Vuser...	[MsgId: MMSG-15966]
Starting action vuser_end.	[MsgId: MMSG-15919]
Ending action vuser_end.	[MsgId: MMSG-15918]
Vuser Terminated.	[MsgId: MMSG-15963]
Aborting RTE vuser.	[MsgId: MMSG-17999]
Aborting RTE vuser.	[MsgId: MMSG-17999]
Aborting RTE vuser.	[MsgId: MMSG-17999]
Aborting RTE vuser.	[MsgId: MMSG-17999]
Aborting RTE vuser.	[MsgId: MMSG-17999]
Aborting RTE vuser.	[MsgId: MMSG-17999]
Aborting RTE vuser.	[MsgId: MMSG-17999]
Action was aborted.	[MsgId: MMSG-10694]
Ending Vuser...	[MsgId: MMSG-15966]
Starting action vuser_end.	[MsgId: MMSG-15919]
Ending action vuser_end.	[MsgId: MMSG-15918]
Vuser Terminated.	[MsgId: MMSG-15963]
Vuser 1 (thread 1684), ended OK."	[MsgId: MMSG-10695]
Action was aborted.	[MsgId: MMSG-10694]
Ending Vuser...	[MsgId: MMSG-15966]
Starting action vuser_end.	[MsgId: MMSG-15919]
Ending action vuser_end.	[MsgId: MMSG-15918]
Vuser Terminated.	[MsgId: MMSG-15963]
Action was aborted.	[MsgId: MMSG-10694]
Ending Vuser...	[MsgId: MMSG-15966]
Starting action vuser_end.	[MsgId: MMSG-15919]
Ending action vuser_end.	[MsgId: MMSG-15918]
Vuser Terminated.	[MsgId: MMSG-15963]
Action was aborted.	[MsgId: MMSG-10694]
Ending Vuser...	[MsgId: MMSG-15966]
Starting action vuser_end.	[MsgId: MMSG-15919]
Ending action vuser_end.	[MsgId: MMSG-15918]
Vuser Terminated.	[MsgId: MMSG-15963]
Action was aborted.	[MsgId: MMSG-10694]
Ending Vuser...	[MsgId: MMSG-15966]
Starting action vuser_end.	[MsgId: MMSG-15919]
Ending action vuser_end.	[MsgId: MMSG-15918]
Vuser Terminated.	[MsgId: MMSG-15963]
Action was aborted.	[MsgId: MMSG-10694]
Ending Vuser...	[MsgId: MMSG-15966]
Starting action vuser_end.	[MsgId: MMSG-15919]
Ending action vuser_end.	[MsgId: MMSG-15918]
Vuser Terminated.	[MsgId: MMSG-15963]
Action was aborted.	[MsgId: MMSG-10694]
Ending Vuser...	[MsgId: MMSG-15966]
Starting action vuser_end.	[MsgId: MMSG-15919]
Ending action vuser_end.	[MsgId: MMSG-15918]
Vuser Terminated.	[MsgId: MMSG-15963]
Action was aborted.	[MsgId: MMSG-10694]
Ending Vuser...	[MsgId: MMSG-15966]
Starting action vuser_end.	[MsgId: MMSG-15919]
Ending action vuser_end.	[MsgId: MMSG-15918]
Vuser Terminated.	[MsgId: MMSG-15963]
Vuser 46 (thread 3320), ended OK."	[MsgId: MMSG-10695]
Vuser 41 (thread 6756), ended OK."	[MsgId: MMSG-10695]
Vuser 13 (thread 7184), ended OK."	[MsgId: MMSG-10695]
Vuser 37 (thread 7196), ended OK."	[MsgId: MMSG-10695]
Vuser 31 (thread 872), ended OK."	[MsgId: MMSG-10695]
Vuser 19 (thread 5560), ended OK."	[MsgId: MMSG-10695]
Vuser 25 (thread 7976), ended OK."	[MsgId: MMSG-10695]
Vuser 35 (thread 7808), ended OK."	[MsgId: MMSG-10695]
Vuser 42 (thread 7608), ended OK."	[MsgId: MMSG-10695]
Vuser 28 (thread 7836), ended OK."	[MsgId: MMSG-10695]
Vuser 26 (thread 7580), ended OK."	[MsgId: MMSG-10695]
Vuser 18 (thread 6128), ended OK."	[MsgId: MMSG-10695]
Vuser 2 (thread 5104), ended OK."	[MsgId: MMSG-10695]
Vuser 16 (thread 6076), ended OK."	[MsgId: MMSG-10695]
Vuser 24 (thread 8032), ended OK."	[MsgId: MMSG-10695]
Vuser 29 (thread 8048), ended OK."	[MsgId: MMSG-10695]
Vuser 45 (thread 2320), ended OK."	[MsgId: MMSG-10695]
Vuser 21 (thread 4940), ended OK."	[MsgId: MMSG-10695]
Vuser 43 (thread 7388), ended OK."	[MsgId: MMSG-10695]
Vuser 22 (thread 7636), ended OK."	[MsgId: MMSG-10695]
Vuser 10 (thread 5000), ended OK."	[MsgId: MMSG-10695]
Vuser 12 (thread 2604), ended OK."	[MsgId: MMSG-10695]
Vuser 39 (thread 6136), ended OK."	[MsgId: MMSG-10695]
Vuser 15 (thread 6456), ended OK."	[MsgId: MMSG-10695]
Vuser 5 (thread 7956), ended OK."	[MsgId: MMSG-10695]
Vuser 20 (thread 7160), ended OK."	[MsgId: MMSG-10695]
Vuser 38 (thread 7404), ended OK."	[MsgId: MMSG-10695]
Vuser 33 (thread 4728), ended OK."	[MsgId: MMSG-10695]
Vuser 14 (thread 2952), ended OK."	[MsgId: MMSG-10695]
Vuser 23 (thread 3296), ended OK."	[MsgId: MMSG-10695]
Vuser 4 (thread 5292), ended OK."	[MsgId: MMSG-10695]
Vuser 44 (thread 6196), ended OK."	[MsgId: MMSG-10695]
Vuser 11 (thread 7744), ended OK."	[MsgId: MMSG-10695]
Vuser 27 (thread 5344), ended OK."	[MsgId: MMSG-10695]
Vuser 7 (thread 5620), ended OK."	[MsgId: MMSG-10695]
Vuser 9 (thread 5084), ended OK."	[MsgId: MMSG-10695]
Vuser 0 (thread 7288), ended OK."	[MsgId: MMSG-10695]
Vuser 40 (thread 1976), ended OK."	[MsgId: MMSG-10695]
Vuser 8 (thread 6724), ended OK."	[MsgId: MMSG-10695]
Vuser 36 (thread 5384), ended OK."	[MsgId: MMSG-10695]
Vuser 6 (thread 2200), ended OK."	[MsgId: MMSG-10695]
Vuser 34 (thread 4932), ended OK."	[MsgId: MMSG-10695]
Vuser 17 (thread 5336), ended OK."	[MsgId: MMSG-10695]
Vuser 3 (thread 844), ended OK."	[MsgId: MMSG-10695]
Vuser 30 (thread 2772), ended OK."	[MsgId: MMSG-10695]
Vuser 32 (thread 4156), ended OK."	[MsgId: MMSG-10695]
