62521
Virtual User Script started at : 2017-04-11 16:08:52	[MsgId: MMSG-15967]
Starting action vuser_init.	[MsgId: MMSG-15919]
62524
Virtual User Script started at : 2017-04-11 16:08:52	[MsgId: MMSG-15967]
Starting action vuser_init.	[MsgId: MMSG-15919]
Connect succeeded on try 1: comm-type = telnet;host-name = 172.31.73.40;terminal-id = ;set-window-size = true;security-type = unsecured;terminal-type = vt420-8;terminal-model = vt420;login-command-file = ;terminal-setup-file = ;.	[MsgId: MMSG-17999]
Function TE_connect returned OK.	[MsgId: MMSG-17999]
TE_type:  typed text = yumrf<kReturn>	[MsgId: MMSG-17999]
Connect succeeded on try 1: comm-type = telnet;host-name = 172.31.73.40;terminal-id = ;set-window-size = true;security-type = unsecured;terminal-type = vt420-8;terminal-model = vt420;login-command-file = ;terminal-setup-file = ;.	[MsgId: MMSG-17999]
Function TE_connect returned OK.	[MsgId: MMSG-17999]
TE_type:  typed text = yumrf<kReturn>	[MsgId: MMSG-17999]
TE_type:  typed text = Yum1234!<kReturn>	[MsgId: MMSG-17999]
TE_type:  typed text = Yum1234!<kReturn>	[MsgId: MMSG-17999]
Ending action vuser_init.	[MsgId: MMSG-15918]
Running Vuser...	[MsgId: MMSG-15964]
Ending action vuser_init.	[MsgId: MMSG-15918]
Running Vuser...	[MsgId: MMSG-15964]
62529
Virtual User Script started at : 2017-04-11 16:09:06	[MsgId: MMSG-15967]
Starting action vuser_init.	[MsgId: MMSG-15919]
62532
Virtual User Script started at : 2017-04-11 16:09:07	[MsgId: MMSG-15967]
Starting action vuser_init.	[MsgId: MMSG-15919]
Connect succeeded on try 1: comm-type = telnet;host-name = 172.31.73.40;terminal-id = ;set-window-size = true;security-type = unsecured;terminal-type = vt420-8;terminal-model = vt420;login-command-file = ;terminal-setup-file = ;.	[MsgId: MMSG-17999]
Function TE_connect returned OK.	[MsgId: MMSG-17999]
TE_type:  typed text = yumrf<kReturn>	[MsgId: MMSG-17999]
Connect succeeded on try 1: comm-type = telnet;host-name = 172.31.73.40;terminal-id = ;set-window-size = true;security-type = unsecured;terminal-type = vt420-8;terminal-model = vt420;login-command-file = ;terminal-setup-file = ;.	[MsgId: MMSG-17999]
Function TE_connect returned OK.	[MsgId: MMSG-17999]
TE_type:  typed text = yumrf<kReturn>	[MsgId: MMSG-17999]
TE_type:  typed text = Yum1234!<kReturn>	[MsgId: MMSG-17999]
TE_type:  typed text = Yum1234!<kReturn>	[MsgId: MMSG-17999]
Ending action vuser_init.	[MsgId: MMSG-15918]
Running Vuser...	[MsgId: MMSG-15964]
Ending action vuser_init.	[MsgId: MMSG-15918]
Running Vuser...	[MsgId: MMSG-15964]
62547
Virtual User Script started at : 2017-04-11 16:09:22	[MsgId: MMSG-15967]
Starting action vuser_init.	[MsgId: MMSG-15919]
62550
Virtual User Script started at : 2017-04-11 16:09:22	[MsgId: MMSG-15967]
Starting action vuser_init.	[MsgId: MMSG-15919]
Connect succeeded on try 1: comm-type = telnet;host-name = 172.31.73.40;terminal-id = ;set-window-size = true;security-type = unsecured;terminal-type = vt420-8;terminal-model = vt420;login-command-file = ;terminal-setup-file = ;.	[MsgId: MMSG-17999]
Function TE_connect returned OK.	[MsgId: MMSG-17999]
TE_type:  typed text = yumrf<kReturn>	[MsgId: MMSG-17999]
Connect succeeded on try 1: comm-type = telnet;host-name = 172.31.73.40;terminal-id = ;set-window-size = true;security-type = unsecured;terminal-type = vt420-8;terminal-model = vt420;login-command-file = ;terminal-setup-file = ;.	[MsgId: MMSG-17999]
Function TE_connect returned OK.	[MsgId: MMSG-17999]
TE_type:  typed text = yumrf<kReturn>	[MsgId: MMSG-17999]
TE_type:  typed text = Yum1234!<kReturn>	[MsgId: MMSG-17999]
TE_type:  typed text = Yum1234!<kReturn>	[MsgId: MMSG-17999]
Ending action vuser_init.	[MsgId: MMSG-15918]
Running Vuser...	[MsgId: MMSG-15964]
Ending action vuser_init.	[MsgId: MMSG-15918]
Running Vuser...	[MsgId: MMSG-15964]
62555
Virtual User Script started at : 2017-04-11 16:09:37	[MsgId: MMSG-15967]
Starting action vuser_init.	[MsgId: MMSG-15919]
62558
Virtual User Script started at : 2017-04-11 16:09:37	[MsgId: MMSG-15967]
Starting action vuser_init.	[MsgId: MMSG-15919]
Connect succeeded on try 1: comm-type = telnet;host-name = 172.31.73.40;terminal-id = ;set-window-size = true;security-type = unsecured;terminal-type = vt420-8;terminal-model = vt420;login-command-file = ;terminal-setup-file = ;.	[MsgId: MMSG-17999]
Function TE_connect returned OK.	[MsgId: MMSG-17999]
TE_type:  typed text = yumrf<kReturn>	[MsgId: MMSG-17999]
Connect succeeded on try 1: comm-type = telnet;host-name = 172.31.73.40;terminal-id = ;set-window-size = true;security-type = unsecured;terminal-type = vt420-8;terminal-model = vt420;login-command-file = ;terminal-setup-file = ;.	[MsgId: MMSG-17999]
Function TE_connect returned OK.	[MsgId: MMSG-17999]
TE_type:  typed text = yumrf<kReturn>	[MsgId: MMSG-17999]
TE_type:  typed text = Yum1234!<kReturn>	[MsgId: MMSG-17999]
TE_type:  typed text = Yum1234!<kReturn>	[MsgId: MMSG-17999]
Ending action vuser_init.	[MsgId: MMSG-15918]
Running Vuser...	[MsgId: MMSG-15964]
Ending action vuser_init.	[MsgId: MMSG-15918]
Running Vuser...	[MsgId: MMSG-15964]
62563
Virtual User Script started at : 2017-04-11 16:09:52	[MsgId: MMSG-15967]
Starting action vuser_init.	[MsgId: MMSG-15919]
62566
Virtual User Script started at : 2017-04-11 16:09:52	[MsgId: MMSG-15967]
Starting action vuser_init.	[MsgId: MMSG-15919]
Connect succeeded on try 1: comm-type = telnet;host-name = 172.31.73.40;terminal-id = ;set-window-size = true;security-type = unsecured;terminal-type = vt420-8;terminal-model = vt420;login-command-file = ;terminal-setup-file = ;.	[MsgId: MMSG-17999]
Function TE_connect returned OK.	[MsgId: MMSG-17999]
TE_type:  typed text = yumrf<kReturn>	[MsgId: MMSG-17999]
Connect succeeded on try 1: comm-type = telnet;host-name = 172.31.73.40;terminal-id = ;set-window-size = true;security-type = unsecured;terminal-type = vt420-8;terminal-model = vt420;login-command-file = ;terminal-setup-file = ;.	[MsgId: MMSG-17999]
Function TE_connect returned OK.	[MsgId: MMSG-17999]
TE_type:  typed text = yumrf<kReturn>	[MsgId: MMSG-17999]
TE_type:  typed text = Yum1234!<kReturn>	[MsgId: MMSG-17999]
TE_type:  typed text = Yum1234!<kReturn>	[MsgId: MMSG-17999]
Ending action vuser_init.	[MsgId: MMSG-15918]
Running Vuser...	[MsgId: MMSG-15964]
Ending action vuser_init.	[MsgId: MMSG-15918]
Running Vuser...	[MsgId: MMSG-15964]
Starting iteration 1.	[MsgId: MMSG-15968]
Starting iteration 1.	[MsgId: MMSG-15968]
Starting action Action1.	[MsgId: MMSG-15919]
Starting action Action1.	[MsgId: MMSG-15919]
Action1.c(3): lr_think_time: 4.36 seconds (recorded think time was 5.00 seconds).	[MsgId: MMSG-15947]
Action1.c(3): lr_think_time: 3.87 seconds (recorded think time was 5.00 seconds).	[MsgId: MMSG-15947]
Action1.c(4): Notify: Parameter Substitution: parameter "rfuser" =  "rf1"	[MsgId: MMSG-13992]
TE_type:  typed text = rf1<kReturn>	[MsgId: MMSG-17999]
Action1.c(5): Notify: Parameter Substitution: parameter "password" =  "123"	[MsgId: MMSG-13992]
TE_type:  typed text = 123<kReturn>	[MsgId: MMSG-17999]
Action1.c(4): Notify: Parameter Substitution: parameter "rfuser" =  "rf1"	[MsgId: MMSG-13992]
TE_type:  typed text = rf1<kReturn>	[MsgId: MMSG-17999]
Ending action Action1.	[MsgId: MMSG-15918]
Starting action Action2.	[MsgId: MMSG-15919]
TE_type:  typed text = 0	[MsgId: MMSG-17999]
Action2.c(5): lr_think_time: 6.83 seconds (recorded think time was 5.00 seconds).	[MsgId: MMSG-15947]
Action1.c(5): Notify: Parameter Substitution: parameter "password" =  "123"	[MsgId: MMSG-13992]
TE_type:  typed text = 123<kReturn>	[MsgId: MMSG-17999]
Ending action Action1.	[MsgId: MMSG-15918]
Starting action Action2.	[MsgId: MMSG-15919]
TE_type:  typed text = 0	[MsgId: MMSG-17999]
Action2.c(5): lr_think_time: 3.92 seconds (recorded think time was 5.00 seconds).	[MsgId: MMSG-15947]
TE_type:  typed text = 1	[MsgId: MMSG-17999]
Action2.c(8): lr_think_time: 3.73 seconds (recorded think time was 5.00 seconds).	[MsgId: MMSG-15947]
Starting iteration 1.	[MsgId: MMSG-15968]
Starting iteration 1.	[MsgId: MMSG-15968]
Starting action Action1.	[MsgId: MMSG-15919]
Starting action Action1.	[MsgId: MMSG-15919]
Action1.c(3): lr_think_time: 7.10 seconds (recorded think time was 5.00 seconds).	[MsgId: MMSG-15947]
Action1.c(3): lr_think_time: 5.16 seconds (recorded think time was 5.00 seconds).	[MsgId: MMSG-15947]
TE_type:  typed text = 1	[MsgId: MMSG-17999]
Action2.c(8): lr_think_time: 5.44 seconds (recorded think time was 5.00 seconds).	[MsgId: MMSG-15947]
TE_type:  typed text = 0000000006	[MsgId: MMSG-17999]
TE_type:  typed text = <kReturn>	[MsgId: MMSG-17999]
TE_type:  typed text = <kReturn>	[MsgId: MMSG-17999]
Action2.c(16): lr_think_time: 3.45 seconds (recorded think time was 5.00 seconds).	[MsgId: MMSG-15947]
Action1.c(4): Notify: Parameter Substitution: parameter "rfuser" =  "rf1"	[MsgId: MMSG-13992]
TE_type:  typed text = rf1<kReturn>	[MsgId: MMSG-17999]
Action1.c(5): Notify: Parameter Substitution: parameter "password" =  "123"	[MsgId: MMSG-13992]
TE_type:  typed text = 123<kReturn>	[MsgId: MMSG-17999]
Ending action Action1.	[MsgId: MMSG-15918]
Starting action Action2.	[MsgId: MMSG-15919]
TE_type:  typed text = 0	[MsgId: MMSG-17999]
Action2.c(5): lr_think_time: 6.71 seconds (recorded think time was 5.00 seconds).	[MsgId: MMSG-15947]
TE_type:  typed text = 0000000006	[MsgId: MMSG-17999]
TE_type:  typed text = <kReturn>	[MsgId: MMSG-17999]
TE_wait_text:  pattern =  F1-跳过	[MsgId: MMSG-17999]
Action1.c(4): Notify: Parameter Substitution: parameter "rfuser" =  "rf1"	[MsgId: MMSG-13992]
TE_type:  typed text = rf1<kReturn>	[MsgId: MMSG-17999]
Function TE_wait_text returned OK.	[MsgId: MMSG-17999]
Action2.c(20): Notify: Transaction "pick" started.	[MsgId: MMSG-16999]
TE_type:  typed text = SH00087380	[MsgId: MMSG-17999]
Action1.c(5): Notify: Parameter Substitution: parameter "password" =  "123"	[MsgId: MMSG-13992]
TE_type:  typed text = 123<kReturn>	[MsgId: MMSG-17999]
TE_type:  typed text = <kReturn>	[MsgId: MMSG-17999]
TE_type:  typed text = <kReturn>	[MsgId: MMSG-17999]
Action2.c(16): lr_think_time: 5.02 seconds (recorded think time was 5.00 seconds).	[MsgId: MMSG-15947]
Ending action Action1.	[MsgId: MMSG-15918]
Starting action Action2.	[MsgId: MMSG-15919]
TE_type:  typed text = 0	[MsgId: MMSG-17999]
Action2.c(5): lr_think_time: 5.71 seconds (recorded think time was 5.00 seconds).	[MsgId: MMSG-15947]
Action2.c(23): lr_think_time: 7.16 seconds (recorded think time was 5.00 seconds).	[MsgId: MMSG-15947]
Starting iteration 1.	[MsgId: MMSG-15968]
Starting iteration 1.	[MsgId: MMSG-15968]
Starting action Action1.	[MsgId: MMSG-15919]
Starting action Action1.	[MsgId: MMSG-15919]
Action1.c(3): lr_think_time: 6.27 seconds (recorded think time was 5.00 seconds).	[MsgId: MMSG-15947]
Action1.c(3): lr_think_time: 3.38 seconds (recorded think time was 5.00 seconds).	[MsgId: MMSG-15947]
TE_type:  typed text = 1	[MsgId: MMSG-17999]
Action2.c(8): lr_think_time: 7.09 seconds (recorded think time was 5.00 seconds).	[MsgId: MMSG-15947]
TE_type:  typed text = <kReturn>	[MsgId: MMSG-17999]
TE_wait_text:  pattern =  F1-跳过	[MsgId: MMSG-17999]
Function TE_wait_text returned OK.	[MsgId: MMSG-17999]
Action2.c(20): Notify: Transaction "pick" started.	[MsgId: MMSG-16999]
TE_type:  typed text = SH00087380	[MsgId: MMSG-17999]
Action1.c(4): Notify: Parameter Substitution: parameter "rfuser" =  "rf1"	[MsgId: MMSG-13992]
TE_type:  typed text = rf1<kReturn>	[MsgId: MMSG-17999]
TE_type:  typed text = 1	[MsgId: MMSG-17999]
Action2.c(8): lr_think_time: 2.93 seconds (recorded think time was 5.00 seconds).	[MsgId: MMSG-15947]
Action1.c(5): Notify: Parameter Substitution: parameter "password" =  "123"	[MsgId: MMSG-13992]
TE_type:  typed text = 123<kReturn>	[MsgId: MMSG-17999]
Action2.c(23): lr_think_time: 4.06 seconds (recorded think time was 5.00 seconds).	[MsgId: MMSG-15947]
Ending action Action1.	[MsgId: MMSG-15918]
Starting action Action2.	[MsgId: MMSG-15919]
TE_type:  typed text = 0	[MsgId: MMSG-17999]
Action2.c(5): lr_think_time: 2.52 seconds (recorded think time was 5.00 seconds).	[MsgId: MMSG-15947]
TE_type:  typed text = <kReturn>	[MsgId: MMSG-17999]
TE_type:  typed text = ]C19186110001929500190 11161003930000117	[MsgId: MMSG-17999]
Action1.c(4): Notify: Parameter Substitution: parameter "rfuser" =  "rf1"	[MsgId: MMSG-13992]
TE_type:  typed text = rf1<kReturn>	[MsgId: MMSG-17999]
TE_type:  typed text = 0000000006	[MsgId: MMSG-17999]
TE_type:  typed text = 1	[MsgId: MMSG-17999]
Action2.c(8): lr_think_time: 4.10 seconds (recorded think time was 5.00 seconds).	[MsgId: MMSG-15947]
Action1.c(5): Notify: Parameter Substitution: parameter "password" =  "123"	[MsgId: MMSG-13992]
TE_type:  typed text = 123<kReturn>	[MsgId: MMSG-17999]
Ending action Action1.	[MsgId: MMSG-15918]
Starting action Action2.	[MsgId: MMSG-15919]
TE_type:  typed text = 0	[MsgId: MMSG-17999]
Action2.c(5): lr_think_time: 3.64 seconds (recorded think time was 5.00 seconds).	[MsgId: MMSG-15947]
TE_type:  typed text = <kReturn>	[MsgId: MMSG-17999]
TE_type:  typed text = <kReturn>	[MsgId: MMSG-17999]
Action2.c(16): lr_think_time: 6.93 seconds (recorded think time was 5.00 seconds).	[MsgId: MMSG-15947]
TE_type:  typed text = <kReturn>	[MsgId: MMSG-17999]
TE_type:  typed text = ]C19186110001929500190 11161003930000117	[MsgId: MMSG-17999]
Action2.c(28): lr_think_time: 3.97 seconds (recorded think time was 5.00 seconds).	[MsgId: MMSG-15947]
TE_type:  typed text = 0000000006	[MsgId: MMSG-17999]
Starting iteration 1.	[MsgId: MMSG-15968]
Starting iteration 1.	[MsgId: MMSG-15968]
Starting action Action1.	[MsgId: MMSG-15919]
Starting action Action1.	[MsgId: MMSG-15919]
Action1.c(3): lr_think_time: 2.66 seconds (recorded think time was 5.00 seconds).	[MsgId: MMSG-15947]
Action1.c(3): lr_think_time: 7.01 seconds (recorded think time was 5.00 seconds).	[MsgId: MMSG-15947]
TE_type:  typed text = <kReturn>	[MsgId: MMSG-17999]
TE_type:  typed text = <kReturn>	[MsgId: MMSG-17999]
Action2.c(16): lr_think_time: 2.96 seconds (recorded think time was 5.00 seconds).	[MsgId: MMSG-15947]
TE_type:  typed text = 1	[MsgId: MMSG-17999]
Action2.c(8): lr_think_time: 6.87 seconds (recorded think time was 5.00 seconds).	[MsgId: MMSG-15947]
TE_type:  typed text = 0000000006	[MsgId: MMSG-17999]
TE_type:  typed text = <kReturn>	[MsgId: MMSG-17999]
TE_type:  typed text = <kReturn>	[MsgId: MMSG-17999]
Action2.c(16): lr_think_time: 4.97 seconds (recorded think time was 5.00 seconds).	[MsgId: MMSG-15947]
Action2.c(28): lr_think_time: 4.00 seconds (recorded think time was 5.00 seconds).	[MsgId: MMSG-15947]
Action1.c(4): Notify: Parameter Substitution: parameter "rfuser" =  "rf1"	[MsgId: MMSG-13992]
TE_type:  typed text = rf1<kReturn>	[MsgId: MMSG-17999]
Action1.c(5): Notify: Parameter Substitution: parameter "password" =  "123"	[MsgId: MMSG-13992]
TE_type:  typed text = 123<kReturn>	[MsgId: MMSG-17999]
TE_type:  typed text = <kReturn>	[MsgId: MMSG-17999]
TE_wait_text:  pattern = F4-批号选择	[MsgId: MMSG-17999]
Ending action Action1.	[MsgId: MMSG-15918]
Starting action Action2.	[MsgId: MMSG-15919]
TE_type:  typed text = 0	[MsgId: MMSG-17999]
Action2.c(5): lr_think_time: 3.30 seconds (recorded think time was 5.00 seconds).	[MsgId: MMSG-15947]
TE_type:  typed text = <kReturn>	[MsgId: MMSG-17999]
TE_wait_text:  pattern =  F1-跳过	[MsgId: MMSG-17999]
Function TE_wait_text returned OK.	[MsgId: MMSG-17999]
TE_type:  typed text = <kReturn>	[MsgId: MMSG-17999]
Action2.c(34): lr_think_time: 7.36 seconds (recorded think time was 5.00 seconds).	[MsgId: MMSG-15947]
Function TE_wait_text returned OK.	[MsgId: MMSG-17999]
Action2.c(20): Notify: Transaction "pick" started.	[MsgId: MMSG-16999]
TE_type:  typed text = SH00087380	[MsgId: MMSG-17999]
TE_type:  typed text = <kReturn>	[MsgId: MMSG-17999]
TE_wait_text:  pattern =  F1-跳过	[MsgId: MMSG-17999]
Function TE_wait_text returned OK.	[MsgId: MMSG-17999]
Action2.c(20): Notify: Transaction "pick" started.	[MsgId: MMSG-16999]
TE_type:  typed text = SH00087380	[MsgId: MMSG-17999]
Action2.c(23): lr_think_time: 3.18 seconds (recorded think time was 5.00 seconds).	[MsgId: MMSG-15947]
Action2.c(23): lr_think_time: 4.34 seconds (recorded think time was 5.00 seconds).	[MsgId: MMSG-15947]
TE_type:  typed text = <kReturn>	[MsgId: MMSG-17999]
TE_wait_text:  pattern = F4-批号选择	[MsgId: MMSG-17999]
Function TE_wait_text returned OK.	[MsgId: MMSG-17999]
TE_type:  typed text = <kReturn>	[MsgId: MMSG-17999]
Action2.c(34): lr_think_time: 3.81 seconds (recorded think time was 5.00 seconds).	[MsgId: MMSG-15947]
TE_type:  typed text = <kReturn>	[MsgId: MMSG-17999]
TE_wait_text:  pattern =  F1-跳过	[MsgId: MMSG-17999]
TE_type:  typed text = 1	[MsgId: MMSG-17999]
Action2.c(8): lr_think_time: 7.08 seconds (recorded think time was 5.00 seconds).	[MsgId: MMSG-15947]
Function TE_wait_text returned OK.	[MsgId: MMSG-17999]
Action2.c(20): Notify: Transaction "pick" started.	[MsgId: MMSG-16999]
TE_type:  typed text = SH00087380	[MsgId: MMSG-17999]
Action1.c(4): Notify: Parameter Substitution: parameter "rfuser" =  "rf1"	[MsgId: MMSG-13992]
TE_type:  typed text = rf1<kReturn>	[MsgId: MMSG-17999]
Action1.c(5): Notify: Parameter Substitution: parameter "password" =  "123"	[MsgId: MMSG-13992]
TE_type:  typed text = 123<kReturn>	[MsgId: MMSG-17999]
TE_type:  typed text = 0000000006	[MsgId: MMSG-17999]
Ending action Action1.	[MsgId: MMSG-15918]
Starting action Action2.	[MsgId: MMSG-15919]
TE_type:  typed text = 0	[MsgId: MMSG-17999]
Action2.c(5): lr_think_time: 5.59 seconds (recorded think time was 5.00 seconds).	[MsgId: MMSG-15947]
Action2.c(23): lr_think_time: 5.27 seconds (recorded think time was 5.00 seconds).	[MsgId: MMSG-15947]
TE_type:  typed text = <kReturn>	[MsgId: MMSG-17999]
TE_type:  typed text = ]C19186110001929500190 11161003930000117	[MsgId: MMSG-17999]
TE_type:  typed text = <kReturn>	[MsgId: MMSG-17999]
TE_type:  typed text = <kReturn>	[MsgId: MMSG-17999]
Action2.c(16): lr_think_time: 5.52 seconds (recorded think time was 5.00 seconds).	[MsgId: MMSG-15947]
TE_type:  typed text = <kReturn>	[MsgId: MMSG-17999]
TE_type:  typed text = ]C19186110001929500190 11161003930000117	[MsgId: MMSG-17999]
TE_wait_text:  pattern =     任务	[MsgId: MMSG-17999]
Starting iteration 1.	[MsgId: MMSG-15968]
Starting action Action1.	[MsgId: MMSG-15919]
Starting iteration 1.	[MsgId: MMSG-15968]
Starting action Action1.	[MsgId: MMSG-15919]
Action1.c(3): lr_think_time: 5.54 seconds (recorded think time was 5.00 seconds).	[MsgId: MMSG-15947]
Action1.c(3): lr_think_time: 6.18 seconds (recorded think time was 5.00 seconds).	[MsgId: MMSG-15947]
Function TE_wait_text returned OK.	[MsgId: MMSG-17999]
Action2.c(36): Notify: Transaction "pick" ended with "Pass" status (Duration: 17.1459 Think Time: 16.7074 Wasted Time: 0.2000).	[MsgId: MMSG-16870]
Action2.c(39): lr_think_time: 4.66 seconds (recorded think time was 5.00 seconds).	[MsgId: MMSG-15947]
TE_wait_text:  pattern =     任务	[MsgId: MMSG-17999]
Function TE_wait_text returned OK.	[MsgId: MMSG-17999]
Action2.c(36): Notify: Transaction "pick" ended with "Pass" status (Duration: 23.7598 Think Time: 23.3124 Wasted Time: 0.2000).	[MsgId: MMSG-16870]
Action2.c(39): lr_think_time: 2.52 seconds (recorded think time was 5.00 seconds).	[MsgId: MMSG-15947]
Action2.c(28): lr_think_time: 6.21 seconds (recorded think time was 5.00 seconds).	[MsgId: MMSG-15947]
TE_type:  typed text = <kReturn>	[MsgId: MMSG-17999]
TE_type:  typed text = ]C19186110001929500190 11161003930000117	[MsgId: MMSG-17999]
TE_type:  typed text = 1	[MsgId: MMSG-17999]
Action2.c(8): lr_think_time: 4.71 seconds (recorded think time was 5.00 seconds).	[MsgId: MMSG-15947]
TE_type:  typed text = <kControl-c>	[MsgId: MMSG-17999]
Action2.c(42): lr_think_time: 1.03 seconds (recorded think time was 1.00 seconds).	[MsgId: MMSG-15947]
Action2.c(28): lr_think_time: 6.71 seconds (recorded think time was 5.00 seconds).	[MsgId: MMSG-15947]
TE_type:  typed text = 0000000006	[MsgId: MMSG-17999]
TE_type:  typed text = <kReturn>	[MsgId: MMSG-17999]
TE_wait_text:  pattern =  F1-跳过	[MsgId: MMSG-17999]
Function TE_wait_text returned OK.	[MsgId: MMSG-17999]
Action2.c(20): Notify: Transaction "pick" started.	[MsgId: MMSG-16999]
TE_type:  typed text = SH00087380	[MsgId: MMSG-17999]
TE_type:  typed text = exit<kReturn>	[MsgId: MMSG-17999]
TE_type:  typed text = <kReturn>	[MsgId: MMSG-17999]
TE_type:  typed text = <kReturn>	[MsgId: MMSG-17999]
Action2.c(16): lr_think_time: 6.11 seconds (recorded think time was 5.00 seconds).	[MsgId: MMSG-15947]
TE_type:  typed text = <kControl-c>	[MsgId: MMSG-17999]
Action2.c(42): lr_think_time: 0.65 seconds (recorded think time was 1.00 seconds).	[MsgId: MMSG-15947]
Ending action Action2.	[MsgId: MMSG-15918]
Ending iteration 1.	[MsgId: MMSG-15965]
Starting iteration 2.	[MsgId: MMSG-15968]
Notify: Next row for parameter rfuser = 2 [table  = rfuser].	[MsgId: MMSG-13876]
Notify: Getting new value for parameter 'rfuser': table = 'rfuser.dat' column = '0' row = '2'.	[MsgId: MMSG-13877]
Notify: Next row for parameter password = 2 [table  = password].	[MsgId: MMSG-13876]
Notify: Getting new value for parameter 'password': table = 'rfuser.dat' column = '1' row = '2'.	[MsgId: MMSG-13877]
Starting action Action1.	[MsgId: MMSG-15919]
Action1.c(3): lr_think_time: 3.13 seconds (recorded think time was 5.00 seconds).	[MsgId: MMSG-15947]
Action2.c(23): lr_think_time: 4.37 seconds (recorded think time was 5.00 seconds).	[MsgId: MMSG-15947]
TE_type:  typed text = exit<kReturn>	[MsgId: MMSG-17999]
Action1.c(4): Notify: Parameter Substitution: parameter "rfuser" =  "rf1"	[MsgId: MMSG-13992]
TE_type:  typed text = rf1<kReturn>	[MsgId: MMSG-17999]
Ending action Action2.	[MsgId: MMSG-15918]
Ending iteration 1.	[MsgId: MMSG-15965]
Starting iteration 2.	[MsgId: MMSG-15968]
Notify: Next row for parameter rfuser = 2 [table  = rfuser].	[MsgId: MMSG-13876]
Notify: Getting new value for parameter 'rfuser': table = 'rfuser.dat' column = '0' row = '2'.	[MsgId: MMSG-13877]
Notify: Next row for parameter password = 2 [table  = password].	[MsgId: MMSG-13876]
Notify: Getting new value for parameter 'password': table = 'rfuser.dat' column = '1' row = '2'.	[MsgId: MMSG-13877]
Starting action Action1.	[MsgId: MMSG-15919]
Action1.c(3): lr_think_time: 7.36 seconds (recorded think time was 5.00 seconds).	[MsgId: MMSG-15947]
Action1.c(5): Notify: Parameter Substitution: parameter "password" =  "123"	[MsgId: MMSG-13992]
TE_type:  typed text = 123<kReturn>	[MsgId: MMSG-17999]
Ending action Action1.	[MsgId: MMSG-15918]
Starting action Action2.	[MsgId: MMSG-15919]
TE_type:  typed text = 0	[MsgId: MMSG-17999]
Action2.c(5): lr_think_time: 5.11 seconds (recorded think time was 5.00 seconds).	[MsgId: MMSG-15947]
Action1.c(4): Notify: Parameter Substitution: parameter "rfuser" =  "rf1"	[MsgId: MMSG-13992]
TE_type:  typed text = rf1<kReturn>	[MsgId: MMSG-17999]
Action1.c(5): Notify: Parameter Substitution: parameter "password" =  "123"	[MsgId: MMSG-13992]
TE_type:  typed text = 123<kReturn>	[MsgId: MMSG-17999]
Ending action Action1.	[MsgId: MMSG-15918]
Starting action Action2.	[MsgId: MMSG-15919]
TE_type:  typed text = 0	[MsgId: MMSG-17999]
Action2.c(5): lr_think_time: 5.96 seconds (recorded think time was 5.00 seconds).	[MsgId: MMSG-15947]
Action2.c(28): lr_think_time: 3.23 seconds (recorded think time was 5.00 seconds).	[MsgId: MMSG-15947]
TE_type:  typed text = 0000000006	[MsgId: MMSG-17999]
TE_type:  typed text = <kReturn>	[MsgId: MMSG-17999]
TE_wait_text:  pattern = F4-批号选择	[MsgId: MMSG-17999]
Action1.c(4): Notify: Parameter Substitution: parameter "rfuser" =  "rf2"	[MsgId: MMSG-13992]
TE_type:  typed text = rf2<kReturn>	[MsgId: MMSG-17999]
Action1.c(4): Error: TE_type failed: text = rf2<kReturn>, Session has been terminated	[MsgId: MERR-17999]
Aborting RTE vuser.	[MsgId: MMSG-17999]
Abort was called from an action.	[MsgId: MMSG-10447]
Ending Vuser...	[MsgId: MMSG-15966]
Starting action vuser_end.	[MsgId: MMSG-15919]
Ending action vuser_end.	[MsgId: MMSG-15918]
Vuser Terminated.	[MsgId: MMSG-15963]
Vuser 0 (thread 2884), ended OK."	[MsgId: MMSG-10695]
Function TE_wait_text returned OK.	[MsgId: MMSG-17999]
TE_type:  typed text = <kReturn>	[MsgId: MMSG-17999]
Action2.c(34): lr_think_time: 7.39 seconds (recorded think time was 5.00 seconds).	[MsgId: MMSG-15947]
TE_type:  typed text = <kReturn>	[MsgId: MMSG-17999]
TE_type:  typed text = <kReturn>	[MsgId: MMSG-17999]
Action2.c(16): lr_think_time: 5.12 seconds (recorded think time was 5.00 seconds).	[MsgId: MMSG-15947]
TE_type:  typed text = <kReturn>	[MsgId: MMSG-17999]
TE_type:  typed text = ]C19186110001929500190 11161003930000117	[MsgId: MMSG-17999]
TE_type:  typed text = <kReturn>	[MsgId: MMSG-17999]
TE_wait_text:  pattern = F4-批号选择	[MsgId: MMSG-17999]
TE_type:  typed text = <kReturn>	[MsgId: MMSG-17999]
TE_wait_text:  pattern = F4-批号选择	[MsgId: MMSG-17999]
Function TE_wait_text returned OK.	[MsgId: MMSG-17999]
TE_type:  typed text = <kReturn>	[MsgId: MMSG-17999]
Action2.c(34): lr_think_time: 5.68 seconds (recorded think time was 5.00 seconds).	[MsgId: MMSG-15947]
Function TE_wait_text returned OK.	[MsgId: MMSG-17999]
TE_type:  typed text = <kReturn>	[MsgId: MMSG-17999]
Action2.c(34): lr_think_time: 5.62 seconds (recorded think time was 5.00 seconds).	[MsgId: MMSG-15947]
TE_type:  typed text = <kReturn>	[MsgId: MMSG-17999]
TE_wait_text:  pattern =  F1-跳过	[MsgId: MMSG-17999]
TE_type:  typed text = 1	[MsgId: MMSG-17999]
Action2.c(8): lr_think_time: 2.79 seconds (recorded think time was 5.00 seconds).	[MsgId: MMSG-15947]
Function TE_wait_text returned OK.	[MsgId: MMSG-17999]
Action2.c(20): Notify: Transaction "pick" started.	[MsgId: MMSG-16999]
TE_type:  typed text = SH00087380	[MsgId: MMSG-17999]
Action2.c(23): lr_think_time: 3.59 seconds (recorded think time was 5.00 seconds).	[MsgId: MMSG-15947]
TE_type:  typed text = 1	[MsgId: MMSG-17999]
Action2.c(8): lr_think_time: 6.41 seconds (recorded think time was 5.00 seconds).	[MsgId: MMSG-15947]
Action1.c(4): Notify: Parameter Substitution: parameter "rfuser" =  "rf2"	[MsgId: MMSG-13992]
TE_type:  typed text = rf2<kReturn>	[MsgId: MMSG-17999]
Action1.c(4): Error: TE_type failed: text = rf2<kReturn>, Session has been terminated	[MsgId: MERR-17999]
Aborting RTE vuser.	[MsgId: MMSG-17999]
Abort was called from an action.	[MsgId: MMSG-10447]
Ending Vuser...	[MsgId: MMSG-15966]
Starting action vuser_end.	[MsgId: MMSG-15919]
Ending action vuser_end.	[MsgId: MMSG-15918]
Vuser Terminated.	[MsgId: MMSG-15963]
Vuser 1 (thread 5596), ended OK."	[MsgId: MMSG-10695]
Action2.c(28): lr_think_time: 4.19 seconds (recorded think time was 5.00 seconds).	[MsgId: MMSG-15947]
TE_type:  typed text = <kReturn>	[MsgId: MMSG-17999]
TE_wait_text:  pattern =  F1-跳过	[MsgId: MMSG-17999]
TE_type:  typed text = 0000000006	[MsgId: MMSG-17999]
Function TE_wait_text returned OK.	[MsgId: MMSG-17999]
Action2.c(20): Notify: Transaction "pick" started.	[MsgId: MMSG-16999]
TE_type:  typed text = SH00087380	[MsgId: MMSG-17999]
TE_type:  typed text = <kReturn>	[MsgId: MMSG-17999]
TE_type:  typed text = <kReturn>	[MsgId: MMSG-17999]
Action2.c(16): lr_think_time: 6.96 seconds (recorded think time was 5.00 seconds).	[MsgId: MMSG-15947]
Action2.c(23): lr_think_time: 2.82 seconds (recorded think time was 5.00 seconds).	[MsgId: MMSG-15947]
TE_wait_text:  pattern =     任务	[MsgId: MMSG-17999]
Function TE_wait_text returned OK.	[MsgId: MMSG-17999]
Action2.c(36): Notify: Transaction "pick" ended with "Pass" status (Duration: 22.0453 Think Time: 21.6073 Wasted Time: 0.2000).	[MsgId: MMSG-16870]
Action2.c(39): lr_think_time: 7.07 seconds (recorded think time was 5.00 seconds).	[MsgId: MMSG-15947]
TE_wait_text:  pattern =     任务	[MsgId: MMSG-17999]
TE_type:  typed text = <kReturn>	[MsgId: MMSG-17999]
TE_type:  typed text = ]C19186110001929500190 11161003930000117	[MsgId: MMSG-17999]
Function TE_wait_text returned OK.	[MsgId: MMSG-17999]
Action2.c(36): Notify: Transaction "pick" ended with "Pass" status (Duration: 19.4405 Think Time: 19.0024 Wasted Time: 0.2000).	[MsgId: MMSG-16870]
Action2.c(39): lr_think_time: 5.68 seconds (recorded think time was 5.00 seconds).	[MsgId: MMSG-15947]
TE_wait_text:  pattern =     任务	[MsgId: MMSG-17999]
Function TE_wait_text returned OK.	[MsgId: MMSG-17999]
Action2.c(36): Notify: Transaction "pick" ended with "Pass" status (Duration: 21.9364 Think Time: 21.4986 Wasted Time: 0.2000).	[MsgId: MMSG-16870]
Action2.c(39): lr_think_time: 2.76 seconds (recorded think time was 5.00 seconds).	[MsgId: MMSG-15947]
TE_type:  typed text = <kReturn>	[MsgId: MMSG-17999]
TE_wait_text:  pattern = F4-批号选择	[MsgId: MMSG-17999]
Function TE_wait_text returned OK.	[MsgId: MMSG-17999]
TE_type:  typed text = <kReturn>	[MsgId: MMSG-17999]
Action2.c(34): lr_think_time: 3.49 seconds (recorded think time was 5.00 seconds).	[MsgId: MMSG-15947]
TE_type:  typed text = <kReturn>	[MsgId: MMSG-17999]
TE_type:  typed text = ]C19186110001929500190 11161003930000117	[MsgId: MMSG-17999]
TE_type:  typed text = <kControl-c>	[MsgId: MMSG-17999]
Action2.c(42): lr_think_time: 0.91 seconds (recorded think time was 1.00 seconds).	[MsgId: MMSG-15947]
TE_type:  typed text = 0000000006	[MsgId: MMSG-17999]
TE_type:  typed text = exit<kReturn>	[MsgId: MMSG-17999]
TE_type:  typed text = <kReturn>	[MsgId: MMSG-17999]
TE_type:  typed text = <kReturn>	[MsgId: MMSG-17999]
Action2.c(16): lr_think_time: 5.13 seconds (recorded think time was 5.00 seconds).	[MsgId: MMSG-15947]
Action2.c(28): lr_think_time: 2.77 seconds (recorded think time was 5.00 seconds).	[MsgId: MMSG-15947]
Ending action Action2.	[MsgId: MMSG-15918]
Ending iteration 1.	[MsgId: MMSG-15965]
Starting iteration 2.	[MsgId: MMSG-15968]
Notify: Next row for parameter rfuser = 2 [table  = rfuser].	[MsgId: MMSG-13876]
Notify: Getting new value for parameter 'rfuser': table = 'rfuser.dat' column = '0' row = '2'.	[MsgId: MMSG-13877]
Notify: Next row for parameter password = 2 [table  = password].	[MsgId: MMSG-13876]
Notify: Getting new value for parameter 'password': table = 'rfuser.dat' column = '1' row = '2'.	[MsgId: MMSG-13877]
Starting action Action1.	[MsgId: MMSG-15919]
Action1.c(3): lr_think_time: 4.12 seconds (recorded think time was 5.00 seconds).	[MsgId: MMSG-15947]
TE_wait_text:  pattern =     任务	[MsgId: MMSG-17999]
Function TE_wait_text returned OK.	[MsgId: MMSG-17999]
Action2.c(36): Notify: Transaction "pick" ended with "Pass" status (Duration: 17.3016 Think Time: 16.8792 Wasted Time: 0.2000).	[MsgId: MMSG-16870]
Action2.c(39): lr_think_time: 3.73 seconds (recorded think time was 5.00 seconds).	[MsgId: MMSG-15947]
TE_type:  typed text = <kControl-c>	[MsgId: MMSG-17999]
Action2.c(42): lr_think_time: 0.81 seconds (recorded think time was 1.00 seconds).	[MsgId: MMSG-15947]
Action2.c(28): lr_think_time: 6.11 seconds (recorded think time was 5.00 seconds).	[MsgId: MMSG-15947]
TE_type:  typed text = <kReturn>	[MsgId: MMSG-17999]
TE_wait_text:  pattern =  F1-跳过	[MsgId: MMSG-17999]
Function TE_wait_text returned OK.	[MsgId: MMSG-17999]
Action2.c(20): Notify: Transaction "pick" started.	[MsgId: MMSG-16999]
TE_type:  typed text = SH00087380	[MsgId: MMSG-17999]
TE_type:  typed text = exit<kReturn>	[MsgId: MMSG-17999]
TE_type:  typed text = <kControl-c>	[MsgId: MMSG-17999]
Action2.c(42): lr_think_time: 0.90 seconds (recorded think time was 1.00 seconds).	[MsgId: MMSG-15947]
TE_type:  typed text = <kReturn>	[MsgId: MMSG-17999]
TE_wait_text:  pattern = F4-批号选择	[MsgId: MMSG-17999]
Ending action Action2.	[MsgId: MMSG-15918]
Ending iteration 1.	[MsgId: MMSG-15965]
Starting iteration 2.	[MsgId: MMSG-15968]
Notify: Next row for parameter rfuser = 2 [table  = rfuser].	[MsgId: MMSG-13876]
Notify: Getting new value for parameter 'rfuser': table = 'rfuser.dat' column = '0' row = '2'.	[MsgId: MMSG-13877]
Notify: Next row for parameter password = 2 [table  = password].	[MsgId: MMSG-13876]
Notify: Getting new value for parameter 'password': table = 'rfuser.dat' column = '1' row = '2'.	[MsgId: MMSG-13877]
Starting action Action1.	[MsgId: MMSG-15919]
Action1.c(3): lr_think_time: 3.08 seconds (recorded think time was 5.00 seconds).	[MsgId: MMSG-15947]
Function TE_wait_text returned OK.	[MsgId: MMSG-17999]
TE_type:  typed text = <kReturn>	[MsgId: MMSG-17999]
Action2.c(23): lr_think_time: 4.22 seconds (recorded think time was 5.00 seconds).	[MsgId: MMSG-15947]
Action2.c(34): lr_think_time: 2.76 seconds (recorded think time was 5.00 seconds).	[MsgId: MMSG-15947]
TE_type:  typed text = exit<kReturn>	[MsgId: MMSG-17999]
Ending action Action2.	[MsgId: MMSG-15918]
Ending iteration 1.	[MsgId: MMSG-15965]
Starting iteration 2.	[MsgId: MMSG-15968]
Notify: Next row for parameter rfuser = 2 [table  = rfuser].	[MsgId: MMSG-13876]
Notify: Getting new value for parameter 'rfuser': table = 'rfuser.dat' column = '0' row = '2'.	[MsgId: MMSG-13877]
Notify: Next row for parameter password = 2 [table  = password].	[MsgId: MMSG-13876]
Notify: Getting new value for parameter 'password': table = 'rfuser.dat' column = '1' row = '2'.	[MsgId: MMSG-13877]
Starting action Action1.	[MsgId: MMSG-15919]
Action1.c(3): lr_think_time: 3.94 seconds (recorded think time was 5.00 seconds).	[MsgId: MMSG-15947]
Action1.c(4): Notify: Parameter Substitution: parameter "rfuser" =  "rf2"	[MsgId: MMSG-13992]
TE_type:  typed text = rf2<kReturn>	[MsgId: MMSG-17999]
Action1.c(4): Error: TE_type failed: text = rf2<kReturn>, Session has been terminated	[MsgId: MERR-17999]
Aborting RTE vuser.	[MsgId: MMSG-17999]
Abort was called from an action.	[MsgId: MMSG-10447]
Ending Vuser...	[MsgId: MMSG-15966]
Starting action vuser_end.	[MsgId: MMSG-15919]
Ending action vuser_end.	[MsgId: MMSG-15918]
Vuser Terminated.	[MsgId: MMSG-15963]
Vuser 2 (thread 5672), ended OK."	[MsgId: MMSG-10695]
TE_type:  typed text = <kControl-c>	[MsgId: MMSG-17999]
Action2.c(42): lr_think_time: 1.32 seconds (recorded think time was 1.00 seconds).	[MsgId: MMSG-15947]
TE_type:  typed text = <kReturn>	[MsgId: MMSG-17999]
TE_wait_text:  pattern =  F1-跳过	[MsgId: MMSG-17999]
Function TE_wait_text returned OK.	[MsgId: MMSG-17999]
Action2.c(20): Notify: Transaction "pick" started.	[MsgId: MMSG-16999]
TE_type:  typed text = SH00087380	[MsgId: MMSG-17999]
TE_wait_text:  pattern =     任务	[MsgId: MMSG-17999]
Function TE_wait_text returned OK.	[MsgId: MMSG-17999]
Action2.c(36): Notify: Transaction "pick" ended with "Pass" status (Duration: 14.3851 Think Time: 13.9471 Wasted Time: 0.2000).	[MsgId: MMSG-16870]
Action2.c(39): lr_think_time: 3.67 seconds (recorded think time was 5.00 seconds).	[MsgId: MMSG-15947]
Action1.c(4): Notify: Parameter Substitution: parameter "rfuser" =  "rf2"	[MsgId: MMSG-13992]
TE_type:  typed text = rf2<kReturn>	[MsgId: MMSG-17999]
Action1.c(4): Error: TE_type failed: text = rf2<kReturn>, Session has been terminated	[MsgId: MERR-17999]
Aborting RTE vuser.	[MsgId: MMSG-17999]
Abort was called from an action.	[MsgId: MMSG-10447]
Ending Vuser...	[MsgId: MMSG-15966]
Starting action vuser_end.	[MsgId: MMSG-15919]
Ending action vuser_end.	[MsgId: MMSG-15918]
Vuser Terminated.	[MsgId: MMSG-15963]
Vuser 4 (thread 8096), ended OK."	[MsgId: MMSG-10695]
Action2.c(23): lr_think_time: 4.14 seconds (recorded think time was 5.00 seconds).	[MsgId: MMSG-15947]
TE_type:  typed text = exit<kReturn>	[MsgId: MMSG-17999]
Ending action Action2.	[MsgId: MMSG-15918]
Ending iteration 1.	[MsgId: MMSG-15965]
Starting iteration 2.	[MsgId: MMSG-15968]
Notify: Next row for parameter rfuser = 2 [table  = rfuser].	[MsgId: MMSG-13876]
Notify: Getting new value for parameter 'rfuser': table = 'rfuser.dat' column = '0' row = '2'.	[MsgId: MMSG-13877]
Notify: Next row for parameter password = 2 [table  = password].	[MsgId: MMSG-13876]
Notify: Getting new value for parameter 'password': table = 'rfuser.dat' column = '1' row = '2'.	[MsgId: MMSG-13877]
Starting action Action1.	[MsgId: MMSG-15919]
Action1.c(3): lr_think_time: 3.05 seconds (recorded think time was 5.00 seconds).	[MsgId: MMSG-15947]
TE_type:  typed text = <kReturn>	[MsgId: MMSG-17999]
TE_type:  typed text = ]C19186110001929500190 11161003930000117	[MsgId: MMSG-17999]
TE_type:  typed text = <kReturn>	[MsgId: MMSG-17999]
TE_wait_text:  pattern = F4-批号选择	[MsgId: MMSG-17999]
Action1.c(4): Notify: Parameter Substitution: parameter "rfuser" =  "rf2"	[MsgId: MMSG-13992]
TE_type:  typed text = rf2<kReturn>	[MsgId: MMSG-17999]
Action1.c(4): Error: TE_type failed: text = rf2<kReturn>, Session has been terminated	[MsgId: MERR-17999]
Aborting RTE vuser.	[MsgId: MMSG-17999]
Abort was called from an action.	[MsgId: MMSG-10447]
Ending Vuser...	[MsgId: MMSG-15966]
Starting action vuser_end.	[MsgId: MMSG-15919]
Ending action vuser_end.	[MsgId: MMSG-15918]
Vuser Terminated.	[MsgId: MMSG-15963]
Vuser 3 (thread 5112), ended OK."	[MsgId: MMSG-10695]
Function TE_wait_text returned OK.	[MsgId: MMSG-17999]
TE_type:  typed text = <kReturn>	[MsgId: MMSG-17999]
Action2.c(34): lr_think_time: 6.99 seconds (recorded think time was 5.00 seconds).	[MsgId: MMSG-15947]
TE_type:  typed text = <kControl-c>	[MsgId: MMSG-17999]
Action2.c(42): lr_think_time: 0.61 seconds (recorded think time was 1.00 seconds).	[MsgId: MMSG-15947]
Action1.c(4): Notify: Parameter Substitution: parameter "rfuser" =  "rf2"	[MsgId: MMSG-13992]
TE_type:  typed text = rf2<kReturn>	[MsgId: MMSG-17999]
Action1.c(4): Error: TE_type failed: text = rf2<kReturn>, Session has been terminated	[MsgId: MERR-17999]
Aborting RTE vuser.	[MsgId: MMSG-17999]
Abort was called from an action.	[MsgId: MMSG-10447]
Ending Vuser...	[MsgId: MMSG-15966]
Starting action vuser_end.	[MsgId: MMSG-15919]
Ending action vuser_end.	[MsgId: MMSG-15918]
Vuser Terminated.	[MsgId: MMSG-15963]
Vuser 5 (thread 7096), ended OK."	[MsgId: MMSG-10695]
TE_type:  typed text = exit<kReturn>	[MsgId: MMSG-17999]
TE_type:  typed text = <kReturn>	[MsgId: MMSG-17999]
TE_type:  typed text = ]C19186110001929500190 11161003930000117	[MsgId: MMSG-17999]
Ending action Action2.	[MsgId: MMSG-15918]
Ending iteration 1.	[MsgId: MMSG-15965]
Starting iteration 2.	[MsgId: MMSG-15968]
Notify: Next row for parameter rfuser = 2 [table  = rfuser].	[MsgId: MMSG-13876]
Notify: Getting new value for parameter 'rfuser': table = 'rfuser.dat' column = '0' row = '2'.	[MsgId: MMSG-13877]
Notify: Next row for parameter password = 2 [table  = password].	[MsgId: MMSG-13876]
Notify: Getting new value for parameter 'password': table = 'rfuser.dat' column = '1' row = '2'.	[MsgId: MMSG-13877]
Starting action Action1.	[MsgId: MMSG-15919]
Action1.c(3): lr_think_time: 4.79 seconds (recorded think time was 5.00 seconds).	[MsgId: MMSG-15947]
Action2.c(28): lr_think_time: 5.99 seconds (recorded think time was 5.00 seconds).	[MsgId: MMSG-15947]
Action2.c(28): lr_think_time: 4.81 seconds (recorded think time was 5.00 seconds).	[MsgId: MMSG-15947]
TE_wait_text:  pattern =     任务	[MsgId: MMSG-17999]
Function TE_wait_text returned OK.	[MsgId: MMSG-17999]
Action2.c(36): Notify: Transaction "pick" ended with "Pass" status (Duration: 21.1867 Think Time: 20.7489 Wasted Time: 0.2000).	[MsgId: MMSG-16870]
Action2.c(39): lr_think_time: 4.57 seconds (recorded think time was 5.00 seconds).	[MsgId: MMSG-15947]
Action1.c(4): Notify: Parameter Substitution: parameter "rfuser" =  "rf2"	[MsgId: MMSG-13992]
TE_type:  typed text = rf2<kReturn>	[MsgId: MMSG-17999]
Action1.c(4): Error: TE_type failed: text = rf2<kReturn>, Session has been terminated	[MsgId: MERR-17999]
Aborting RTE vuser.	[MsgId: MMSG-17999]
Abort was called from an action.	[MsgId: MMSG-10447]
Ending Vuser...	[MsgId: MMSG-15966]
Starting action vuser_end.	[MsgId: MMSG-15919]
Ending action vuser_end.	[MsgId: MMSG-15918]
Vuser Terminated.	[MsgId: MMSG-15963]
Vuser 7 (thread 8028), ended OK."	[MsgId: MMSG-10695]
TE_type:  typed text = <kReturn>	[MsgId: MMSG-17999]
TE_wait_text:  pattern = F4-批号选择	[MsgId: MMSG-17999]
Function TE_wait_text returned OK.	[MsgId: MMSG-17999]
TE_type:  typed text = <kReturn>	[MsgId: MMSG-17999]
Action2.c(34): lr_think_time: 7.16 seconds (recorded think time was 5.00 seconds).	[MsgId: MMSG-15947]
TE_type:  typed text = <kReturn>	[MsgId: MMSG-17999]
TE_wait_text:  pattern = F4-批号选择	[MsgId: MMSG-17999]
Function TE_wait_text returned OK.	[MsgId: MMSG-17999]
TE_type:  typed text = <kReturn>	[MsgId: MMSG-17999]
Action2.c(34): lr_think_time: 5.23 seconds (recorded think time was 5.00 seconds).	[MsgId: MMSG-15947]
TE_type:  typed text = <kControl-c>	[MsgId: MMSG-17999]
Action2.c(42): lr_think_time: 1.43 seconds (recorded think time was 1.00 seconds).	[MsgId: MMSG-15947]
TE_type:  typed text = exit<kReturn>	[MsgId: MMSG-17999]
Ending action Action2.	[MsgId: MMSG-15918]
Ending iteration 1.	[MsgId: MMSG-15965]
Starting iteration 2.	[MsgId: MMSG-15968]
Notify: Next row for parameter rfuser = 2 [table  = rfuser].	[MsgId: MMSG-13876]
Notify: Getting new value for parameter 'rfuser': table = 'rfuser.dat' column = '0' row = '2'.	[MsgId: MMSG-13877]
Notify: Next row for parameter password = 2 [table  = password].	[MsgId: MMSG-13876]
Notify: Getting new value for parameter 'password': table = 'rfuser.dat' column = '1' row = '2'.	[MsgId: MMSG-13877]
Starting action Action1.	[MsgId: MMSG-15919]
Action1.c(3): lr_think_time: 5.50 seconds (recorded think time was 5.00 seconds).	[MsgId: MMSG-15947]
TE_wait_text:  pattern =     任务	[MsgId: MMSG-17999]
TE_wait_text:  pattern =     任务	[MsgId: MMSG-17999]
Function TE_wait_text returned OK.	[MsgId: MMSG-17999]
Action2.c(36): Notify: Transaction "pick" ended with "Pass" status (Duration: 22.6396 Think Time: 22.1997 Wasted Time: 0.2000).	[MsgId: MMSG-16870]
Action2.c(39): lr_think_time: 7.42 seconds (recorded think time was 5.00 seconds).	[MsgId: MMSG-15947]
Function TE_wait_text returned OK.	[MsgId: MMSG-17999]
Action2.c(36): Notify: Transaction "pick" ended with "Pass" status (Duration: 19.4415 Think Time: 19.0193 Wasted Time: 0.2000).	[MsgId: MMSG-16870]
Action2.c(39): lr_think_time: 7.14 seconds (recorded think time was 5.00 seconds).	[MsgId: MMSG-15947]
Action1.c(4): Notify: Parameter Substitution: parameter "rfuser" =  "rf2"	[MsgId: MMSG-13992]
TE_type:  typed text = rf2<kReturn>	[MsgId: MMSG-17999]
Action1.c(4): Error: TE_type failed: text = rf2<kReturn>, Session has been terminated	[MsgId: MERR-17999]
Aborting RTE vuser.	[MsgId: MMSG-17999]
Abort was called from an action.	[MsgId: MMSG-10447]
Ending Vuser...	[MsgId: MMSG-15966]
Starting action vuser_end.	[MsgId: MMSG-15919]
Ending action vuser_end.	[MsgId: MMSG-15918]
Vuser Terminated.	[MsgId: MMSG-15963]
Vuser 6 (thread 5576), ended OK."	[MsgId: MMSG-10695]
TE_type:  typed text = <kControl-c>	[MsgId: MMSG-17999]
Action2.c(42): lr_think_time: 1.42 seconds (recorded think time was 1.00 seconds).	[MsgId: MMSG-15947]
TE_type:  typed text = <kControl-c>	[MsgId: MMSG-17999]
Action2.c(42): lr_think_time: 1.35 seconds (recorded think time was 1.00 seconds).	[MsgId: MMSG-15947]
TE_type:  typed text = exit<kReturn>	[MsgId: MMSG-17999]
TE_type:  typed text = exit<kReturn>	[MsgId: MMSG-17999]
Ending action Action2.	[MsgId: MMSG-15918]
Ending iteration 1.	[MsgId: MMSG-15965]
Starting iteration 2.	[MsgId: MMSG-15968]
Notify: Next row for parameter rfuser = 2 [table  = rfuser].	[MsgId: MMSG-13876]
Notify: Getting new value for parameter 'rfuser': table = 'rfuser.dat' column = '0' row = '2'.	[MsgId: MMSG-13877]
Notify: Next row for parameter password = 2 [table  = password].	[MsgId: MMSG-13876]
Notify: Getting new value for parameter 'password': table = 'rfuser.dat' column = '1' row = '2'.	[MsgId: MMSG-13877]
Starting action Action1.	[MsgId: MMSG-15919]
Action1.c(3): lr_think_time: 5.36 seconds (recorded think time was 5.00 seconds).	[MsgId: MMSG-15947]
Ending action Action2.	[MsgId: MMSG-15918]
Ending iteration 1.	[MsgId: MMSG-15965]
Starting iteration 2.	[MsgId: MMSG-15968]
Notify: Next row for parameter rfuser = 2 [table  = rfuser].	[MsgId: MMSG-13876]
Notify: Getting new value for parameter 'rfuser': table = 'rfuser.dat' column = '0' row = '2'.	[MsgId: MMSG-13877]
Notify: Next row for parameter password = 2 [table  = password].	[MsgId: MMSG-13876]
Notify: Getting new value for parameter 'password': table = 'rfuser.dat' column = '1' row = '2'.	[MsgId: MMSG-13877]
Starting action Action1.	[MsgId: MMSG-15919]
Action1.c(3): lr_think_time: 3.39 seconds (recorded think time was 5.00 seconds).	[MsgId: MMSG-15947]
Action1.c(4): Notify: Parameter Substitution: parameter "rfuser" =  "rf2"	[MsgId: MMSG-13992]
TE_type:  typed text = rf2<kReturn>	[MsgId: MMSG-17999]
Action1.c(4): Error: TE_type failed: text = rf2<kReturn>, Session has been terminated	[MsgId: MERR-17999]
Aborting RTE vuser.	[MsgId: MMSG-17999]
Abort was called from an action.	[MsgId: MMSG-10447]
Ending Vuser...	[MsgId: MMSG-15966]
Starting action vuser_end.	[MsgId: MMSG-15919]
Ending action vuser_end.	[MsgId: MMSG-15918]
Vuser Terminated.	[MsgId: MMSG-15963]
Vuser 9 (thread 4656), ended OK."	[MsgId: MMSG-10695]
Action1.c(4): Notify: Parameter Substitution: parameter "rfuser" =  "rf2"	[MsgId: MMSG-13992]
TE_type:  typed text = rf2<kReturn>	[MsgId: MMSG-17999]
Action1.c(4): Error: TE_type failed: text = rf2<kReturn>, Session has been terminated	[MsgId: MERR-17999]
Aborting RTE vuser.	[MsgId: MMSG-17999]
Abort was called from an action.	[MsgId: MMSG-10447]
Ending Vuser...	[MsgId: MMSG-15966]
Starting action vuser_end.	[MsgId: MMSG-15919]
Ending action vuser_end.	[MsgId: MMSG-15918]
Vuser Terminated.	[MsgId: MMSG-15963]
Vuser 8 (thread 8032), ended OK."	[MsgId: MMSG-10695]
