62611
Virtual User Script started at : 2017-04-11 16:14:18	[MsgId: MMSG-15967]
Starting action vuser_init.	[MsgId: MMSG-15919]
62616
Virtual User Script started at : 2017-04-11 16:14:19	[MsgId: MMSG-15967]
Starting action vuser_init.	[MsgId: MMSG-15919]
62621
Virtual User Script started at : 2017-04-11 16:14:19	[MsgId: MMSG-15967]
Starting action vuser_init.	[MsgId: MMSG-15919]
Connect succeeded on try 1: comm-type = telnet;host-name = 172.31.73.40;terminal-id = ;set-window-size = true;security-type = unsecured;terminal-type = vt420-8;terminal-model = vt420;login-command-file = ;terminal-setup-file = ;.	[MsgId: MMSG-17999]
Function TE_connect returned OK.	[MsgId: MMSG-17999]
TE_type:  typed text = yumrf<kReturn>	[MsgId: MMSG-17999]
62626
Virtual User Script started at : 2017-04-11 16:14:19	[MsgId: MMSG-15967]
Connect succeeded on try 1: comm-type = telnet;host-name = 172.31.73.40;terminal-id = ;set-window-size = true;security-type = unsecured;terminal-type = vt420-8;terminal-model = vt420;login-command-file = ;terminal-setup-file = ;.	[MsgId: MMSG-17999]
Function TE_connect returned OK.	[MsgId: MMSG-17999]
TE_type:  typed text = yumrf<kReturn>	[MsgId: MMSG-17999]
Starting action vuser_init.	[MsgId: MMSG-15919]
62632
Virtual User Script started at : 2017-04-11 16:14:19	[MsgId: MMSG-15967]
Starting action vuser_init.	[MsgId: MMSG-15919]
Connect succeeded on try 1: comm-type = telnet;host-name = 172.31.73.40;terminal-id = ;set-window-size = true;security-type = unsecured;terminal-type = vt420-8;terminal-model = vt420;login-command-file = ;terminal-setup-file = ;.	[MsgId: MMSG-17999]
Function TE_connect returned OK.	[MsgId: MMSG-17999]
TE_type:  typed text = yumrf<kReturn>	[MsgId: MMSG-17999]
62637
Virtual User Script started at : 2017-04-11 16:14:19	[MsgId: MMSG-15967]
Starting action vuser_init.	[MsgId: MMSG-15919]
Connect succeeded on try 1: comm-type = telnet;host-name = 172.31.73.40;terminal-id = ;set-window-size = true;security-type = unsecured;terminal-type = vt420-8;terminal-model = vt420;login-command-file = ;terminal-setup-file = ;.	[MsgId: MMSG-17999]
Function TE_connect returned OK.	[MsgId: MMSG-17999]
TE_type:  typed text = yumrf<kReturn>	[MsgId: MMSG-17999]
62643
Virtual User Script started at : 2017-04-11 16:14:19	[MsgId: MMSG-15967]
Starting action vuser_init.	[MsgId: MMSG-15919]
Connect succeeded on try 1: comm-type = telnet;host-name = 172.31.73.40;terminal-id = ;set-window-size = true;security-type = unsecured;terminal-type = vt420-8;terminal-model = vt420;login-command-file = ;terminal-setup-file = ;.	[MsgId: MMSG-17999]
Function TE_connect returned OK.	[MsgId: MMSG-17999]
TE_type:  typed text = yumrf<kReturn>	[MsgId: MMSG-17999]
62648
Virtual User Script started at : 2017-04-11 16:14:19	[MsgId: MMSG-15967]
Starting action vuser_init.	[MsgId: MMSG-15919]
Connect succeeded on try 1: comm-type = telnet;host-name = 172.31.73.40;terminal-id = ;set-window-size = true;security-type = unsecured;terminal-type = vt420-8;terminal-model = vt420;login-command-file = ;terminal-setup-file = ;.	[MsgId: MMSG-17999]
Function TE_connect returned OK.	[MsgId: MMSG-17999]
TE_type:  typed text = yumrf<kReturn>	[MsgId: MMSG-17999]
62651
Virtual User Script started at : 2017-04-11 16:14:19	[MsgId: MMSG-15967]
Starting action vuser_init.	[MsgId: MMSG-15919]
Connect succeeded on try 1: comm-type = telnet;host-name = 172.31.73.40;terminal-id = ;set-window-size = true;security-type = unsecured;terminal-type = vt420-8;terminal-model = vt420;login-command-file = ;terminal-setup-file = ;.	[MsgId: MMSG-17999]
Function TE_connect returned OK.	[MsgId: MMSG-17999]
TE_type:  typed text = yumrf<kReturn>	[MsgId: MMSG-17999]
62654
Virtual User Script started at : 2017-04-11 16:14:19	[MsgId: MMSG-15967]
Starting action vuser_init.	[MsgId: MMSG-15919]
Connect succeeded on try 1: comm-type = telnet;host-name = 172.31.73.40;terminal-id = ;set-window-size = true;security-type = unsecured;terminal-type = vt420-8;terminal-model = vt420;login-command-file = ;terminal-setup-file = ;.	[MsgId: MMSG-17999]
Function TE_connect returned OK.	[MsgId: MMSG-17999]
TE_type:  typed text = yumrf<kReturn>	[MsgId: MMSG-17999]
62657
Virtual User Script started at : 2017-04-11 16:14:19	[MsgId: MMSG-15967]
Starting action vuser_init.	[MsgId: MMSG-15919]
Connect succeeded on try 1: comm-type = telnet;host-name = 172.31.73.40;terminal-id = ;set-window-size = true;security-type = unsecured;terminal-type = vt420-8;terminal-model = vt420;login-command-file = ;terminal-setup-file = ;.	[MsgId: MMSG-17999]
Function TE_connect returned OK.	[MsgId: MMSG-17999]
TE_type:  typed text = yumrf<kReturn>	[MsgId: MMSG-17999]
62660
Virtual User Script started at : 2017-04-11 16:14:19	[MsgId: MMSG-15967]
Starting action vuser_init.	[MsgId: MMSG-15919]
Connect succeeded on try 1: comm-type = telnet;host-name = 172.31.73.40;terminal-id = ;set-window-size = true;security-type = unsecured;terminal-type = vt420-8;terminal-model = vt420;login-command-file = ;terminal-setup-file = ;.	[MsgId: MMSG-17999]
Function TE_connect returned OK.	[MsgId: MMSG-17999]
TE_type:  typed text = yumrf<kReturn>	[MsgId: MMSG-17999]
62663
Virtual User Script started at : 2017-04-11 16:14:19	[MsgId: MMSG-15967]
Starting action vuser_init.	[MsgId: MMSG-15919]
Connect succeeded on try 1: comm-type = telnet;host-name = 172.31.73.40;terminal-id = ;set-window-size = true;security-type = unsecured;terminal-type = vt420-8;terminal-model = vt420;login-command-file = ;terminal-setup-file = ;.	[MsgId: MMSG-17999]
Function TE_connect returned OK.	[MsgId: MMSG-17999]
TE_type:  typed text = yumrf<kReturn>	[MsgId: MMSG-17999]
62666
Virtual User Script started at : 2017-04-11 16:14:19	[MsgId: MMSG-15967]
Starting action vuser_init.	[MsgId: MMSG-15919]
Connect succeeded on try 1: comm-type = telnet;host-name = 172.31.73.40;terminal-id = ;set-window-size = true;security-type = unsecured;terminal-type = vt420-8;terminal-model = vt420;login-command-file = ;terminal-setup-file = ;.	[MsgId: MMSG-17999]
Function TE_connect returned OK.	[MsgId: MMSG-17999]
TE_type:  typed text = yumrf<kReturn>	[MsgId: MMSG-17999]
62669
Virtual User Script started at : 2017-04-11 16:14:19	[MsgId: MMSG-15967]
Starting action vuser_init.	[MsgId: MMSG-15919]
Connect succeeded on try 1: comm-type = telnet;host-name = 172.31.73.40;terminal-id = ;set-window-size = true;security-type = unsecured;terminal-type = vt420-8;terminal-model = vt420;login-command-file = ;terminal-setup-file = ;.	[MsgId: MMSG-17999]
Function TE_connect returned OK.	[MsgId: MMSG-17999]
TE_type:  typed text = yumrf<kReturn>	[MsgId: MMSG-17999]
62672
Virtual User Script started at : 2017-04-11 16:14:19	[MsgId: MMSG-15967]
Starting action vuser_init.	[MsgId: MMSG-15919]
Connect succeeded on try 1: comm-type = telnet;host-name = 172.31.73.40;terminal-id = ;set-window-size = true;security-type = unsecured;terminal-type = vt420-8;terminal-model = vt420;login-command-file = ;terminal-setup-file = ;.	[MsgId: MMSG-17999]
Function TE_connect returned OK.	[MsgId: MMSG-17999]
TE_type:  typed text = yumrf<kReturn>	[MsgId: MMSG-17999]
Connect succeeded on try 1: comm-type = telnet;host-name = 172.31.73.40;terminal-id = ;set-window-size = true;security-type = unsecured;terminal-type = vt420-8;terminal-model = vt420;login-command-file = ;terminal-setup-file = ;.	[MsgId: MMSG-17999]
Function TE_connect returned OK.	[MsgId: MMSG-17999]
TE_type:  typed text = yumrf<kReturn>	[MsgId: MMSG-17999]
TE_type:  typed text = Yum1234!<kReturn>	[MsgId: MMSG-17999]
62675
Virtual User Script started at : 2017-04-11 16:14:19	[MsgId: MMSG-15967]
Starting action vuser_init.	[MsgId: MMSG-15919]
62678
Virtual User Script started at : 2017-04-11 16:14:19	[MsgId: MMSG-15967]
Connect succeeded on try 1: comm-type = telnet;host-name = 172.31.73.40;terminal-id = ;set-window-size = true;security-type = unsecured;terminal-type = vt420-8;terminal-model = vt420;login-command-file = ;terminal-setup-file = ;.	[MsgId: MMSG-17999]
Function TE_connect returned OK.	[MsgId: MMSG-17999]
TE_type:  typed text = yumrf<kReturn>	[MsgId: MMSG-17999]
Starting action vuser_init.	[MsgId: MMSG-15919]
TE_type:  typed text = Yum1234!<kReturn>	[MsgId: MMSG-17999]
62681
Virtual User Script started at : 2017-04-11 16:14:19	[MsgId: MMSG-15967]
Starting action vuser_init.	[MsgId: MMSG-15919]
TE_type:  typed text = Yum1234!<kReturn>	[MsgId: MMSG-17999]
Connect succeeded on try 1: comm-type = telnet;host-name = 172.31.73.40;terminal-id = ;set-window-size = true;security-type = unsecured;terminal-type = vt420-8;terminal-model = vt420;login-command-file = ;terminal-setup-file = ;.	[MsgId: MMSG-17999]
Function TE_connect returned OK.	[MsgId: MMSG-17999]
TE_type:  typed text = yumrf<kReturn>	[MsgId: MMSG-17999]
62684
Virtual User Script started at : 2017-04-11 16:14:19	[MsgId: MMSG-15967]
Starting action vuser_init.	[MsgId: MMSG-15919]
Connect succeeded on try 1: comm-type = telnet;host-name = 172.31.73.40;terminal-id = ;set-window-size = true;security-type = unsecured;terminal-type = vt420-8;terminal-model = vt420;login-command-file = ;terminal-setup-file = ;.	[MsgId: MMSG-17999]
Function TE_connect returned OK.	[MsgId: MMSG-17999]
TE_type:  typed text = yumrf<kReturn>	[MsgId: MMSG-17999]
TE_type:  typed text = Yum1234!<kReturn>	[MsgId: MMSG-17999]
Connect succeeded on try 1: comm-type = telnet;host-name = 172.31.73.40;terminal-id = ;set-window-size = true;security-type = unsecured;terminal-type = vt420-8;terminal-model = vt420;login-command-file = ;terminal-setup-file = ;.	[MsgId: MMSG-17999]
Function TE_connect returned OK.	[MsgId: MMSG-17999]
TE_type:  typed text = yumrf<kReturn>	[MsgId: MMSG-17999]
TE_type:  typed text = Yum1234!<kReturn>	[MsgId: MMSG-17999]
Connect succeeded on try 1: comm-type = telnet;host-name = 172.31.73.40;terminal-id = ;set-window-size = true;security-type = unsecured;terminal-type = vt420-8;terminal-model = vt420;login-command-file = ;terminal-setup-file = ;.	[MsgId: MMSG-17999]
Function TE_connect returned OK.	[MsgId: MMSG-17999]
TE_type:  typed text = yumrf<kReturn>	[MsgId: MMSG-17999]
TE_type:  typed text = Yum1234!<kReturn>	[MsgId: MMSG-17999]
TE_type:  typed text = Yum1234!<kReturn>	[MsgId: MMSG-17999]
TE_type:  typed text = Yum1234!<kReturn>	[MsgId: MMSG-17999]
TE_type:  typed text = Yum1234!<kReturn>	[MsgId: MMSG-17999]
TE_type:  typed text = Yum1234!<kReturn>	[MsgId: MMSG-17999]
TE_type:  typed text = Yum1234!<kReturn>	[MsgId: MMSG-17999]
TE_type:  typed text = Yum1234!<kReturn>	[MsgId: MMSG-17999]
TE_type:  typed text = Yum1234!<kReturn>	[MsgId: MMSG-17999]
TE_type:  typed text = Yum1234!<kReturn>	[MsgId: MMSG-17999]
TE_type:  typed text = Yum1234!<kReturn>	[MsgId: MMSG-17999]
TE_type:  typed text = Yum1234!<kReturn>	[MsgId: MMSG-17999]
TE_type:  typed text = Yum1234!<kReturn>	[MsgId: MMSG-17999]
TE_type:  typed text = Yum1234!<kReturn>	[MsgId: MMSG-17999]
TE_type:  typed text = Yum1234!<kReturn>	[MsgId: MMSG-17999]
TE_type:  typed text = Yum1234!<kReturn>	[MsgId: MMSG-17999]
Ending action vuser_init.	[MsgId: MMSG-15918]
Running Vuser...	[MsgId: MMSG-15964]
Ending action vuser_init.	[MsgId: MMSG-15918]
Running Vuser...	[MsgId: MMSG-15964]
Ending action vuser_init.	[MsgId: MMSG-15918]
Running Vuser...	[MsgId: MMSG-15964]
Ending action vuser_init.	[MsgId: MMSG-15918]
Running Vuser...	[MsgId: MMSG-15964]
Ending action vuser_init.	[MsgId: MMSG-15918]
Running Vuser...	[MsgId: MMSG-15964]
Ending action vuser_init.	[MsgId: MMSG-15918]
Running Vuser...	[MsgId: MMSG-15964]
Ending action vuser_init.	[MsgId: MMSG-15918]
Running Vuser...	[MsgId: MMSG-15964]
Ending action vuser_init.	[MsgId: MMSG-15918]
Running Vuser...	[MsgId: MMSG-15964]
Ending action vuser_init.	[MsgId: MMSG-15918]
Running Vuser...	[MsgId: MMSG-15964]
Ending action vuser_init.	[MsgId: MMSG-15918]
Running Vuser...	[MsgId: MMSG-15964]
Ending action vuser_init.	[MsgId: MMSG-15918]
Running Vuser...	[MsgId: MMSG-15964]
Ending action vuser_init.	[MsgId: MMSG-15918]
Running Vuser...	[MsgId: MMSG-15964]
Ending action vuser_init.	[MsgId: MMSG-15918]
Running Vuser...	[MsgId: MMSG-15964]
Ending action vuser_init.	[MsgId: MMSG-15918]
Running Vuser...	[MsgId: MMSG-15964]
Ending action vuser_init.	[MsgId: MMSG-15918]
Running Vuser...	[MsgId: MMSG-15964]
Ending action vuser_init.	[MsgId: MMSG-15918]
Running Vuser...	[MsgId: MMSG-15964]
Ending action vuser_init.	[MsgId: MMSG-15918]
Running Vuser...	[MsgId: MMSG-15964]
Ending action vuser_init.	[MsgId: MMSG-15918]
Running Vuser...	[MsgId: MMSG-15964]
Ending action vuser_init.	[MsgId: MMSG-15918]
Running Vuser...	[MsgId: MMSG-15964]
Ending action vuser_init.	[MsgId: MMSG-15918]
Running Vuser...	[MsgId: MMSG-15964]
Starting iteration 1.	[MsgId: MMSG-15968]
Starting action Action1.	[MsgId: MMSG-15919]
Starting iteration 1.	[MsgId: MMSG-15968]
Starting action Action1.	[MsgId: MMSG-15919]
Starting iteration 1.	[MsgId: MMSG-15968]
Action1.c(3): lr_think_time: 3.97 seconds (recorded think time was 5.00 seconds).	[MsgId: MMSG-15947]
Starting action Action1.	[MsgId: MMSG-15919]
Starting iteration 1.	[MsgId: MMSG-15968]
Action1.c(3): lr_think_time: 5.80 seconds (recorded think time was 5.00 seconds).	[MsgId: MMSG-15947]
Starting action Action1.	[MsgId: MMSG-15919]
Action1.c(3): lr_think_time: 6.04 seconds (recorded think time was 5.00 seconds).	[MsgId: MMSG-15947]
Action1.c(3): lr_think_time: 4.04 seconds (recorded think time was 5.00 seconds).	[MsgId: MMSG-15947]
Starting iteration 1.	[MsgId: MMSG-15968]
Starting action Action1.	[MsgId: MMSG-15919]
Action1.c(3): lr_think_time: 5.27 seconds (recorded think time was 5.00 seconds).	[MsgId: MMSG-15947]
Action1.c(4): Notify: Parameter Substitution: parameter "rfuser" =  "rf1"	[MsgId: MMSG-13992]
TE_type:  typed text = rf1<kReturn>	[MsgId: MMSG-17999]
Action1.c(4): Notify: Parameter Substitution: parameter "rfuser" =  "rf1"	[MsgId: MMSG-13992]
TE_type:  typed text = rf1<kReturn>	[MsgId: MMSG-17999]
Action1.c(5): Notify: Parameter Substitution: parameter "password" =  "123"	[MsgId: MMSG-13992]
TE_type:  typed text = 123<kReturn>	[MsgId: MMSG-17999]
Action1.c(5): Notify: Parameter Substitution: parameter "password" =  "123"	[MsgId: MMSG-13992]
TE_type:  typed text = 123<kReturn>	[MsgId: MMSG-17999]
Ending action Action1.	[MsgId: MMSG-15918]
Starting action Action2.	[MsgId: MMSG-15919]
TE_type:  typed text = 0	[MsgId: MMSG-17999]
Action2.c(5): lr_think_time: 3.07 seconds (recorded think time was 5.00 seconds).	[MsgId: MMSG-15947]
Ending action Action1.	[MsgId: MMSG-15918]
Starting action Action2.	[MsgId: MMSG-15919]
TE_type:  typed text = 0	[MsgId: MMSG-17999]
Action2.c(5): lr_think_time: 5.85 seconds (recorded think time was 5.00 seconds).	[MsgId: MMSG-15947]
Action1.c(4): Notify: Parameter Substitution: parameter "rfuser" =  "rf1"	[MsgId: MMSG-13992]
TE_type:  typed text = rf1<kReturn>	[MsgId: MMSG-17999]
Action1.c(5): Notify: Parameter Substitution: parameter "password" =  "123"	[MsgId: MMSG-13992]
TE_type:  typed text = 123<kReturn>	[MsgId: MMSG-17999]
Action1.c(4): Notify: Parameter Substitution: parameter "rfuser" =  "rf1"	[MsgId: MMSG-13992]
TE_type:  typed text = rf1<kReturn>	[MsgId: MMSG-17999]
Ending action Action1.	[MsgId: MMSG-15918]
Starting action Action2.	[MsgId: MMSG-15919]
TE_type:  typed text = 0	[MsgId: MMSG-17999]
Action2.c(5): lr_think_time: 4.94 seconds (recorded think time was 5.00 seconds).	[MsgId: MMSG-15947]
Action1.c(4): Notify: Parameter Substitution: parameter "rfuser" =  "rf1"	[MsgId: MMSG-13992]
TE_type:  typed text = rf1<kReturn>	[MsgId: MMSG-17999]
Action1.c(5): Notify: Parameter Substitution: parameter "password" =  "123"	[MsgId: MMSG-13992]
TE_type:  typed text = 123<kReturn>	[MsgId: MMSG-17999]
Action1.c(5): Notify: Parameter Substitution: parameter "password" =  "123"	[MsgId: MMSG-13992]
TE_type:  typed text = 123<kReturn>	[MsgId: MMSG-17999]
Ending action Action1.	[MsgId: MMSG-15918]
Starting action Action2.	[MsgId: MMSG-15919]
TE_type:  typed text = 0	[MsgId: MMSG-17999]
Action2.c(5): lr_think_time: 5.87 seconds (recorded think time was 5.00 seconds).	[MsgId: MMSG-15947]
Ending action Action1.	[MsgId: MMSG-15918]
Starting action Action2.	[MsgId: MMSG-15919]
TE_type:  typed text = 0	[MsgId: MMSG-17999]
Action2.c(5): lr_think_time: 3.01 seconds (recorded think time was 5.00 seconds).	[MsgId: MMSG-15947]
TE_type:  typed text = 1	[MsgId: MMSG-17999]
Action2.c(8): lr_think_time: 5.88 seconds (recorded think time was 5.00 seconds).	[MsgId: MMSG-15947]
TE_type:  typed text = 1	[MsgId: MMSG-17999]
Action2.c(8): lr_think_time: 3.77 seconds (recorded think time was 5.00 seconds).	[MsgId: MMSG-15947]
Starting iteration 1.	[MsgId: MMSG-15968]
Starting action Action1.	[MsgId: MMSG-15919]
Starting iteration 1.	[MsgId: MMSG-15968]
Starting action Action1.	[MsgId: MMSG-15919]
Action1.c(3): lr_think_time: 5.53 seconds (recorded think time was 5.00 seconds).	[MsgId: MMSG-15947]
Starting iteration 1.	[MsgId: MMSG-15968]
Action1.c(3): lr_think_time: 7.15 seconds (recorded think time was 5.00 seconds).	[MsgId: MMSG-15947]
Starting action Action1.	[MsgId: MMSG-15919]
Starting iteration 1.	[MsgId: MMSG-15968]
Action1.c(3): lr_think_time: 6.88 seconds (recorded think time was 5.00 seconds).	[MsgId: MMSG-15947]
Starting iteration 1.	[MsgId: MMSG-15968]
Starting action Action1.	[MsgId: MMSG-15919]
Starting action Action1.	[MsgId: MMSG-15919]
Action1.c(3): lr_think_time: 5.03 seconds (recorded think time was 5.00 seconds).	[MsgId: MMSG-15947]
Action1.c(3): lr_think_time: 7.33 seconds (recorded think time was 5.00 seconds).	[MsgId: MMSG-15947]
TE_type:  typed text = 1	[MsgId: MMSG-17999]
Action2.c(8): lr_think_time: 6.78 seconds (recorded think time was 5.00 seconds).	[MsgId: MMSG-15947]
TE_type:  typed text = 1	[MsgId: MMSG-17999]
Action2.c(8): lr_think_time: 4.18 seconds (recorded think time was 5.00 seconds).	[MsgId: MMSG-15947]
TE_type:  typed text = 1	[MsgId: MMSG-17999]
Action2.c(8): lr_think_time: 6.64 seconds (recorded think time was 5.00 seconds).	[MsgId: MMSG-15947]
TE_type:  typed text = 0000000006	[MsgId: MMSG-17999]
TE_type:  typed text = 0000000006	[MsgId: MMSG-17999]
TE_type:  typed text = <kReturn>	[MsgId: MMSG-17999]
TE_type:  typed text = <kReturn>	[MsgId: MMSG-17999]
Action2.c(16): lr_think_time: 3.36 seconds (recorded think time was 5.00 seconds).	[MsgId: MMSG-15947]
TE_type:  typed text = <kReturn>	[MsgId: MMSG-17999]
TE_type:  typed text = <kReturn>	[MsgId: MMSG-17999]
Action2.c(16): lr_think_time: 6.56 seconds (recorded think time was 5.00 seconds).	[MsgId: MMSG-15947]
TE_type:  typed text = 0000000006	[MsgId: MMSG-17999]
Action1.c(4): Notify: Parameter Substitution: parameter "rfuser" =  "rf1"	[MsgId: MMSG-13992]
TE_type:  typed text = rf1<kReturn>	[MsgId: MMSG-17999]
Action1.c(5): Notify: Parameter Substitution: parameter "password" =  "123"	[MsgId: MMSG-13992]
TE_type:  typed text = 123<kReturn>	[MsgId: MMSG-17999]
Action1.c(4): Notify: Parameter Substitution: parameter "rfuser" =  "rf1"	[MsgId: MMSG-13992]
TE_type:  typed text = rf1<kReturn>	[MsgId: MMSG-17999]
Ending action Action1.	[MsgId: MMSG-15918]
Starting action Action2.	[MsgId: MMSG-15919]
TE_type:  typed text = 0	[MsgId: MMSG-17999]
Action2.c(5): lr_think_time: 5.56 seconds (recorded think time was 5.00 seconds).	[MsgId: MMSG-15947]
Action1.c(5): Notify: Parameter Substitution: parameter "password" =  "123"	[MsgId: MMSG-13992]
TE_type:  typed text = 123<kReturn>	[MsgId: MMSG-17999]
TE_type:  typed text = <kReturn>	[MsgId: MMSG-17999]
TE_type:  typed text = <kReturn>	[MsgId: MMSG-17999]
Action2.c(16): lr_think_time: 4.22 seconds (recorded think time was 5.00 seconds).	[MsgId: MMSG-15947]
Ending action Action1.	[MsgId: MMSG-15918]
Starting action Action2.	[MsgId: MMSG-15919]
TE_type:  typed text = 0	[MsgId: MMSG-17999]
Action2.c(5): lr_think_time: 4.57 seconds (recorded think time was 5.00 seconds).	[MsgId: MMSG-15947]
Action1.c(4): Notify: Parameter Substitution: parameter "rfuser" =  "rf1"	[MsgId: MMSG-13992]
TE_type:  typed text = rf1<kReturn>	[MsgId: MMSG-17999]
Action1.c(4): Notify: Parameter Substitution: parameter "rfuser" =  "rf1"	[MsgId: MMSG-13992]
TE_type:  typed text = rf1<kReturn>	[MsgId: MMSG-17999]
Action1.c(5): Notify: Parameter Substitution: parameter "password" =  "123"	[MsgId: MMSG-13992]
TE_type:  typed text = 123<kReturn>	[MsgId: MMSG-17999]
TE_type:  typed text = 0000000006	[MsgId: MMSG-17999]
Action1.c(4): Notify: Parameter Substitution: parameter "rfuser" =  "rf1"	[MsgId: MMSG-13992]
TE_type:  typed text = rf1<kReturn>	[MsgId: MMSG-17999]
Action1.c(5): Notify: Parameter Substitution: parameter "password" =  "123"	[MsgId: MMSG-13992]
TE_type:  typed text = 123<kReturn>	[MsgId: MMSG-17999]
Ending action Action1.	[MsgId: MMSG-15918]
Starting action Action2.	[MsgId: MMSG-15919]
TE_type:  typed text = 0	[MsgId: MMSG-17999]
Action2.c(5): lr_think_time: 3.89 seconds (recorded think time was 5.00 seconds).	[MsgId: MMSG-15947]
Action1.c(5): Notify: Parameter Substitution: parameter "password" =  "123"	[MsgId: MMSG-13992]
TE_type:  typed text = 123<kReturn>	[MsgId: MMSG-17999]
TE_type:  typed text = <kReturn>	[MsgId: MMSG-17999]
TE_wait_text:  pattern =  F1-跳过	[MsgId: MMSG-17999]
Ending action Action1.	[MsgId: MMSG-15918]
Starting action Action2.	[MsgId: MMSG-15919]
TE_type:  typed text = 0	[MsgId: MMSG-17999]
Action2.c(5): lr_think_time: 6.24 seconds (recorded think time was 5.00 seconds).	[MsgId: MMSG-15947]
Ending action Action1.	[MsgId: MMSG-15918]
Starting action Action2.	[MsgId: MMSG-15919]
TE_type:  typed text = 0	[MsgId: MMSG-17999]
Action2.c(5): lr_think_time: 3.87 seconds (recorded think time was 5.00 seconds).	[MsgId: MMSG-15947]
Function TE_wait_text returned OK.	[MsgId: MMSG-17999]
Action2.c(20): Notify: Transaction "pick" started.	[MsgId: MMSG-16999]
TE_type:  typed text = SH00087380	[MsgId: MMSG-17999]
TE_type:  typed text = <kReturn>	[MsgId: MMSG-17999]
TE_type:  typed text = <kReturn>	[MsgId: MMSG-17999]
Action2.c(16): lr_think_time: 7.44 seconds (recorded think time was 5.00 seconds).	[MsgId: MMSG-15947]
TE_type:  typed text = 0000000006	[MsgId: MMSG-17999]
Action2.c(23): lr_think_time: 5.57 seconds (recorded think time was 5.00 seconds).	[MsgId: MMSG-15947]
TE_type:  typed text = <kReturn>	[MsgId: MMSG-17999]
TE_type:  typed text = <kReturn>	[MsgId: MMSG-17999]
Action2.c(16): lr_think_time: 4.89 seconds (recorded think time was 5.00 seconds).	[MsgId: MMSG-15947]
Starting iteration 1.	[MsgId: MMSG-15968]
Starting action Action1.	[MsgId: MMSG-15919]
Action1.c(3): lr_think_time: 6.22 seconds (recorded think time was 5.00 seconds).	[MsgId: MMSG-15947]
Starting iteration 1.	[MsgId: MMSG-15968]
Starting action Action1.	[MsgId: MMSG-15919]
Starting iteration 1.	[MsgId: MMSG-15968]
Starting iteration 1.	[MsgId: MMSG-15968]
Starting action Action1.	[MsgId: MMSG-15919]
Starting action Action1.	[MsgId: MMSG-15919]
Action1.c(3): lr_think_time: 5.78 seconds (recorded think time was 5.00 seconds).	[MsgId: MMSG-15947]
Action1.c(3): lr_think_time: 7.44 seconds (recorded think time was 5.00 seconds).	[MsgId: MMSG-15947]
Starting iteration 1.	[MsgId: MMSG-15968]
Action1.c(3): lr_think_time: 7.19 seconds (recorded think time was 5.00 seconds).	[MsgId: MMSG-15947]
Starting action Action1.	[MsgId: MMSG-15919]
Action1.c(3): lr_think_time: 4.77 seconds (recorded think time was 5.00 seconds).	[MsgId: MMSG-15947]
TE_type:  typed text = <kReturn>	[MsgId: MMSG-17999]
TE_wait_text:  pattern =  F1-跳过	[MsgId: MMSG-17999]
Function TE_wait_text returned OK.	[MsgId: MMSG-17999]
Action2.c(20): Notify: Transaction "pick" started.	[MsgId: MMSG-16999]
TE_type:  typed text = SH00087380	[MsgId: MMSG-17999]
TE_type:  typed text = 1	[MsgId: MMSG-17999]
Action2.c(8): lr_think_time: 4.04 seconds (recorded think time was 5.00 seconds).	[MsgId: MMSG-15947]
TE_type:  typed text = <kReturn>	[MsgId: MMSG-17999]
TE_wait_text:  pattern =  F1-跳过	[MsgId: MMSG-17999]
TE_type:  typed text = 1	[MsgId: MMSG-17999]
Action2.c(8): lr_think_time: 4.79 seconds (recorded think time was 5.00 seconds).	[MsgId: MMSG-15947]
Function TE_wait_text returned OK.	[MsgId: MMSG-17999]
Action2.c(20): Notify: Transaction "pick" started.	[MsgId: MMSG-16999]
TE_type:  typed text = SH00087380	[MsgId: MMSG-17999]
Action2.c(23): lr_think_time: 4.99 seconds (recorded think time was 5.00 seconds).	[MsgId: MMSG-15947]
TE_type:  typed text = 1	[MsgId: MMSG-17999]
Action2.c(8): lr_think_time: 5.34 seconds (recorded think time was 5.00 seconds).	[MsgId: MMSG-15947]
TE_type:  typed text = 1	[MsgId: MMSG-17999]
Action2.c(8): lr_think_time: 2.54 seconds (recorded think time was 5.00 seconds).	[MsgId: MMSG-15947]
Action2.c(23): lr_think_time: 3.45 seconds (recorded think time was 5.00 seconds).	[MsgId: MMSG-15947]
TE_type:  typed text = 1	[MsgId: MMSG-17999]
Action2.c(8): lr_think_time: 6.43 seconds (recorded think time was 5.00 seconds).	[MsgId: MMSG-15947]
TE_type:  typed text = 0000000006	[MsgId: MMSG-17999]
TE_type:  typed text = <kReturn>	[MsgId: MMSG-17999]
TE_type:  typed text = ]C19186110001929500190 11161003930000117	[MsgId: MMSG-17999]
TE_type:  typed text = <kReturn>	[MsgId: MMSG-17999]
TE_wait_text:  pattern =  F1-跳过	[MsgId: MMSG-17999]
TE_type:  typed text = 0000000006	[MsgId: MMSG-17999]
Action1.c(4): Notify: Parameter Substitution: parameter "rfuser" =  "rf1"	[MsgId: MMSG-13992]
TE_type:  typed text = rf1<kReturn>	[MsgId: MMSG-17999]
Function TE_wait_text returned OK.	[MsgId: MMSG-17999]
Action2.c(20): Notify: Transaction "pick" started.	[MsgId: MMSG-16999]
TE_type:  typed text = SH00087380	[MsgId: MMSG-17999]
Action1.c(5): Notify: Parameter Substitution: parameter "password" =  "123"	[MsgId: MMSG-13992]
TE_type:  typed text = 123<kReturn>	[MsgId: MMSG-17999]
TE_type:  typed text = <kReturn>	[MsgId: MMSG-17999]
TE_type:  typed text = <kReturn>	[MsgId: MMSG-17999]
Action2.c(16): lr_think_time: 5.62 seconds (recorded think time was 5.00 seconds).	[MsgId: MMSG-15947]
Ending action Action1.	[MsgId: MMSG-15918]
Starting action Action2.	[MsgId: MMSG-15919]
TE_type:  typed text = 0	[MsgId: MMSG-17999]
Action2.c(5): lr_think_time: 3.31 seconds (recorded think time was 5.00 seconds).	[MsgId: MMSG-15947]
TE_type:  typed text = <kReturn>	[MsgId: MMSG-17999]
TE_wait_text:  pattern =  F1-跳过	[MsgId: MMSG-17999]
TE_type:  typed text = <kReturn>	[MsgId: MMSG-17999]
TE_type:  typed text = <kReturn>	[MsgId: MMSG-17999]
Action2.c(16): lr_think_time: 5.78 seconds (recorded think time was 5.00 seconds).	[MsgId: MMSG-15947]
TE_type:  typed text = <kReturn>	[MsgId: MMSG-17999]
TE_type:  typed text = ]C19186110001929500190 11161003930000117	[MsgId: MMSG-17999]
Action1.c(4): Notify: Parameter Substitution: parameter "rfuser" =  "rf1"	[MsgId: MMSG-13992]
TE_type:  typed text = rf1<kReturn>	[MsgId: MMSG-17999]
Function TE_wait_text returned OK.	[MsgId: MMSG-17999]
Action2.c(20): Notify: Transaction "pick" started.	[MsgId: MMSG-16999]
Action2.c(23): lr_think_time: 6.14 seconds (recorded think time was 5.00 seconds).	[MsgId: MMSG-15947]
TE_type:  typed text = SH00087380	[MsgId: MMSG-17999]
TE_type:  typed text = 0000000006	[MsgId: MMSG-17999]
Action1.c(5): Notify: Parameter Substitution: parameter "password" =  "123"	[MsgId: MMSG-13992]
TE_type:  typed text = 123<kReturn>	[MsgId: MMSG-17999]
Action1.c(4): Notify: Parameter Substitution: parameter "rfuser" =  "rf1"	[MsgId: MMSG-13992]
TE_type:  typed text = rf1<kReturn>	[MsgId: MMSG-17999]
TE_type:  typed text = <kReturn>	[MsgId: MMSG-17999]
TE_type:  typed text = ]C19186110001929500190 11161003930000117	[MsgId: MMSG-17999]
Ending action Action1.	[MsgId: MMSG-15918]
Starting action Action2.	[MsgId: MMSG-15919]
TE_type:  typed text = 0	[MsgId: MMSG-17999]
Action2.c(5): lr_think_time: 4.77 seconds (recorded think time was 5.00 seconds).	[MsgId: MMSG-15947]
Action1.c(5): Notify: Parameter Substitution: parameter "password" =  "123"	[MsgId: MMSG-13992]
TE_type:  typed text = 123<kReturn>	[MsgId: MMSG-17999]
TE_type:  typed text = 0000000006	[MsgId: MMSG-17999]
Action2.c(23): lr_think_time: 4.84 seconds (recorded think time was 5.00 seconds).	[MsgId: MMSG-15947]
Ending action Action1.	[MsgId: MMSG-15918]
Starting action Action2.	[MsgId: MMSG-15919]
TE_type:  typed text = 0	[MsgId: MMSG-17999]
Action2.c(5): lr_think_time: 3.41 seconds (recorded think time was 5.00 seconds).	[MsgId: MMSG-15947]
TE_type:  typed text = <kReturn>	[MsgId: MMSG-17999]
TE_type:  typed text = <kReturn>	[MsgId: MMSG-17999]
Action2.c(16): lr_think_time: 6.08 seconds (recorded think time was 5.00 seconds).	[MsgId: MMSG-15947]
Action1.c(4): Notify: Parameter Substitution: parameter "rfuser" =  "rf1"	[MsgId: MMSG-13992]
TE_type:  typed text = rf1<kReturn>	[MsgId: MMSG-17999]
Action1.c(4): Notify: Parameter Substitution: parameter "rfuser" =  "rf1"	[MsgId: MMSG-13992]
TE_type:  typed text = rf1<kReturn>	[MsgId: MMSG-17999]
Action1.c(5): Notify: Parameter Substitution: parameter "password" =  "123"	[MsgId: MMSG-13992]
TE_type:  typed text = 123<kReturn>	[MsgId: MMSG-17999]
TE_type:  typed text = <kReturn>	[MsgId: MMSG-17999]
TE_type:  typed text = <kReturn>	[MsgId: MMSG-17999]
Action2.c(16): lr_think_time: 4.94 seconds (recorded think time was 5.00 seconds).	[MsgId: MMSG-15947]
Action1.c(5): Notify: Parameter Substitution: parameter "password" =  "123"	[MsgId: MMSG-13992]
TE_type:  typed text = 123<kReturn>	[MsgId: MMSG-17999]
Ending action Action1.	[MsgId: MMSG-15918]
Starting action Action2.	[MsgId: MMSG-15919]
TE_type:  typed text = 0	[MsgId: MMSG-17999]
Action2.c(5): lr_think_time: 3.64 seconds (recorded think time was 5.00 seconds).	[MsgId: MMSG-15947]
Ending action Action1.	[MsgId: MMSG-15918]
Starting action Action2.	[MsgId: MMSG-15919]
TE_type:  typed text = 0	[MsgId: MMSG-17999]
Action2.c(5): lr_think_time: 2.72 seconds (recorded think time was 5.00 seconds).	[MsgId: MMSG-15947]
Action2.c(28): lr_think_time: 3.94 seconds (recorded think time was 5.00 seconds).	[MsgId: MMSG-15947]
TE_type:  typed text = 1	[MsgId: MMSG-17999]
Action2.c(8): lr_think_time: 5.91 seconds (recorded think time was 5.00 seconds).	[MsgId: MMSG-15947]
Action2.c(28): lr_think_time: 4.85 seconds (recorded think time was 5.00 seconds).	[MsgId: MMSG-15947]
Starting iteration 1.	[MsgId: MMSG-15968]
Starting iteration 1.	[MsgId: MMSG-15968]
Starting action Action1.	[MsgId: MMSG-15919]
Starting action Action1.	[MsgId: MMSG-15919]
Action1.c(3): lr_think_time: 7.07 seconds (recorded think time was 5.00 seconds).	[MsgId: MMSG-15947]
Action1.c(3): lr_think_time: 5.45 seconds (recorded think time was 5.00 seconds).	[MsgId: MMSG-15947]
Starting iteration 1.	[MsgId: MMSG-15968]
Starting iteration 1.	[MsgId: MMSG-15968]
Starting action Action1.	[MsgId: MMSG-15919]
Starting action Action1.	[MsgId: MMSG-15919]
Action1.c(3): lr_think_time: 3.57 seconds (recorded think time was 5.00 seconds).	[MsgId: MMSG-15947]
Action1.c(3): lr_think_time: 3.32 seconds (recorded think time was 5.00 seconds).	[MsgId: MMSG-15947]
Starting iteration 1.	[MsgId: MMSG-15968]
Starting action Action1.	[MsgId: MMSG-15919]
Action1.c(3): lr_think_time: 4.81 seconds (recorded think time was 5.00 seconds).	[MsgId: MMSG-15947]
Action2.c(28): lr_think_time: 7.19 seconds (recorded think time was 5.00 seconds).	[MsgId: MMSG-15947]
TE_type:  typed text = 1	[MsgId: MMSG-17999]
Action2.c(8): lr_think_time: 5.37 seconds (recorded think time was 5.00 seconds).	[MsgId: MMSG-15947]
TE_type:  typed text = 0000000006	[MsgId: MMSG-17999]
TE_type:  typed text = 1	[MsgId: MMSG-17999]
Action2.c(8): lr_think_time: 6.53 seconds (recorded think time was 5.00 seconds).	[MsgId: MMSG-15947]
TE_type:  typed text = <kReturn>	[MsgId: MMSG-17999]
TE_wait_text:  pattern =  F1-跳过	[MsgId: MMSG-17999]
TE_type:  typed text = 1	[MsgId: MMSG-17999]
Action2.c(8): lr_think_time: 3.17 seconds (recorded think time was 5.00 seconds).	[MsgId: MMSG-15947]
Function TE_wait_text returned OK.	[MsgId: MMSG-17999]
Action2.c(20): Notify: Transaction "pick" started.	[MsgId: MMSG-16999]
TE_type:  typed text = SH00087380	[MsgId: MMSG-17999]
TE_type:  typed text = <kReturn>	[MsgId: MMSG-17999]
TE_type:  typed text = <kReturn>	[MsgId: MMSG-17999]
Action2.c(16): lr_think_time: 4.54 seconds (recorded think time was 5.00 seconds).	[MsgId: MMSG-15947]
TE_type:  typed text = <kReturn>	[MsgId: MMSG-17999]
TE_wait_text:  pattern =  F1-跳过	[MsgId: MMSG-17999]
TE_type:  typed text = 1	[MsgId: MMSG-17999]
Action2.c(8): lr_think_time: 6.59 seconds (recorded think time was 5.00 seconds).	[MsgId: MMSG-15947]
TE_type:  typed text = <kReturn>	[MsgId: MMSG-17999]
TE_type:  typed text = ]C19186110001929500190 11161003930000117	[MsgId: MMSG-17999]
Function TE_wait_text returned OK.	[MsgId: MMSG-17999]
Action2.c(20): Notify: Transaction "pick" started.	[MsgId: MMSG-16999]
TE_type:  typed text = SH00087380	[MsgId: MMSG-17999]
TE_type:  typed text = <kReturn>	[MsgId: MMSG-17999]
TE_type:  typed text = ]C19186110001929500190 11161003930000117	[MsgId: MMSG-17999]
Action2.c(23): lr_think_time: 7.40 seconds (recorded think time was 5.00 seconds).	[MsgId: MMSG-15947]
TE_type:  typed text = <kReturn>	[MsgId: MMSG-17999]
TE_wait_text:  pattern = F4-批号选择	[MsgId: MMSG-17999]
TE_type:  typed text = <kReturn>	[MsgId: MMSG-17999]
TE_wait_text:  pattern =  F1-跳过	[MsgId: MMSG-17999]
Function TE_wait_text returned OK.	[MsgId: MMSG-17999]
TE_type:  typed text = <kReturn>	[MsgId: MMSG-17999]
Action2.c(34): lr_think_time: 4.85 seconds (recorded think time was 5.00 seconds).	[MsgId: MMSG-15947]
Action2.c(23): lr_think_time: 3.48 seconds (recorded think time was 5.00 seconds).	[MsgId: MMSG-15947]
Function TE_wait_text returned OK.	[MsgId: MMSG-17999]
Action2.c(20): Notify: Transaction "pick" started.	[MsgId: MMSG-16999]
TE_type:  typed text = SH00087380	[MsgId: MMSG-17999]
TE_type:  typed text = <kReturn>	[MsgId: MMSG-17999]
TE_wait_text:  pattern =  F1-跳过	[MsgId: MMSG-17999]
Action1.c(4): Notify: Parameter Substitution: parameter "rfuser" =  "rf1"	[MsgId: MMSG-13992]
TE_type:  typed text = rf1<kReturn>	[MsgId: MMSG-17999]
Action1.c(4): Notify: Parameter Substitution: parameter "rfuser" =  "rf1"	[MsgId: MMSG-13992]
TE_type:  typed text = rf1<kReturn>	[MsgId: MMSG-17999]
Action1.c(5): Notify: Parameter Substitution: parameter "password" =  "123"	[MsgId: MMSG-13992]
TE_type:  typed text = 123<kReturn>	[MsgId: MMSG-17999]
Function TE_wait_text returned OK.	[MsgId: MMSG-17999]
Action2.c(20): Notify: Transaction "pick" started.	[MsgId: MMSG-16999]
TE_type:  typed text = SH00087380	[MsgId: MMSG-17999]
Action2.c(23): lr_think_time: 4.84 seconds (recorded think time was 5.00 seconds).	[MsgId: MMSG-15947]
Action1.c(5): Notify: Parameter Substitution: parameter "password" =  "123"	[MsgId: MMSG-13992]
TE_type:  typed text = 123<kReturn>	[MsgId: MMSG-17999]
Ending action Action1.	[MsgId: MMSG-15918]
Starting action Action2.	[MsgId: MMSG-15919]
TE_type:  typed text = 0	[MsgId: MMSG-17999]
Action2.c(5): lr_think_time: 2.77 seconds (recorded think time was 5.00 seconds).	[MsgId: MMSG-15947]
Ending action Action1.	[MsgId: MMSG-15918]
Starting action Action2.	[MsgId: MMSG-15919]
TE_type:  typed text = 0	[MsgId: MMSG-17999]
Action2.c(5): lr_think_time: 7.37 seconds (recorded think time was 5.00 seconds).	[MsgId: MMSG-15947]
TE_type:  typed text = 0000000006	[MsgId: MMSG-17999]
TE_type:  typed text = <kReturn>	[MsgId: MMSG-17999]
TE_wait_text:  pattern = F4-批号选择	[MsgId: MMSG-17999]
TE_type:  typed text = 0000000006	[MsgId: MMSG-17999]
Action2.c(23): lr_think_time: 6.26 seconds (recorded think time was 5.00 seconds).	[MsgId: MMSG-15947]
Function TE_wait_text returned OK.	[MsgId: MMSG-17999]
TE_type:  typed text = <kReturn>	[MsgId: MMSG-17999]
Action2.c(34): lr_think_time: 4.88 seconds (recorded think time was 5.00 seconds).	[MsgId: MMSG-15947]
Action1.c(4): Notify: Parameter Substitution: parameter "rfuser" =  "rf1"	[MsgId: MMSG-13992]
TE_type:  typed text = rf1<kReturn>	[MsgId: MMSG-17999]
Action1.c(5): Notify: Parameter Substitution: parameter "password" =  "123"	[MsgId: MMSG-13992]
TE_type:  typed text = 123<kReturn>	[MsgId: MMSG-17999]
TE_type:  typed text = <kReturn>	[MsgId: MMSG-17999]
TE_type:  typed text = <kReturn>	[MsgId: MMSG-17999]
Action2.c(16): lr_think_time: 5.01 seconds (recorded think time was 5.00 seconds).	[MsgId: MMSG-15947]
Ending action Action1.	[MsgId: MMSG-15918]
Starting action Action2.	[MsgId: MMSG-15919]
TE_type:  typed text = 0	[MsgId: MMSG-17999]
Action2.c(5): lr_think_time: 3.80 seconds (recorded think time was 5.00 seconds).	[MsgId: MMSG-15947]
Action1.c(4): Notify: Parameter Substitution: parameter "rfuser" =  "rf1"	[MsgId: MMSG-13992]
TE_type:  typed text = rf1<kReturn>	[MsgId: MMSG-17999]
TE_type:  typed text = <kReturn>	[MsgId: MMSG-17999]
TE_type:  typed text = <kReturn>	[MsgId: MMSG-17999]
Action2.c(16): lr_think_time: 5.80 seconds (recorded think time was 5.00 seconds).	[MsgId: MMSG-15947]
Action2.c(28): lr_think_time: 6.02 seconds (recorded think time was 5.00 seconds).	[MsgId: MMSG-15947]
TE_type:  typed text = 0000000006	[MsgId: MMSG-17999]
Action1.c(5): Notify: Parameter Substitution: parameter "password" =  "123"	[MsgId: MMSG-13992]
TE_type:  typed text = 123<kReturn>	[MsgId: MMSG-17999]
TE_type:  typed text = <kReturn>	[MsgId: MMSG-17999]
TE_wait_text:  pattern =  F1-跳过	[MsgId: MMSG-17999]
Action2.c(28): lr_think_time: 3.92 seconds (recorded think time was 5.00 seconds).	[MsgId: MMSG-15947]
Ending action Action1.	[MsgId: MMSG-15918]
Starting action Action2.	[MsgId: MMSG-15919]
TE_type:  typed text = 0	[MsgId: MMSG-17999]
Action2.c(5): lr_think_time: 4.25 seconds (recorded think time was 5.00 seconds).	[MsgId: MMSG-15947]
TE_type:  typed text = <kReturn>	[MsgId: MMSG-17999]
TE_type:  typed text = ]C19186110001929500190 11161003930000117	[MsgId: MMSG-17999]
Function TE_wait_text returned OK.	[MsgId: MMSG-17999]
Action2.c(20): Notify: Transaction "pick" started.	[MsgId: MMSG-16999]
TE_type:  typed text = SH00087380	[MsgId: MMSG-17999]
TE_type:  typed text = <kReturn>	[MsgId: MMSG-17999]
TE_type:  typed text = <kReturn>	[MsgId: MMSG-17999]
Action2.c(16): lr_think_time: 3.15 seconds (recorded think time was 5.00 seconds).	[MsgId: MMSG-15947]
TE_type:  typed text = 1	[MsgId: MMSG-17999]
Action2.c(8): lr_think_time: 7.26 seconds (recorded think time was 5.00 seconds).	[MsgId: MMSG-15947]
Action1.c(4): Notify: Parameter Substitution: parameter "rfuser" =  "rf1"	[MsgId: MMSG-13992]
TE_type:  typed text = rf1<kReturn>	[MsgId: MMSG-17999]
Action2.c(23): lr_think_time: 3.51 seconds (recorded think time was 5.00 seconds).	[MsgId: MMSG-15947]
TE_type:  typed text = 0000000006	[MsgId: MMSG-17999]
Action1.c(5): Notify: Parameter Substitution: parameter "password" =  "123"	[MsgId: MMSG-13992]
TE_type:  typed text = 123<kReturn>	[MsgId: MMSG-17999]
TE_type:  typed text = <kReturn>	[MsgId: MMSG-17999]
TE_wait_text:  pattern = F4-批号选择	[MsgId: MMSG-17999]
TE_wait_text:  pattern =     任务	[MsgId: MMSG-17999]
Function TE_wait_text returned OK.	[MsgId: MMSG-17999]
Action2.c(36): Notify: Transaction "pick" ended with "Pass" status (Duration: 19.6424 Think Time: 19.2040 Wasted Time: 0.2000).	[MsgId: MMSG-16870]
Action2.c(39): lr_think_time: 2.74 seconds (recorded think time was 5.00 seconds).	[MsgId: MMSG-15947]
Ending action Action1.	[MsgId: MMSG-15918]
Starting action Action2.	[MsgId: MMSG-15919]
TE_type:  typed text = 0	[MsgId: MMSG-17999]
Action2.c(5): lr_think_time: 6.84 seconds (recorded think time was 5.00 seconds).	[MsgId: MMSG-15947]
Function TE_wait_text returned OK.	[MsgId: MMSG-17999]
TE_type:  typed text = <kReturn>	[MsgId: MMSG-17999]
Action2.c(34): lr_think_time: 5.29 seconds (recorded think time was 5.00 seconds).	[MsgId: MMSG-15947]
TE_type:  typed text = 0000000006	[MsgId: MMSG-17999]
TE_type:  typed text = <kReturn>	[MsgId: MMSG-17999]
TE_type:  typed text = <kReturn>	[MsgId: MMSG-17999]
Action2.c(16): lr_think_time: 7.05 seconds (recorded think time was 5.00 seconds).	[MsgId: MMSG-15947]
TE_type:  typed text = <kReturn>	[MsgId: MMSG-17999]
TE_type:  typed text = ]C19186110001929500190 11161003930000117	[MsgId: MMSG-17999]
TE_type:  typed text = <kReturn>	[MsgId: MMSG-17999]
TE_type:  typed text = <kReturn>	[MsgId: MMSG-17999]
Action2.c(16): lr_think_time: 5.21 seconds (recorded think time was 5.00 seconds).	[MsgId: MMSG-15947]
TE_type:  typed text = 1	[MsgId: MMSG-17999]
Action2.c(8): lr_think_time: 6.64 seconds (recorded think time was 5.00 seconds).	[MsgId: MMSG-15947]
TE_type:  typed text = <kReturn>	[MsgId: MMSG-17999]
TE_type:  typed text = ]C19186110001929500190 11161003930000117	[MsgId: MMSG-17999]
TE_wait_text:  pattern =     任务	[MsgId: MMSG-17999]
TE_type:  typed text = <kReturn>	[MsgId: MMSG-17999]
TE_wait_text:  pattern =  F1-跳过	[MsgId: MMSG-17999]
Function TE_wait_text returned OK.	[MsgId: MMSG-17999]
Action2.c(36): Notify: Transaction "pick" ended with "Pass" status (Duration: 18.4566 Think Time: 18.0343 Wasted Time: 0.2000).	[MsgId: MMSG-16870]
Action2.c(39): lr_think_time: 4.25 seconds (recorded think time was 5.00 seconds).	[MsgId: MMSG-15947]
TE_type:  typed text = <kReturn>	[MsgId: MMSG-17999]
TE_wait_text:  pattern = F4-批号选择	[MsgId: MMSG-17999]
Function TE_wait_text returned OK.	[MsgId: MMSG-17999]
Action2.c(20): Notify: Transaction "pick" started.	[MsgId: MMSG-16999]
TE_type:  typed text = SH00087380	[MsgId: MMSG-17999]
Action2.c(28): lr_think_time: 3.63 seconds (recorded think time was 5.00 seconds).	[MsgId: MMSG-15947]
Function TE_wait_text returned OK.	[MsgId: MMSG-17999]
TE_type:  typed text = <kReturn>	[MsgId: MMSG-17999]
Action2.c(34): lr_think_time: 6.75 seconds (recorded think time was 5.00 seconds).	[MsgId: MMSG-15947]
TE_type:  typed text = <kReturn>	[MsgId: MMSG-17999]
TE_wait_text:  pattern =  F1-跳过	[MsgId: MMSG-17999]
TE_type:  typed text = 1	[MsgId: MMSG-17999]
Action2.c(8): lr_think_time: 5.57 seconds (recorded think time was 5.00 seconds).	[MsgId: MMSG-15947]
TE_type:  typed text = <kControl-c>	[MsgId: MMSG-17999]
Action2.c(42): lr_think_time: 1.37 seconds (recorded think time was 1.00 seconds).	[MsgId: MMSG-15947]
Function TE_wait_text returned OK.	[MsgId: MMSG-17999]
Action2.c(20): Notify: Transaction "pick" started.	[MsgId: MMSG-16999]
TE_type:  typed text = SH00087380	[MsgId: MMSG-17999]
TE_type:  typed text = <kReturn>	[MsgId: MMSG-17999]
TE_type:  typed text = ]C19186110001929500190 11161003930000117	[MsgId: MMSG-17999]
TE_type:  typed text = <kReturn>	[MsgId: MMSG-17999]
TE_type:  typed text = ]C19186110001929500190 11161003930000117	[MsgId: MMSG-17999]
Action2.c(23): lr_think_time: 2.77 seconds (recorded think time was 5.00 seconds).	[MsgId: MMSG-15947]
TE_type:  typed text = <kReturn>	[MsgId: MMSG-17999]
TE_wait_text:  pattern =  F1-跳过	[MsgId: MMSG-17999]
Action2.c(23): lr_think_time: 5.87 seconds (recorded think time was 5.00 seconds).	[MsgId: MMSG-15947]
TE_type:  typed text = 1	[MsgId: MMSG-17999]
Action2.c(8): lr_think_time: 4.46 seconds (recorded think time was 5.00 seconds).	[MsgId: MMSG-15947]
TE_type:  typed text = <kReturn>	[MsgId: MMSG-17999]
TE_wait_text:  pattern = F4-批号选择	[MsgId: MMSG-17999]
Function TE_wait_text returned OK.	[MsgId: MMSG-17999]
Action2.c(20): Notify: Transaction "pick" started.	[MsgId: MMSG-16999]
TE_type:  typed text = SH00087380	[MsgId: MMSG-17999]
TE_type:  typed text = exit<kReturn>	[MsgId: MMSG-17999]
Function TE_wait_text returned OK.	[MsgId: MMSG-17999]
TE_type:  typed text = <kReturn>	[MsgId: MMSG-17999]
Action2.c(34): lr_think_time: 5.26 seconds (recorded think time was 5.00 seconds).	[MsgId: MMSG-15947]
Ending action Action2.	[MsgId: MMSG-15918]
Ending iteration 1.	[MsgId: MMSG-15965]
Ending Vuser...	[MsgId: MMSG-15966]
Starting action vuser_end.	[MsgId: MMSG-15919]
Ending action vuser_end.	[MsgId: MMSG-15918]
Vuser Terminated.	[MsgId: MMSG-15963]
Vuser 1 (thread 6836), ended OK."	[MsgId: MMSG-10695]
Action2.c(28): lr_think_time: 2.97 seconds (recorded think time was 5.00 seconds).	[MsgId: MMSG-15947]
Action2.c(23): lr_think_time: 5.38 seconds (recorded think time was 5.00 seconds).	[MsgId: MMSG-15947]
TE_wait_text:  pattern =     任务	[MsgId: MMSG-17999]
Function TE_wait_text returned OK.	[MsgId: MMSG-17999]
Action2.c(36): Notify: Transaction "pick" ended with "Pass" status (Duration: 22.7155 Think Time: 22.2778 Wasted Time: 0.2000).	[MsgId: MMSG-16870]
Action2.c(39): lr_think_time: 2.62 seconds (recorded think time was 5.00 seconds).	[MsgId: MMSG-15947]
Action2.c(28): lr_think_time: 5.91 seconds (recorded think time was 5.00 seconds).	[MsgId: MMSG-15947]
TE_type:  typed text = <kReturn>	[MsgId: MMSG-17999]
TE_type:  typed text = <kReturn>	[MsgId: MMSG-17999]
TE_wait_text:  pattern = F4-批号选择	[MsgId: MMSG-17999]
TE_type:  typed text = ]C19186110001929500190 11161003930000117	[MsgId: MMSG-17999]
TE_type:  typed text = 0000000006	[MsgId: MMSG-17999]
Function TE_wait_text returned OK.	[MsgId: MMSG-17999]
TE_type:  typed text = <kControl-c>	[MsgId: MMSG-17999]
TE_type:  typed text = <kReturn>	[MsgId: MMSG-17999]
Action2.c(42): lr_think_time: 1.24 seconds (recorded think time was 1.00 seconds).	[MsgId: MMSG-15947]
Action2.c(34): lr_think_time: 5.76 seconds (recorded think time was 5.00 seconds).	[MsgId: MMSG-15947]
TE_type:  typed text = <kReturn>	[MsgId: MMSG-17999]
TE_wait_text:  pattern =  F1-跳过	[MsgId: MMSG-17999]
Function TE_wait_text returned OK.	[MsgId: MMSG-17999]
Action2.c(20): Notify: Transaction "pick" started.	[MsgId: MMSG-16999]
TE_type:  typed text = SH00087380	[MsgId: MMSG-17999]
Action2.c(28): lr_think_time: 7.43 seconds (recorded think time was 5.00 seconds).	[MsgId: MMSG-15947]
TE_type:  typed text = 1	[MsgId: MMSG-17999]
Action2.c(8): lr_think_time: 6.75 seconds (recorded think time was 5.00 seconds).	[MsgId: MMSG-15947]
Action2.c(28): lr_think_time: 2.94 seconds (recorded think time was 5.00 seconds).	[MsgId: MMSG-15947]
TE_type:  typed text = <kReturn>	[MsgId: MMSG-17999]
TE_type:  typed text = <kReturn>	[MsgId: MMSG-17999]
Action2.c(16): lr_think_time: 5.63 seconds (recorded think time was 5.00 seconds).	[MsgId: MMSG-15947]
TE_type:  typed text = exit<kReturn>	[MsgId: MMSG-17999]
TE_type:  typed text = <kReturn>	[MsgId: MMSG-17999]
TE_wait_text:  pattern =  F1-跳过	[MsgId: MMSG-17999]
Action2.c(23): lr_think_time: 6.18 seconds (recorded think time was 5.00 seconds).	[MsgId: MMSG-15947]
TE_type:  typed text = <kReturn>	[MsgId: MMSG-17999]
TE_wait_text:  pattern = F4-批号选择	[MsgId: MMSG-17999]
Function TE_wait_text returned OK.	[MsgId: MMSG-17999]
Action2.c(20): Notify: Transaction "pick" started.	[MsgId: MMSG-16999]
TE_type:  typed text = SH00087380	[MsgId: MMSG-17999]
Ending action Action2.	[MsgId: MMSG-15918]
Ending iteration 1.	[MsgId: MMSG-15965]
Ending Vuser...	[MsgId: MMSG-15966]
Starting action vuser_end.	[MsgId: MMSG-15919]
Ending action vuser_end.	[MsgId: MMSG-15918]
Vuser Terminated.	[MsgId: MMSG-15963]
TE_type:  typed text = <kControl-c>	[MsgId: MMSG-17999]
Action2.c(42): lr_think_time: 1.40 seconds (recorded think time was 1.00 seconds).	[MsgId: MMSG-15947]
Vuser 4 (thread 3744), ended OK."	[MsgId: MMSG-10695]
Function TE_wait_text returned OK.	[MsgId: MMSG-17999]
TE_type:  typed text = <kReturn>	[MsgId: MMSG-17999]
Action2.c(34): lr_think_time: 2.53 seconds (recorded think time was 5.00 seconds).	[MsgId: MMSG-15947]
TE_type:  typed text = 0000000006	[MsgId: MMSG-17999]
TE_type:  typed text = 0000000006	[MsgId: MMSG-17999]
TE_type:  typed text = 0000000006	[MsgId: MMSG-17999]
Action2.c(23): lr_think_time: 4.83 seconds (recorded think time was 5.00 seconds).	[MsgId: MMSG-15947]
TE_type:  typed text = <kReturn>	[MsgId: MMSG-17999]
TE_type:  typed text = <kReturn>	[MsgId: MMSG-17999]
Action2.c(16): lr_think_time: 4.16 seconds (recorded think time was 5.00 seconds).	[MsgId: MMSG-15947]
TE_type:  typed text = <kReturn>	[MsgId: MMSG-17999]
TE_type:  typed text = <kReturn>	[MsgId: MMSG-17999]
Action2.c(16): lr_think_time: 5.13 seconds (recorded think time was 5.00 seconds).	[MsgId: MMSG-15947]
TE_wait_text:  pattern =     任务	[MsgId: MMSG-17999]
TE_type:  typed text = <kReturn>	[MsgId: MMSG-17999]
TE_type:  typed text = <kReturn>	[MsgId: MMSG-17999]
Action2.c(16): lr_think_time: 3.46 seconds (recorded think time was 5.00 seconds).	[MsgId: MMSG-15947]
Function TE_wait_text returned OK.	[MsgId: MMSG-17999]
Action2.c(36): Notify: Transaction "pick" ended with "Pass" status (Duration: 22.0602 Think Time: 21.6382 Wasted Time: 0.2000).	[MsgId: MMSG-16870]
Action2.c(39): lr_think_time: 2.55 seconds (recorded think time was 5.00 seconds).	[MsgId: MMSG-15947]
TE_type:  typed text = exit<kReturn>	[MsgId: MMSG-17999]
TE_wait_text:  pattern =     任务	[MsgId: MMSG-17999]
Function TE_wait_text returned OK.	[MsgId: MMSG-17999]
Action2.c(36): Notify: Transaction "pick" ended with "Pass" status (Duration: 21.3719 Think Time: 20.9341 Wasted Time: 0.2000).	[MsgId: MMSG-16870]
Action2.c(39): lr_think_time: 3.93 seconds (recorded think time was 5.00 seconds).	[MsgId: MMSG-15947]
TE_type:  typed text = <kReturn>	[MsgId: MMSG-17999]
TE_type:  typed text = ]C19186110001929500190 11161003930000117	[MsgId: MMSG-17999]
Ending action Action2.	[MsgId: MMSG-15918]
Ending iteration 1.	[MsgId: MMSG-15965]
Ending Vuser...	[MsgId: MMSG-15966]
Starting action vuser_end.	[MsgId: MMSG-15919]
Ending action vuser_end.	[MsgId: MMSG-15918]
Vuser Terminated.	[MsgId: MMSG-15963]
Action2.c(28): lr_think_time: 3.44 seconds (recorded think time was 5.00 seconds).	[MsgId: MMSG-15947]
Vuser 0 (thread 3700), ended OK."	[MsgId: MMSG-10695]
TE_type:  typed text = <kReturn>	[MsgId: MMSG-17999]
TE_wait_text:  pattern = F4-批号选择	[MsgId: MMSG-17999]
TE_type:  typed text = <kReturn>	[MsgId: MMSG-17999]
TE_type:  typed text = ]C19186110001929500190 11161003930000117	[MsgId: MMSG-17999]
TE_wait_text:  pattern =     任务	[MsgId: MMSG-17999]
Function TE_wait_text returned OK.	[MsgId: MMSG-17999]
Action2.c(36): Notify: Transaction "pick" ended with "Pass" status (Duration: 15.5998 Think Time: 15.1620 Wasted Time: 0.2000).	[MsgId: MMSG-16870]
Action2.c(39): lr_think_time: 6.21 seconds (recorded think time was 5.00 seconds).	[MsgId: MMSG-15947]
TE_type:  typed text = <kReturn>	[MsgId: MMSG-17999]
TE_wait_text:  pattern = F4-批号选择	[MsgId: MMSG-17999]
TE_type:  typed text = <kControl-c>	[MsgId: MMSG-17999]
Action2.c(42): lr_think_time: 1.19 seconds (recorded think time was 1.00 seconds).	[MsgId: MMSG-15947]
Function TE_wait_text returned OK.	[MsgId: MMSG-17999]
TE_type:  typed text = <kReturn>	[MsgId: MMSG-17999]
Action2.c(34): lr_think_time: 4.20 seconds (recorded think time was 5.00 seconds).	[MsgId: MMSG-15947]
TE_wait_text:  pattern =     任务	[MsgId: MMSG-17999]
Function TE_wait_text returned OK.	[MsgId: MMSG-17999]
Action2.c(36): Notify: Transaction "pick" ended with "Pass" status (Duration: 18.1273 Think Time: 17.7047 Wasted Time: 0.2000).	[MsgId: MMSG-16870]
Action2.c(39): lr_think_time: 4.07 seconds (recorded think time was 5.00 seconds).	[MsgId: MMSG-15947]
TE_type:  typed text = <kReturn>	[MsgId: MMSG-17999]
TE_wait_text:  pattern =  F1-跳过	[MsgId: MMSG-17999]
TE_type:  typed text = <kReturn>	[MsgId: MMSG-17999]
TE_wait_text:  pattern =  F1-跳过	[MsgId: MMSG-17999]
Function TE_wait_text returned OK.	[MsgId: MMSG-17999]
Action2.c(20): Notify: Transaction "pick" started.	[MsgId: MMSG-16999]
TE_type:  typed text = SH00087380	[MsgId: MMSG-17999]
TE_type:  typed text = exit<kReturn>	[MsgId: MMSG-17999]
Function TE_wait_text returned OK.	[MsgId: MMSG-17999]
Action2.c(20): Notify: Transaction "pick" started.	[MsgId: MMSG-16999]
TE_type:  typed text = SH00087380	[MsgId: MMSG-17999]
TE_type:  typed text = <kReturn>	[MsgId: MMSG-17999]
TE_wait_text:  pattern =  F1-跳过	[MsgId: MMSG-17999]
TE_type:  typed text = <kReturn>	[MsgId: MMSG-17999]
TE_wait_text:  pattern = F4-批号选择	[MsgId: MMSG-17999]
TE_type:  typed text = <kControl-c>	[MsgId: MMSG-17999]
Action2.c(42): lr_think_time: 1.23 seconds (recorded think time was 1.00 seconds).	[MsgId: MMSG-15947]
Ending action Action2.	[MsgId: MMSG-15918]
Ending iteration 1.	[MsgId: MMSG-15965]
Ending Vuser...	[MsgId: MMSG-15966]
Starting action vuser_end.	[MsgId: MMSG-15919]
Ending action vuser_end.	[MsgId: MMSG-15918]
Vuser Terminated.	[MsgId: MMSG-15963]
Action2.c(28): lr_think_time: 6.98 seconds (recorded think time was 5.00 seconds).	[MsgId: MMSG-15947]
Function TE_wait_text returned OK.	[MsgId: MMSG-17999]
Action2.c(20): Notify: Transaction "pick" started.	[MsgId: MMSG-16999]
TE_type:  typed text = SH00087380	[MsgId: MMSG-17999]
TE_type:  typed text = 0000000006	[MsgId: MMSG-17999]
Vuser 3 (thread 7696), ended OK."	[MsgId: MMSG-10695]
TE_type:  typed text = <kReturn>	[MsgId: MMSG-17999]
TE_type:  typed text = ]C19186110001929500190 11161003930000117	[MsgId: MMSG-17999]
Function TE_wait_text returned OK.	[MsgId: MMSG-17999]
TE_type:  typed text = <kReturn>	[MsgId: MMSG-17999]
Action2.c(34): lr_think_time: 3.94 seconds (recorded think time was 5.00 seconds).	[MsgId: MMSG-15947]
TE_type:  typed text = <kReturn>	[MsgId: MMSG-17999]
TE_type:  typed text = ]C19186110001929500190 11161003930000117	[MsgId: MMSG-17999]
Action2.c(23): lr_think_time: 7.19 seconds (recorded think time was 5.00 seconds).	[MsgId: MMSG-15947]
Action2.c(23): lr_think_time: 6.63 seconds (recorded think time was 5.00 seconds).	[MsgId: MMSG-15947]
Action2.c(28): lr_think_time: 4.54 seconds (recorded think time was 5.00 seconds).	[MsgId: MMSG-15947]
TE_type:  typed text = <kReturn>	[MsgId: MMSG-17999]
TE_wait_text:  pattern = F4-批号选择	[MsgId: MMSG-17999]
TE_type:  typed text = <kReturn>	[MsgId: MMSG-17999]
TE_wait_text:  pattern =  F1-跳过	[MsgId: MMSG-17999]
Action2.c(23): lr_think_time: 2.75 seconds (recorded think time was 5.00 seconds).	[MsgId: MMSG-15947]
TE_type:  typed text = <kReturn>	[MsgId: MMSG-17999]
TE_type:  typed text = <kReturn>	[MsgId: MMSG-17999]
Action2.c(16): lr_think_time: 3.25 seconds (recorded think time was 5.00 seconds).	[MsgId: MMSG-15947]
Function TE_wait_text returned OK.	[MsgId: MMSG-17999]
TE_type:  typed text = <kReturn>	[MsgId: MMSG-17999]
Action2.c(34): lr_think_time: 3.54 seconds (recorded think time was 5.00 seconds).	[MsgId: MMSG-15947]
Function TE_wait_text returned OK.	[MsgId: MMSG-17999]
Action2.c(20): Notify: Transaction "pick" started.	[MsgId: MMSG-16999]
TE_type:  typed text = SH00087380	[MsgId: MMSG-17999]
TE_type:  typed text = exit<kReturn>	[MsgId: MMSG-17999]
Ending action Action2.	[MsgId: MMSG-15918]
Ending iteration 1.	[MsgId: MMSG-15965]
Ending Vuser...	[MsgId: MMSG-15966]
Starting action vuser_end.	[MsgId: MMSG-15919]
Ending action vuser_end.	[MsgId: MMSG-15918]
Vuser Terminated.	[MsgId: MMSG-15963]
Vuser 2 (thread 4484), ended OK."	[MsgId: MMSG-10695]
Action2.c(23): lr_think_time: 6.53 seconds (recorded think time was 5.00 seconds).	[MsgId: MMSG-15947]
TE_wait_text:  pattern =     任务	[MsgId: MMSG-17999]
TE_type:  typed text = <kControl-c>	[MsgId: MMSG-17999]
Function TE_wait_text returned OK.	[MsgId: MMSG-17999]
Action2.c(36): Notify: Transaction "pick" ended with "Pass" status (Duration: 22.7605 Think Time: 22.3384 Wasted Time: 0.2000).	[MsgId: MMSG-16870]
Action2.c(39): lr_think_time: 3.04 seconds (recorded think time was 5.00 seconds).	[MsgId: MMSG-15947]
Action2.c(42): lr_think_time: 1.36 seconds (recorded think time was 1.00 seconds).	[MsgId: MMSG-15947]
TE_type:  typed text = <kControl-c>	[MsgId: MMSG-17999]
Action2.c(42): lr_think_time: 0.84 seconds (recorded think time was 1.00 seconds).	[MsgId: MMSG-15947]
TE_type:  typed text = <kReturn>	[MsgId: MMSG-17999]
TE_type:  typed text = ]C19186110001929500190 11161003930000117	[MsgId: MMSG-17999]
Action2.c(28): lr_think_time: 6.16 seconds (recorded think time was 5.00 seconds).	[MsgId: MMSG-15947]
TE_wait_text:  pattern =     任务	[MsgId: MMSG-17999]
TE_type:  typed text = exit<kReturn>	[MsgId: MMSG-17999]
Function TE_wait_text returned OK.	[MsgId: MMSG-17999]
Action2.c(36): Notify: Transaction "pick" ended with "Pass" status (Duration: 15.4122 Think Time: 14.9744 Wasted Time: 0.2000).	[MsgId: MMSG-16870]
Action2.c(39): lr_think_time: 6.37 seconds (recorded think time was 5.00 seconds).	[MsgId: MMSG-15947]
TE_type:  typed text = <kReturn>	[MsgId: MMSG-17999]
TE_wait_text:  pattern =  F1-跳过	[MsgId: MMSG-17999]
Action2.c(28): lr_think_time: 5.79 seconds (recorded think time was 5.00 seconds).	[MsgId: MMSG-15947]
TE_type:  typed text = exit<kReturn>	[MsgId: MMSG-17999]
Ending action Action2.	[MsgId: MMSG-15918]
Ending iteration 1.	[MsgId: MMSG-15965]
Ending Vuser...	[MsgId: MMSG-15966]
Starting action vuser_end.	[MsgId: MMSG-15919]
Ending action vuser_end.	[MsgId: MMSG-15918]
Vuser Terminated.	[MsgId: MMSG-15963]
TE_wait_text:  pattern =     任务	[MsgId: MMSG-17999]
Function TE_wait_text returned OK.	[MsgId: MMSG-17999]
Action2.c(20): Notify: Transaction "pick" started.	[MsgId: MMSG-16999]
TE_type:  typed text = SH00087380	[MsgId: MMSG-17999]
Vuser 5 (thread 7872), ended OK."	[MsgId: MMSG-10695]
Function TE_wait_text returned OK.	[MsgId: MMSG-17999]
Action2.c(36): Notify: Transaction "pick" ended with "Pass" status (Duration: 19.7202 Think Time: 19.2980 Wasted Time: 0.2000).	[MsgId: MMSG-16870]
Action2.c(39): lr_think_time: 7.44 seconds (recorded think time was 5.00 seconds).	[MsgId: MMSG-15947]
Ending action Action2.	[MsgId: MMSG-15918]
Ending iteration 1.	[MsgId: MMSG-15965]
Ending Vuser...	[MsgId: MMSG-15966]
Starting action vuser_end.	[MsgId: MMSG-15919]
Ending action vuser_end.	[MsgId: MMSG-15918]
Vuser Terminated.	[MsgId: MMSG-15963]
Vuser 6 (thread 2856), ended OK."	[MsgId: MMSG-10695]
TE_type:  typed text = <kReturn>	[MsgId: MMSG-17999]
TE_wait_text:  pattern = F4-批号选择	[MsgId: MMSG-17999]
Action2.c(23): lr_think_time: 3.92 seconds (recorded think time was 5.00 seconds).	[MsgId: MMSG-15947]
Function TE_wait_text returned OK.	[MsgId: MMSG-17999]
TE_type:  typed text = <kReturn>	[MsgId: MMSG-17999]
Action2.c(34): lr_think_time: 4.59 seconds (recorded think time was 5.00 seconds).	[MsgId: MMSG-15947]
TE_type:  typed text = <kControl-c>	[MsgId: MMSG-17999]
Action2.c(42): lr_think_time: 0.64 seconds (recorded think time was 1.00 seconds).	[MsgId: MMSG-15947]
TE_type:  typed text = exit<kReturn>	[MsgId: MMSG-17999]
Ending action Action2.	[MsgId: MMSG-15918]
Ending iteration 1.	[MsgId: MMSG-15965]
Ending Vuser...	[MsgId: MMSG-15966]
Starting action vuser_end.	[MsgId: MMSG-15919]
Ending action vuser_end.	[MsgId: MMSG-15918]
Vuser Terminated.	[MsgId: MMSG-15963]
Vuser 8 (thread 3024), ended OK."	[MsgId: MMSG-10695]
TE_type:  typed text = <kReturn>	[MsgId: MMSG-17999]
TE_wait_text:  pattern = F4-批号选择	[MsgId: MMSG-17999]
TE_type:  typed text = <kReturn>	[MsgId: MMSG-17999]
TE_type:  typed text = ]C19186110001929500190 11161003930000117	[MsgId: MMSG-17999]
Function TE_wait_text returned OK.	[MsgId: MMSG-17999]
TE_type:  typed text = <kReturn>	[MsgId: MMSG-17999]
Action2.c(34): lr_think_time: 7.27 seconds (recorded think time was 5.00 seconds).	[MsgId: MMSG-15947]
TE_type:  typed text = <kReturn>	[MsgId: MMSG-17999]
Action2.c(28): lr_think_time: 7.35 seconds (recorded think time was 5.00 seconds).	[MsgId: MMSG-15947]
TE_type:  typed text = ]C19186110001929500190 11161003930000117	[MsgId: MMSG-17999]
TE_type:  typed text = <kReturn>	[MsgId: MMSG-17999]
TE_type:  typed text = ]C19186110001929500190 11161003930000117	[MsgId: MMSG-17999]
TE_type:  typed text = <kReturn>	[MsgId: MMSG-17999]
TE_type:  typed text = ]C19186110001929500190 11161003930000117	[MsgId: MMSG-17999]
TE_type:  typed text = <kReturn>	[MsgId: MMSG-17999]
TE_wait_text:  pattern = F4-批号选择	[MsgId: MMSG-17999]
TE_wait_text:  pattern =     任务	[MsgId: MMSG-17999]
TE_type:  typed text = <kReturn>	[MsgId: MMSG-17999]
Function TE_wait_text returned OK.	[MsgId: MMSG-17999]
Action2.c(36): Notify: Transaction "pick" ended with "Pass" status (Duration: 19.7672 Think Time: 19.3294 Wasted Time: 0.2000).	[MsgId: MMSG-16870]
Action2.c(39): lr_think_time: 4.99 seconds (recorded think time was 5.00 seconds).	[MsgId: MMSG-15947]
TE_wait_text:  pattern = F4-批号选择	[MsgId: MMSG-17999]
Function TE_wait_text returned OK.	[MsgId: MMSG-17999]
TE_type:  typed text = <kReturn>	[MsgId: MMSG-17999]
Action2.c(34): lr_think_time: 5.88 seconds (recorded think time was 5.00 seconds).	[MsgId: MMSG-15947]
TE_type:  typed text = <kControl-c>	[MsgId: MMSG-17999]
Action2.c(42): lr_think_time: 0.56 seconds (recorded think time was 1.00 seconds).	[MsgId: MMSG-15947]
Action2.c(28): lr_think_time: 3.59 seconds (recorded think time was 5.00 seconds).	[MsgId: MMSG-15947]
TE_type:  typed text = exit<kReturn>	[MsgId: MMSG-17999]
Action2.c(28): lr_think_time: 5.59 seconds (recorded think time was 5.00 seconds).	[MsgId: MMSG-15947]
Ending action Action2.	[MsgId: MMSG-15918]
Ending iteration 1.	[MsgId: MMSG-15965]
Ending Vuser...	[MsgId: MMSG-15966]
Starting action vuser_end.	[MsgId: MMSG-15919]
Ending action vuser_end.	[MsgId: MMSG-15918]
Vuser Terminated.	[MsgId: MMSG-15963]
Vuser 14 (thread 5076), ended OK."	[MsgId: MMSG-10695]
TE_type:  typed text = <kControl-c>	[MsgId: MMSG-17999]
Action2.c(42): lr_think_time: 1.36 seconds (recorded think time was 1.00 seconds).	[MsgId: MMSG-15947]
Action2.c(28): lr_think_time: 3.85 seconds (recorded think time was 5.00 seconds).	[MsgId: MMSG-15947]
Action2.c(28): lr_think_time: 4.60 seconds (recorded think time was 5.00 seconds).	[MsgId: MMSG-15947]
TE_type:  typed text = exit<kReturn>	[MsgId: MMSG-17999]
Ending action Action2.	[MsgId: MMSG-15918]
Ending iteration 1.	[MsgId: MMSG-15965]
Ending Vuser...	[MsgId: MMSG-15966]
Starting action vuser_end.	[MsgId: MMSG-15919]
Ending action vuser_end.	[MsgId: MMSG-15918]
Vuser Terminated.	[MsgId: MMSG-15963]
Vuser 9 (thread 380), ended OK."	[MsgId: MMSG-10695]
TE_wait_text:  pattern =     任务	[MsgId: MMSG-17999]
TE_type:  typed text = <kReturn>	[MsgId: MMSG-17999]
TE_wait_text:  pattern = F4-批号选择	[MsgId: MMSG-17999]
Function TE_wait_text returned OK.	[MsgId: MMSG-17999]
Action2.c(36): Notify: Transaction "pick" ended with "Pass" status (Duration: 25.3845 Think Time: 24.9609 Wasted Time: 0.2000).	[MsgId: MMSG-16870]
Action2.c(39): lr_think_time: 2.97 seconds (recorded think time was 5.00 seconds).	[MsgId: MMSG-15947]
TE_type:  typed text = <kReturn>	[MsgId: MMSG-17999]
TE_wait_text:  pattern = F4-批号选择	[MsgId: MMSG-17999]
Function TE_wait_text returned OK.	[MsgId: MMSG-17999]
TE_type:  typed text = <kReturn>	[MsgId: MMSG-17999]
Action2.c(34): lr_think_time: 5.29 seconds (recorded think time was 5.00 seconds).	[MsgId: MMSG-15947]
TE_type:  typed text = <kControl-c>	[MsgId: MMSG-17999]
Action2.c(42): lr_think_time: 1.05 seconds (recorded think time was 1.00 seconds).	[MsgId: MMSG-15947]
Function TE_wait_text returned OK.	[MsgId: MMSG-17999]
TE_type:  typed text = <kReturn>	[MsgId: MMSG-17999]
Action2.c(34): lr_think_time: 7.43 seconds (recorded think time was 5.00 seconds).	[MsgId: MMSG-15947]
TE_type:  typed text = exit<kReturn>	[MsgId: MMSG-17999]
TE_type:  typed text = <kReturn>	[MsgId: MMSG-17999]
TE_wait_text:  pattern = F4-批号选择	[MsgId: MMSG-17999]
TE_wait_text:  pattern =     任务	[MsgId: MMSG-17999]
Function TE_wait_text returned OK.	[MsgId: MMSG-17999]
Action2.c(36): Notify: Transaction "pick" ended with "Pass" status (Duration: 22.1072 Think Time: 21.6834 Wasted Time: 0.2000).	[MsgId: MMSG-16870]
Action2.c(39): lr_think_time: 5.57 seconds (recorded think time was 5.00 seconds).	[MsgId: MMSG-15947]
Ending action Action2.	[MsgId: MMSG-15918]
Ending iteration 1.	[MsgId: MMSG-15965]
Ending Vuser...	[MsgId: MMSG-15966]
Starting action vuser_end.	[MsgId: MMSG-15919]
Ending action vuser_end.	[MsgId: MMSG-15918]
Vuser Terminated.	[MsgId: MMSG-15963]
Vuser 13 (thread 7092), ended OK."	[MsgId: MMSG-10695]
TE_type:  typed text = <kReturn>	[MsgId: MMSG-17999]
TE_wait_text:  pattern = F4-批号选择	[MsgId: MMSG-17999]
TE_type:  typed text = <kControl-c>	[MsgId: MMSG-17999]
Action2.c(42): lr_think_time: 1.44 seconds (recorded think time was 1.00 seconds).	[MsgId: MMSG-15947]
TE_type:  typed text = <kReturn>	[MsgId: MMSG-17999]
TE_wait_text:  pattern = F4-批号选择	[MsgId: MMSG-17999]
Function TE_wait_text returned OK.	[MsgId: MMSG-17999]
TE_type:  typed text = <kReturn>	[MsgId: MMSG-17999]
Action2.c(34): lr_think_time: 5.16 seconds (recorded think time was 5.00 seconds).	[MsgId: MMSG-15947]
TE_type:  typed text = exit<kReturn>	[MsgId: MMSG-17999]
Ending action Action2.	[MsgId: MMSG-15918]
Ending iteration 1.	[MsgId: MMSG-15965]
Ending Vuser...	[MsgId: MMSG-15966]
Starting action vuser_end.	[MsgId: MMSG-15919]
Ending action vuser_end.	[MsgId: MMSG-15918]
Vuser Terminated.	[MsgId: MMSG-15963]
Vuser 11 (thread 2976), ended OK."	[MsgId: MMSG-10695]
TE_wait_text:  pattern =     任务	[MsgId: MMSG-17999]
Function TE_wait_text returned OK.	[MsgId: MMSG-17999]
Action2.c(36): Notify: Transaction "pick" ended with "Pass" status (Duration: 20.7810 Think Time: 20.3432 Wasted Time: 0.2000).	[MsgId: MMSG-16870]
Action2.c(39): lr_think_time: 5.18 seconds (recorded think time was 5.00 seconds).	[MsgId: MMSG-15947]
Function TE_wait_text returned OK.	[MsgId: MMSG-17999]
TE_type:  typed text = <kReturn>	[MsgId: MMSG-17999]
Action2.c(34): lr_think_time: 3.68 seconds (recorded think time was 5.00 seconds).	[MsgId: MMSG-15947]
TE_type:  typed text = <kControl-c>	[MsgId: MMSG-17999]
Action2.c(42): lr_think_time: 1.25 seconds (recorded think time was 1.00 seconds).	[MsgId: MMSG-15947]
TE_wait_text:  pattern =     任务	[MsgId: MMSG-17999]
Function TE_wait_text returned OK.	[MsgId: MMSG-17999]
Action2.c(36): Notify: Transaction "pick" ended with "Pass" status (Duration: 22.7782 Think Time: 22.3559 Wasted Time: 0.2000).	[MsgId: MMSG-16870]
Action2.c(39): lr_think_time: 4.96 seconds (recorded think time was 5.00 seconds).	[MsgId: MMSG-15947]
TE_type:  typed text = exit<kReturn>	[MsgId: MMSG-17999]
TE_wait_text:  pattern =     任务	[MsgId: MMSG-17999]
Function TE_wait_text returned OK.	[MsgId: MMSG-17999]
Action2.c(36): Notify: Transaction "pick" ended with "Pass" status (Duration: 18.9527 Think Time: 18.5149 Wasted Time: 0.2000).	[MsgId: MMSG-16870]
Action2.c(39): lr_think_time: 7.09 seconds (recorded think time was 5.00 seconds).	[MsgId: MMSG-15947]
Ending action Action2.	[MsgId: MMSG-15918]
Ending iteration 1.	[MsgId: MMSG-15965]
Ending Vuser...	[MsgId: MMSG-15966]
Starting action vuser_end.	[MsgId: MMSG-15919]
Ending action vuser_end.	[MsgId: MMSG-15918]
Vuser Terminated.	[MsgId: MMSG-15963]
Vuser 10 (thread 5324), ended OK."	[MsgId: MMSG-10695]
TE_wait_text:  pattern =     任务	[MsgId: MMSG-17999]
Function TE_wait_text returned OK.	[MsgId: MMSG-17999]
Action2.c(36): Notify: Transaction "pick" ended with "Pass" status (Duration: 25.2897 Think Time: 21.2792 Wasted Time: 0.2000).	[MsgId: MMSG-16870]
Action2.c(39): lr_think_time: 3.04 seconds (recorded think time was 5.00 seconds).	[MsgId: MMSG-15947]
TE_type:  typed text = <kControl-c>	[MsgId: MMSG-17999]
Action2.c(42): lr_think_time: 1.10 seconds (recorded think time was 1.00 seconds).	[MsgId: MMSG-15947]
Function TE_wait_text returned OK.	[MsgId: MMSG-17999]
Function TE_wait_text returned OK.	[MsgId: MMSG-17999]
TE_type:  typed text = <kReturn>	[MsgId: MMSG-17999]
TE_type:  typed text = <kReturn>	[MsgId: MMSG-17999]
Action2.c(34): lr_think_time: 5.16 seconds (recorded think time was 5.00 seconds).	[MsgId: MMSG-15947]
Action2.c(34): lr_think_time: 7.08 seconds (recorded think time was 5.00 seconds).	[MsgId: MMSG-15947]
Function TE_wait_text returned OK.	[MsgId: MMSG-17999]
TE_type:  typed text = <kReturn>	[MsgId: MMSG-17999]
Action2.c(34): lr_think_time: 7.09 seconds (recorded think time was 5.00 seconds).	[MsgId: MMSG-15947]
TE_type:  typed text = exit<kReturn>	[MsgId: MMSG-17999]
Ending action Action2.	[MsgId: MMSG-15918]
Ending iteration 1.	[MsgId: MMSG-15965]
Ending Vuser...	[MsgId: MMSG-15966]
Starting action vuser_end.	[MsgId: MMSG-15919]
Ending action vuser_end.	[MsgId: MMSG-15918]
Vuser Terminated.	[MsgId: MMSG-15963]
Vuser 18 (thread 8056), ended OK."	[MsgId: MMSG-10695]
TE_type:  typed text = <kControl-c>	[MsgId: MMSG-17999]
Action2.c(42): lr_think_time: 0.72 seconds (recorded think time was 1.00 seconds).	[MsgId: MMSG-15947]
TE_type:  typed text = <kControl-c>	[MsgId: MMSG-17999]
Action2.c(42): lr_think_time: 0.60 seconds (recorded think time was 1.00 seconds).	[MsgId: MMSG-15947]
TE_type:  typed text = exit<kReturn>	[MsgId: MMSG-17999]
TE_type:  typed text = exit<kReturn>	[MsgId: MMSG-17999]
Ending action Action2.	[MsgId: MMSG-15918]
Ending iteration 1.	[MsgId: MMSG-15965]
Ending Vuser...	[MsgId: MMSG-15966]
Starting action vuser_end.	[MsgId: MMSG-15919]
Ending action vuser_end.	[MsgId: MMSG-15918]
Vuser Terminated.	[MsgId: MMSG-15963]
Ending action Action2.	[MsgId: MMSG-15918]
Ending iteration 1.	[MsgId: MMSG-15965]
Ending Vuser...	[MsgId: MMSG-15966]
Starting action vuser_end.	[MsgId: MMSG-15919]
Ending action vuser_end.	[MsgId: MMSG-15918]
Vuser Terminated.	[MsgId: MMSG-15963]
Vuser 15 (thread 7812), ended OK."	[MsgId: MMSG-10695]
Vuser 16 (thread 7716), ended OK."	[MsgId: MMSG-10695]
TE_type:  typed text = <kControl-c>	[MsgId: MMSG-17999]
Action2.c(42): lr_think_time: 1.04 seconds (recorded think time was 1.00 seconds).	[MsgId: MMSG-15947]
TE_wait_text:  pattern =     任务	[MsgId: MMSG-17999]
Function TE_wait_text returned OK.	[MsgId: MMSG-17999]
Action2.c(36): Notify: Transaction "pick" ended with "Pass" status (Duration: 48.6274 Think Time: 19.1867 Wasted Time: 0.2000).	[MsgId: MMSG-16870]
Action2.c(39): lr_think_time: 5.27 seconds (recorded think time was 5.00 seconds).	[MsgId: MMSG-15947]
TE_type:  typed text = exit<kReturn>	[MsgId: MMSG-17999]
Ending action Action2.	[MsgId: MMSG-15918]
Ending iteration 1.	[MsgId: MMSG-15965]
Ending Vuser...	[MsgId: MMSG-15966]
Starting action vuser_end.	[MsgId: MMSG-15919]
Ending action vuser_end.	[MsgId: MMSG-15918]
Vuser Terminated.	[MsgId: MMSG-15963]
Vuser 17 (thread 5988), ended OK."	[MsgId: MMSG-10695]
TE_wait_text:  pattern =     任务	[MsgId: MMSG-17999]
TE_wait_text:  pattern =     任务	[MsgId: MMSG-17999]
Function TE_wait_text returned OK.	[MsgId: MMSG-17999]
Action2.c(36): Notify: Transaction "pick" ended with "Pass" status (Duration: 31.9818 Think Time: 22.2933 Wasted Time: 0.2000).	[MsgId: MMSG-16870]
Action2.c(39): lr_think_time: 5.14 seconds (recorded think time was 5.00 seconds).	[MsgId: MMSG-15947]
Function TE_wait_text returned OK.	[MsgId: MMSG-17999]
Action2.c(36): Notify: Transaction "pick" ended with "Pass" status (Duration: 39.8291 Think Time: 23.8846 Wasted Time: 0.2000).	[MsgId: MMSG-16870]
Action2.c(39): lr_think_time: 4.24 seconds (recorded think time was 5.00 seconds).	[MsgId: MMSG-15947]
TE_type:  typed text = <kControl-c>	[MsgId: MMSG-17999]
Action2.c(42): lr_think_time: 1.29 seconds (recorded think time was 1.00 seconds).	[MsgId: MMSG-15947]
TE_type:  typed text = <kControl-c>	[MsgId: MMSG-17999]
Action2.c(42): lr_think_time: 0.70 seconds (recorded think time was 1.00 seconds).	[MsgId: MMSG-15947]
TE_type:  typed text = exit<kReturn>	[MsgId: MMSG-17999]
TE_type:  typed text = exit<kReturn>	[MsgId: MMSG-17999]
Ending action Action2.	[MsgId: MMSG-15918]
Ending iteration 1.	[MsgId: MMSG-15965]
Ending Vuser...	[MsgId: MMSG-15966]
Starting action vuser_end.	[MsgId: MMSG-15919]
Ending action vuser_end.	[MsgId: MMSG-15918]
Vuser Terminated.	[MsgId: MMSG-15963]
TE_type:  typed text = <kControl-c>	[MsgId: MMSG-17999]
Action2.c(42): lr_think_time: 1.42 seconds (recorded think time was 1.00 seconds).	[MsgId: MMSG-15947]
Vuser 7 (thread 3812), ended OK."	[MsgId: MMSG-10695]
Ending action Action2.	[MsgId: MMSG-15918]
Ending iteration 1.	[MsgId: MMSG-15965]
Ending Vuser...	[MsgId: MMSG-15966]
Starting action vuser_end.	[MsgId: MMSG-15919]
Ending action vuser_end.	[MsgId: MMSG-15918]
Vuser Terminated.	[MsgId: MMSG-15963]
Vuser 12 (thread 4104), ended OK."	[MsgId: MMSG-10695]
TE_type:  typed text = exit<kReturn>	[MsgId: MMSG-17999]
Ending action Action2.	[MsgId: MMSG-15918]
Ending iteration 1.	[MsgId: MMSG-15965]
Ending Vuser...	[MsgId: MMSG-15966]
Starting action vuser_end.	[MsgId: MMSG-15919]
Ending action vuser_end.	[MsgId: MMSG-15918]
Vuser Terminated.	[MsgId: MMSG-15963]
Vuser 19 (thread 272), ended OK."	[MsgId: MMSG-10695]
