62576
Virtual User Script started at : 2017-04-11 16:13:08	[MsgId: MMSG-15967]
Starting action vuser_init.	[MsgId: MMSG-15919]
62579
Virtual User Script started at : 2017-04-11 16:13:08	[MsgId: MMSG-15967]
Starting action vuser_init.	[MsgId: MMSG-15919]
Connect succeeded on try 1: comm-type = telnet;host-name = 172.31.73.40;terminal-id = ;set-window-size = true;security-type = unsecured;terminal-type = vt420-8;terminal-model = vt420;login-command-file = ;terminal-setup-file = ;.	[MsgId: MMSG-17999]
Function TE_connect returned OK.	[MsgId: MMSG-17999]
TE_type:  typed text = yumrf<kReturn>	[MsgId: MMSG-17999]
Connect succeeded on try 1: comm-type = telnet;host-name = 172.31.73.40;terminal-id = ;set-window-size = true;security-type = unsecured;terminal-type = vt420-8;terminal-model = vt420;login-command-file = ;terminal-setup-file = ;.	[MsgId: MMSG-17999]
Function TE_connect returned OK.	[MsgId: MMSG-17999]
TE_type:  typed text = yumrf<kReturn>	[MsgId: MMSG-17999]
TE_type:  typed text = Yum1234!<kReturn>	[MsgId: MMSG-17999]
TE_type:  typed text = Yum1234!<kReturn>	[MsgId: MMSG-17999]
Ending action vuser_init.	[MsgId: MMSG-15918]
Running Vuser...	[MsgId: MMSG-15964]
Ending action vuser_init.	[MsgId: MMSG-15918]
Running Vuser...	[MsgId: MMSG-15964]
62585
Virtual User Script started at : 2017-04-11 16:13:23	[MsgId: MMSG-15967]
Starting action vuser_init.	[MsgId: MMSG-15919]
Connect succeeded on try 1: comm-type = telnet;host-name = 172.31.73.40;terminal-id = ;set-window-size = true;security-type = unsecured;terminal-type = vt420-8;terminal-model = vt420;login-command-file = ;terminal-setup-file = ;.	[MsgId: MMSG-17999]
Function TE_connect returned OK.	[MsgId: MMSG-17999]
TE_type:  typed text = yumrf<kReturn>	[MsgId: MMSG-17999]
62588
Virtual User Script started at : 2017-04-11 16:13:23	[MsgId: MMSG-15967]
Starting action vuser_init.	[MsgId: MMSG-15919]
Connect succeeded on try 1: comm-type = telnet;host-name = 172.31.73.40;terminal-id = ;set-window-size = true;security-type = unsecured;terminal-type = vt420-8;terminal-model = vt420;login-command-file = ;terminal-setup-file = ;.	[MsgId: MMSG-17999]
Function TE_connect returned OK.	[MsgId: MMSG-17999]
TE_type:  typed text = yumrf<kReturn>	[MsgId: MMSG-17999]
TE_type:  typed text = Yum1234!<kReturn>	[MsgId: MMSG-17999]
TE_type:  typed text = Yum1234!<kReturn>	[MsgId: MMSG-17999]
Ending action vuser_init.	[MsgId: MMSG-15918]
Running Vuser...	[MsgId: MMSG-15964]
Ending action vuser_init.	[MsgId: MMSG-15918]
Running Vuser...	[MsgId: MMSG-15964]
62593
Virtual User Script started at : 2017-04-11 16:13:38	[MsgId: MMSG-15967]
Starting action vuser_init.	[MsgId: MMSG-15919]
62596
Virtual User Script started at : 2017-04-11 16:13:38	[MsgId: MMSG-15967]
Starting action vuser_init.	[MsgId: MMSG-15919]
Connect succeeded on try 1: comm-type = telnet;host-name = 172.31.73.40;terminal-id = ;set-window-size = true;security-type = unsecured;terminal-type = vt420-8;terminal-model = vt420;login-command-file = ;terminal-setup-file = ;.	[MsgId: MMSG-17999]
Function TE_connect returned OK.	[MsgId: MMSG-17999]
TE_type:  typed text = yumrf<kReturn>	[MsgId: MMSG-17999]
Connect succeeded on try 1: comm-type = telnet;host-name = 172.31.73.40;terminal-id = ;set-window-size = true;security-type = unsecured;terminal-type = vt420-8;terminal-model = vt420;login-command-file = ;terminal-setup-file = ;.	[MsgId: MMSG-17999]
Function TE_connect returned OK.	[MsgId: MMSG-17999]
TE_type:  typed text = yumrf<kReturn>	[MsgId: MMSG-17999]
TE_type:  typed text = Yum1234!<kReturn>	[MsgId: MMSG-17999]
TE_type:  typed text = Yum1234!<kReturn>	[MsgId: MMSG-17999]
Ending action vuser_init.	[MsgId: MMSG-15918]
Running Vuser...	[MsgId: MMSG-15964]
Ending action vuser_init.	[MsgId: MMSG-15918]
Running Vuser...	[MsgId: MMSG-15964]
62601
Virtual User Script started at : 2017-04-11 16:13:53	[MsgId: MMSG-15967]
Starting action vuser_init.	[MsgId: MMSG-15919]
62604
Virtual User Script started at : 2017-04-11 16:13:53	[MsgId: MMSG-15967]
Starting action vuser_init.	[MsgId: MMSG-15919]
Connect succeeded on try 1: comm-type = telnet;host-name = 172.31.73.40;terminal-id = ;set-window-size = true;security-type = unsecured;terminal-type = vt420-8;terminal-model = vt420;login-command-file = ;terminal-setup-file = ;.	[MsgId: MMSG-17999]
Function TE_connect returned OK.	[MsgId: MMSG-17999]
TE_type:  typed text = yumrf<kReturn>	[MsgId: MMSG-17999]
Connect succeeded on try 1: comm-type = telnet;host-name = 172.31.73.40;terminal-id = ;set-window-size = true;security-type = unsecured;terminal-type = vt420-8;terminal-model = vt420;login-command-file = ;terminal-setup-file = ;.	[MsgId: MMSG-17999]
Function TE_connect returned OK.	[MsgId: MMSG-17999]
TE_type:  typed text = yumrf<kReturn>	[MsgId: MMSG-17999]
TE_type:  typed text = Yum1234!<kReturn>	[MsgId: MMSG-17999]
TE_type:  typed text = Yum1234!<kReturn>	[MsgId: MMSG-17999]
Ending action vuser_init.	[MsgId: MMSG-15918]
Running Vuser...	[MsgId: MMSG-15964]
Ending action vuser_init.	[MsgId: MMSG-15918]
Running Vuser...	[MsgId: MMSG-15964]
Aborting RTE vuser.	[MsgId: MMSG-17999]
Aborting RTE vuser.	[MsgId: MMSG-17999]
Aborting RTE vuser.	[MsgId: MMSG-17999]
Aborting RTE vuser.	[MsgId: MMSG-17999]
Aborting RTE vuser.	[MsgId: MMSG-17999]
Action was aborted.	[MsgId: MMSG-10694]
Ending Vuser...	[MsgId: MMSG-15966]
Starting action vuser_end.	[MsgId: MMSG-15919]
Action was aborted.	[MsgId: MMSG-10694]
Ending action vuser_end.	[MsgId: MMSG-15918]
Vuser Terminated.	[MsgId: MMSG-15963]
Action was aborted.	[MsgId: MMSG-10694]
Action was aborted.	[MsgId: MMSG-10694]
Action was aborted.	[MsgId: MMSG-10694]
Ending Vuser...	[MsgId: MMSG-15966]
Ending Vuser...	[MsgId: MMSG-15966]
Starting action vuser_end.	[MsgId: MMSG-15919]
Starting action vuser_end.	[MsgId: MMSG-15919]
Ending action vuser_end.	[MsgId: MMSG-15918]
Ending action vuser_end.	[MsgId: MMSG-15918]
Vuser Terminated.	[MsgId: MMSG-15963]
Vuser Terminated.	[MsgId: MMSG-15963]
Ending Vuser...	[MsgId: MMSG-15966]
Ending Vuser...	[MsgId: MMSG-15966]
Starting action vuser_end.	[MsgId: MMSG-15919]
Starting action vuser_end.	[MsgId: MMSG-15919]
Ending action vuser_end.	[MsgId: MMSG-15918]
Ending action vuser_end.	[MsgId: MMSG-15918]
Vuser Terminated.	[MsgId: MMSG-15963]
Vuser Terminated.	[MsgId: MMSG-15963]
Aborting RTE vuser.	[MsgId: MMSG-17999]
Aborting RTE vuser.	[MsgId: MMSG-17999]
Action was aborted.	[MsgId: MMSG-10694]
Action was aborted.	[MsgId: MMSG-10694]
Ending Vuser...	[MsgId: MMSG-15966]
Starting action vuser_end.	[MsgId: MMSG-15919]
Ending Vuser...	[MsgId: MMSG-15966]
Starting action vuser_end.	[MsgId: MMSG-15919]
Ending action vuser_end.	[MsgId: MMSG-15918]
Ending action vuser_end.	[MsgId: MMSG-15918]
Vuser Terminated.	[MsgId: MMSG-15963]
Vuser Terminated.	[MsgId: MMSG-15963]
Aborting RTE vuser.	[MsgId: MMSG-17999]
Action was aborted.	[MsgId: MMSG-10694]
Ending Vuser...	[MsgId: MMSG-15966]
Starting action vuser_end.	[MsgId: MMSG-15919]
Ending action vuser_end.	[MsgId: MMSG-15918]
Vuser Terminated.	[MsgId: MMSG-15963]
Vuser 7 (thread 5428), ended OK."	[MsgId: MMSG-10695]
Vuser 4 (thread 7756), ended OK."	[MsgId: MMSG-10695]
Vuser 5 (thread 4776), ended OK."	[MsgId: MMSG-10695]
Vuser 0 (thread 7076), ended OK."	[MsgId: MMSG-10695]
Vuser 1 (thread 3496), ended OK."	[MsgId: MMSG-10695]
Vuser 2 (thread 7456), ended OK."	[MsgId: MMSG-10695]
Vuser 6 (thread 3476), ended OK."	[MsgId: MMSG-10695]
Vuser 3 (thread 7280), ended OK."	[MsgId: MMSG-10695]
