56421
Virtual User Script started at : 2017-07-29 22:58:51	[MsgId: MMSG-15967]
Starting action vuser_init.	[MsgId: MMSG-15919]
56428
Virtual User Script started at : 2017-07-29 22:58:51	[MsgId: MMSG-15967]
Starting action vuser_init.	[MsgId: MMSG-15919]
Connect succeeded on try 1: comm-type = telnet;host-name = 172.31.53.83;terminal-id = ;set-window-size = true;security-type = unsecured;terminal-type = vt420-8;terminal-model = vt420;login-command-file = ;terminal-setup-file = ;.	[MsgId: MMSG-17999]
Function TE_connect returned OK.	[MsgId: MMSG-17999]
TE_wait_text:  pattern = login: 	[MsgId: MMSG-17999]
56435
Virtual User Script started at : 2017-07-29 22:58:51	[MsgId: MMSG-15967]
Starting action vuser_init.	[MsgId: MMSG-15919]
Connect succeeded on try 1: comm-type = telnet;host-name = 172.31.53.83;terminal-id = ;set-window-size = true;security-type = unsecured;terminal-type = vt420-8;terminal-model = vt420;login-command-file = ;terminal-setup-file = ;.	[MsgId: MMSG-17999]
Function TE_connect returned OK.	[MsgId: MMSG-17999]
TE_wait_text:  pattern = login: 	[MsgId: MMSG-17999]
56442
Virtual User Script started at : 2017-07-29 22:58:51	[MsgId: MMSG-15967]
Starting action vuser_init.	[MsgId: MMSG-15919]
Connect succeeded on try 1: comm-type = telnet;host-name = 172.31.53.83;terminal-id = ;set-window-size = true;security-type = unsecured;terminal-type = vt420-8;terminal-model = vt420;login-command-file = ;terminal-setup-file = ;.	[MsgId: MMSG-17999]
Function TE_connect returned OK.	[MsgId: MMSG-17999]
TE_wait_text:  pattern = login: 	[MsgId: MMSG-17999]
Function TE_wait_text returned OK.	[MsgId: MMSG-17999]
TE_type:  typed text = yumrf<kReturn>	[MsgId: MMSG-17999]
56448
Virtual User Script started at : 2017-07-29 22:58:51	[MsgId: MMSG-15967]
Starting action vuser_init.	[MsgId: MMSG-15919]
Function TE_wait_text returned OK.	[MsgId: MMSG-17999]
TE_type:  typed text = yumrf<kReturn>	[MsgId: MMSG-17999]
Connect succeeded on try 1: comm-type = telnet;host-name = 172.31.53.83;terminal-id = ;set-window-size = true;security-type = unsecured;terminal-type = vt420-8;terminal-model = vt420;login-command-file = ;terminal-setup-file = ;.	[MsgId: MMSG-17999]
Function TE_connect returned OK.	[MsgId: MMSG-17999]
TE_wait_text:  pattern = login: 	[MsgId: MMSG-17999]
56451
Virtual User Script started at : 2017-07-29 22:58:51	[MsgId: MMSG-15967]
Starting action vuser_init.	[MsgId: MMSG-15919]
Function TE_wait_text returned OK.	[MsgId: MMSG-17999]
TE_type:  typed text = yumrf<kReturn>	[MsgId: MMSG-17999]
Connect succeeded on try 1: comm-type = telnet;host-name = 172.31.53.83;terminal-id = ;set-window-size = true;security-type = unsecured;terminal-type = vt420-8;terminal-model = vt420;login-command-file = ;terminal-setup-file = ;.	[MsgId: MMSG-17999]
Function TE_connect returned OK.	[MsgId: MMSG-17999]
TE_wait_text:  pattern = login: 	[MsgId: MMSG-17999]
56454
Virtual User Script started at : 2017-07-29 22:58:51	[MsgId: MMSG-15967]
Starting action vuser_init.	[MsgId: MMSG-15919]
Function TE_wait_text returned OK.	[MsgId: MMSG-17999]
TE_type:  typed text = yumrf<kReturn>	[MsgId: MMSG-17999]
Connect succeeded on try 1: comm-type = telnet;host-name = 172.31.53.83;terminal-id = ;set-window-size = true;security-type = unsecured;terminal-type = vt420-8;terminal-model = vt420;login-command-file = ;terminal-setup-file = ;.	[MsgId: MMSG-17999]
Function TE_connect returned OK.	[MsgId: MMSG-17999]
TE_wait_text:  pattern = login: 	[MsgId: MMSG-17999]
56457
Virtual User Script started at : 2017-07-29 22:58:51	[MsgId: MMSG-15967]
Starting action vuser_init.	[MsgId: MMSG-15919]
Function TE_wait_text returned OK.	[MsgId: MMSG-17999]
TE_type:  typed text = yumrf<kReturn>	[MsgId: MMSG-17999]
Connect succeeded on try 1: comm-type = telnet;host-name = 172.31.53.83;terminal-id = ;set-window-size = true;security-type = unsecured;terminal-type = vt420-8;terminal-model = vt420;login-command-file = ;terminal-setup-file = ;.	[MsgId: MMSG-17999]
Function TE_connect returned OK.	[MsgId: MMSG-17999]
TE_wait_text:  pattern = login: 	[MsgId: MMSG-17999]
56460
Virtual User Script started at : 2017-07-29 22:58:52	[MsgId: MMSG-15967]
Starting action vuser_init.	[MsgId: MMSG-15919]
Function TE_wait_text returned OK.	[MsgId: MMSG-17999]
Connect succeeded on try 1: comm-type = telnet;host-name = 172.31.53.83;terminal-id = ;set-window-size = true;security-type = unsecured;terminal-type = vt420-8;terminal-model = vt420;login-command-file = ;terminal-setup-file = ;.	[MsgId: MMSG-17999]
TE_type:  typed text = yumrf<kReturn>	[MsgId: MMSG-17999]
Function TE_connect returned OK.	[MsgId: MMSG-17999]
TE_wait_text:  pattern = login: 	[MsgId: MMSG-17999]
56463
Virtual User Script started at : 2017-07-29 22:58:52	[MsgId: MMSG-15967]
Starting action vuser_init.	[MsgId: MMSG-15919]
Connect succeeded on try 1: comm-type = telnet;host-name = 172.31.53.83;terminal-id = ;set-window-size = true;security-type = unsecured;terminal-type = vt420-8;terminal-model = vt420;login-command-file = ;terminal-setup-file = ;.	[MsgId: MMSG-17999]
Function TE_connect returned OK.	[MsgId: MMSG-17999]
TE_wait_text:  pattern = login: 	[MsgId: MMSG-17999]
Function TE_wait_text returned OK.	[MsgId: MMSG-17999]
TE_type:  typed text = yumrf<kReturn>	[MsgId: MMSG-17999]
56466
Virtual User Script started at : 2017-07-29 22:58:52	[MsgId: MMSG-15967]
Starting action vuser_init.	[MsgId: MMSG-15919]
Function TE_wait_text returned OK.	[MsgId: MMSG-17999]
TE_type:  typed text = yumrf<kReturn>	[MsgId: MMSG-17999]
Connect succeeded on try 1: comm-type = telnet;host-name = 172.31.53.83;terminal-id = ;set-window-size = true;security-type = unsecured;terminal-type = vt420-8;terminal-model = vt420;login-command-file = ;terminal-setup-file = ;.	[MsgId: MMSG-17999]
Function TE_connect returned OK.	[MsgId: MMSG-17999]
TE_wait_text:  pattern = login: 	[MsgId: MMSG-17999]
56469
Function TE_wait_text returned OK.	[MsgId: MMSG-17999]
Virtual User Script started at : 2017-07-29 22:58:52	[MsgId: MMSG-15967]
TE_type:  typed text = yumrf<kReturn>	[MsgId: MMSG-17999]
Starting action vuser_init.	[MsgId: MMSG-15919]
Connect succeeded on try 1: comm-type = telnet;host-name = 172.31.53.83;terminal-id = ;set-window-size = true;security-type = unsecured;terminal-type = vt420-8;terminal-model = vt420;login-command-file = ;terminal-setup-file = ;.	[MsgId: MMSG-17999]
Function TE_connect returned OK.	[MsgId: MMSG-17999]
TE_wait_text:  pattern = login: 	[MsgId: MMSG-17999]
56472
Virtual User Script started at : 2017-07-29 22:58:52	[MsgId: MMSG-15967]
vuser_init.c(35): lr_think_time: 5.58 seconds (recorded think time was 4.00 seconds).	[MsgId: MMSG-15947]
Starting action vuser_init.	[MsgId: MMSG-15919]
Function TE_wait_text returned OK.	[MsgId: MMSG-17999]
TE_type:  typed text = yumrf<kReturn>	[MsgId: MMSG-17999]
Connect succeeded on try 1: comm-type = telnet;host-name = 172.31.53.83;terminal-id = ;set-window-size = true;security-type = unsecured;terminal-type = vt420-8;terminal-model = vt420;login-command-file = ;terminal-setup-file = ;.	[MsgId: MMSG-17999]
Function TE_connect returned OK.	[MsgId: MMSG-17999]
TE_wait_text:  pattern = login: 	[MsgId: MMSG-17999]
vuser_init.c(35): lr_think_time: 3.46 seconds (recorded think time was 4.00 seconds).	[MsgId: MMSG-15947]
56475
Virtual User Script started at : 2017-07-29 22:58:52	[MsgId: MMSG-15967]
Starting action vuser_init.	[MsgId: MMSG-15919]
Function TE_wait_text returned OK.	[MsgId: MMSG-17999]
TE_type:  typed text = yumrf<kReturn>	[MsgId: MMSG-17999]
Connect succeeded on try 1: comm-type = telnet;host-name = 172.31.53.83;terminal-id = ;set-window-size = true;security-type = unsecured;terminal-type = vt420-8;terminal-model = vt420;login-command-file = ;terminal-setup-file = ;.	[MsgId: MMSG-17999]
Function TE_connect returned OK.	[MsgId: MMSG-17999]
TE_wait_text:  pattern = login: 	[MsgId: MMSG-17999]
vuser_init.c(35): lr_think_time: 4.30 seconds (recorded think time was 4.00 seconds).	[MsgId: MMSG-15947]
56478
Virtual User Script started at : 2017-07-29 22:58:52	[MsgId: MMSG-15967]
Starting action vuser_init.	[MsgId: MMSG-15919]
Connect succeeded on try 1: comm-type = telnet;host-name = 172.31.53.83;terminal-id = ;set-window-size = true;security-type = unsecured;terminal-type = vt420-8;terminal-model = vt420;login-command-file = ;terminal-setup-file = ;.	[MsgId: MMSG-17999]
Function TE_connect returned OK.	[MsgId: MMSG-17999]
TE_wait_text:  pattern = login: 	[MsgId: MMSG-17999]
Function TE_wait_text returned OK.	[MsgId: MMSG-17999]
TE_type:  typed text = yumrf<kReturn>	[MsgId: MMSG-17999]
vuser_init.c(35): lr_think_time: 4.97 seconds (recorded think time was 4.00 seconds).	[MsgId: MMSG-15947]
56481
Virtual User Script started at : 2017-07-29 22:58:52	[MsgId: MMSG-15967]
Starting action vuser_init.	[MsgId: MMSG-15919]
Function TE_wait_text returned OK.	[MsgId: MMSG-17999]
TE_type:  typed text = yumrf<kReturn>	[MsgId: MMSG-17999]
vuser_init.c(35): lr_think_time: 3.21 seconds (recorded think time was 4.00 seconds).	[MsgId: MMSG-15947]
Connect succeeded on try 1: comm-type = telnet;host-name = 172.31.53.83;terminal-id = ;set-window-size = true;security-type = unsecured;terminal-type = vt420-8;terminal-model = vt420;login-command-file = ;terminal-setup-file = ;.	[MsgId: MMSG-17999]
Function TE_connect returned OK.	[MsgId: MMSG-17999]
TE_wait_text:  pattern = login: 	[MsgId: MMSG-17999]
56484
Virtual User Script started at : 2017-07-29 22:58:52	[MsgId: MMSG-15967]
Starting action vuser_init.	[MsgId: MMSG-15919]
Connect succeeded on try 1: comm-type = telnet;host-name = 172.31.53.83;terminal-id = ;set-window-size = true;security-type = unsecured;terminal-type = vt420-8;terminal-model = vt420;login-command-file = ;terminal-setup-file = ;.	[MsgId: MMSG-17999]
Function TE_connect returned OK.	[MsgId: MMSG-17999]
Function TE_wait_text returned OK.	[MsgId: MMSG-17999]
TE_type:  typed text = yumrf<kReturn>	[MsgId: MMSG-17999]
TE_wait_text:  pattern = login: 	[MsgId: MMSG-17999]
vuser_init.c(35): lr_think_time: 3.67 seconds (recorded think time was 4.00 seconds).	[MsgId: MMSG-15947]
56487
Virtual User Script started at : 2017-07-29 22:58:52	[MsgId: MMSG-15967]
Starting action vuser_init.	[MsgId: MMSG-15919]
Function TE_wait_text returned OK.	[MsgId: MMSG-17999]
TE_type:  typed text = yumrf<kReturn>	[MsgId: MMSG-17999]
Connect succeeded on try 1: comm-type = telnet;host-name = 172.31.53.83;terminal-id = ;set-window-size = true;security-type = unsecured;terminal-type = vt420-8;terminal-model = vt420;login-command-file = ;terminal-setup-file = ;.	[MsgId: MMSG-17999]
Function TE_connect returned OK.	[MsgId: MMSG-17999]
TE_wait_text:  pattern = login: 	[MsgId: MMSG-17999]
vuser_init.c(35): lr_think_time: 2.83 seconds (recorded think time was 4.00 seconds).	[MsgId: MMSG-15947]
56490
Virtual User Script started at : 2017-07-29 22:58:52	[MsgId: MMSG-15967]
Starting action vuser_init.	[MsgId: MMSG-15919]
Function TE_wait_text returned OK.	[MsgId: MMSG-17999]
TE_type:  typed text = yumrf<kReturn>	[MsgId: MMSG-17999]
vuser_init.c(35): lr_think_time: 2.42 seconds (recorded think time was 4.00 seconds).	[MsgId: MMSG-15947]
Connect succeeded on try 1: comm-type = telnet;host-name = 172.31.53.83;terminal-id = ;set-window-size = true;security-type = unsecured;terminal-type = vt420-8;terminal-model = vt420;login-command-file = ;terminal-setup-file = ;.	[MsgId: MMSG-17999]
Function TE_connect returned OK.	[MsgId: MMSG-17999]
TE_wait_text:  pattern = login: 	[MsgId: MMSG-17999]
vuser_init.c(35): lr_think_time: 3.00 seconds (recorded think time was 4.00 seconds).	[MsgId: MMSG-15947]
Function TE_wait_text returned OK.	[MsgId: MMSG-17999]
TE_type:  typed text = yumrf<kReturn>	[MsgId: MMSG-17999]
56493
Virtual User Script started at : 2017-07-29 22:58:52	[MsgId: MMSG-15967]
Starting action vuser_init.	[MsgId: MMSG-15919]
Connect succeeded on try 1: comm-type = telnet;host-name = 172.31.53.83;terminal-id = ;set-window-size = true;security-type = unsecured;terminal-type = vt420-8;terminal-model = vt420;login-command-file = ;terminal-setup-file = ;.	[MsgId: MMSG-17999]
Function TE_connect returned OK.	[MsgId: MMSG-17999]
TE_wait_text:  pattern = login: 	[MsgId: MMSG-17999]
vuser_init.c(35): lr_think_time: 3.01 seconds (recorded think time was 4.00 seconds).	[MsgId: MMSG-15947]
Connect succeeded on try 1: comm-type = telnet;host-name = 172.31.53.83;terminal-id = ;set-window-size = true;security-type = unsecured;terminal-type = vt420-8;terminal-model = vt420;login-command-file = ;terminal-setup-file = ;.	[MsgId: MMSG-17999]
Function TE_connect returned OK.	[MsgId: MMSG-17999]
TE_wait_text:  pattern = login: 	[MsgId: MMSG-17999]
Function TE_wait_text returned OK.	[MsgId: MMSG-17999]
TE_type:  typed text = yumrf<kReturn>	[MsgId: MMSG-17999]
vuser_init.c(35): lr_think_time: 3.81 seconds (recorded think time was 4.00 seconds).	[MsgId: MMSG-15947]
Function TE_wait_text returned OK.	[MsgId: MMSG-17999]
TE_type:  typed text = yumrf<kReturn>	[MsgId: MMSG-17999]
Function TE_wait_text returned OK.	[MsgId: MMSG-17999]
TE_type:  typed text = yumrf<kReturn>	[MsgId: MMSG-17999]
vuser_init.c(35): lr_think_time: 3.37 seconds (recorded think time was 4.00 seconds).	[MsgId: MMSG-15947]
vuser_init.c(35): lr_think_time: 4.96 seconds (recorded think time was 4.00 seconds).	[MsgId: MMSG-15947]
vuser_init.c(35): lr_think_time: 5.76 seconds (recorded think time was 4.00 seconds).	[MsgId: MMSG-15947]
vuser_init.c(35): lr_think_time: 5.28 seconds (recorded think time was 4.00 seconds).	[MsgId: MMSG-15947]
vuser_init.c(35): lr_think_time: 3.47 seconds (recorded think time was 4.00 seconds).	[MsgId: MMSG-15947]
vuser_init.c(35): lr_think_time: 2.21 seconds (recorded think time was 4.00 seconds).	[MsgId: MMSG-15947]
vuser_init.c(35): lr_think_time: 3.52 seconds (recorded think time was 4.00 seconds).	[MsgId: MMSG-15947]
vuser_init.c(35): lr_think_time: 3.96 seconds (recorded think time was 4.00 seconds).	[MsgId: MMSG-15947]
vuser_init.c(35): lr_think_time: 3.41 seconds (recorded think time was 4.00 seconds).	[MsgId: MMSG-15947]
TE_wait_text:  pattern = Password: 	[MsgId: MMSG-17999]
Function TE_wait_text returned OK.	[MsgId: MMSG-17999]
TE_type:  typed text = Yum1234!<kReturn>	[MsgId: MMSG-17999]
TE_wait_text:  pattern = Password: 	[MsgId: MMSG-17999]
TE_wait_text:  pattern = Password: 	[MsgId: MMSG-17999]
Function TE_wait_text returned OK.	[MsgId: MMSG-17999]
TE_type:  typed text = Yum1234!<kReturn>	[MsgId: MMSG-17999]
Function TE_wait_text returned OK.	[MsgId: MMSG-17999]
TE_type:  typed text = Yum1234!<kReturn>	[MsgId: MMSG-17999]
TE_wait_text:  pattern = Password: 	[MsgId: MMSG-17999]
TE_wait_text:  pattern = Password: 	[MsgId: MMSG-17999]
TE_wait_text:  pattern = Password: 	[MsgId: MMSG-17999]
Function TE_wait_text returned OK.	[MsgId: MMSG-17999]
TE_type:  typed text = Yum1234!<kReturn>	[MsgId: MMSG-17999]
TE_wait_text:  pattern = Password: 	[MsgId: MMSG-17999]
Function TE_wait_text returned OK.	[MsgId: MMSG-17999]
TE_type:  typed text = Yum1234!<kReturn>	[MsgId: MMSG-17999]
Function TE_wait_text returned OK.	[MsgId: MMSG-17999]
TE_type:  typed text = Yum1234!<kReturn>	[MsgId: MMSG-17999]
Function TE_wait_text returned OK.	[MsgId: MMSG-17999]
TE_type:  typed text = Yum1234!<kReturn>	[MsgId: MMSG-17999]
vuser_init.c(38): lr_think_time: 3.20 seconds (recorded think time was 4.00 seconds).	[MsgId: MMSG-15947]
TE_wait_text:  pattern = Password: 	[MsgId: MMSG-17999]
TE_wait_text:  pattern = Password: 	[MsgId: MMSG-17999]
Function TE_wait_text returned OK.	[MsgId: MMSG-17999]
TE_type:  typed text = Yum1234!<kReturn>	[MsgId: MMSG-17999]
vuser_init.c(38): lr_think_time: 5.99 seconds (recorded think time was 4.00 seconds).	[MsgId: MMSG-15947]
vuser_init.c(38): lr_think_time: 2.67 seconds (recorded think time was 4.00 seconds).	[MsgId: MMSG-15947]
Function TE_wait_text returned OK.	[MsgId: MMSG-17999]
TE_type:  typed text = Yum1234!<kReturn>	[MsgId: MMSG-17999]
vuser_init.c(38): lr_think_time: 3.97 seconds (recorded think time was 4.00 seconds).	[MsgId: MMSG-15947]
vuser_init.c(38): lr_think_time: 4.30 seconds (recorded think time was 4.00 seconds).	[MsgId: MMSG-15947]
TE_wait_text:  pattern = Password: 	[MsgId: MMSG-17999]
TE_wait_text:  pattern = Password: 	[MsgId: MMSG-17999]
TE_wait_text:  pattern = Password: 	[MsgId: MMSG-17999]
vuser_init.c(38): lr_think_time: 4.60 seconds (recorded think time was 4.00 seconds).	[MsgId: MMSG-15947]
vuser_init.c(38): lr_think_time: 3.28 seconds (recorded think time was 4.00 seconds).	[MsgId: MMSG-15947]
Function TE_wait_text returned OK.	[MsgId: MMSG-17999]
TE_type:  typed text = Yum1234!<kReturn>	[MsgId: MMSG-17999]
Function TE_wait_text returned OK.	[MsgId: MMSG-17999]
TE_type:  typed text = Yum1234!<kReturn>	[MsgId: MMSG-17999]
Function TE_wait_text returned OK.	[MsgId: MMSG-17999]
TE_type:  typed text = Yum1234!<kReturn>	[MsgId: MMSG-17999]
TE_wait_text:  pattern = Password: 	[MsgId: MMSG-17999]
TE_wait_text:  pattern = Password: 	[MsgId: MMSG-17999]
Function TE_wait_text returned OK.	[MsgId: MMSG-17999]
TE_type:  typed text = Yum1234!<kReturn>	[MsgId: MMSG-17999]
Function TE_wait_text returned OK.	[MsgId: MMSG-17999]
TE_type:  typed text = Yum1234!<kReturn>	[MsgId: MMSG-17999]
vuser_init.c(38): lr_think_time: 4.59 seconds (recorded think time was 4.00 seconds).	[MsgId: MMSG-15947]
vuser_init.c(38): lr_think_time: 5.56 seconds (recorded think time was 4.00 seconds).	[MsgId: MMSG-15947]
TE_wait_text:  pattern = Password: 	[MsgId: MMSG-17999]
TE_wait_text:  pattern = Password: 	[MsgId: MMSG-17999]
Function TE_wait_text returned OK.	[MsgId: MMSG-17999]
TE_type:  typed text = Yum1234!<kReturn>	[MsgId: MMSG-17999]
Function TE_wait_text returned OK.	[MsgId: MMSG-17999]
TE_type:  typed text = Yum1234!<kReturn>	[MsgId: MMSG-17999]
vuser_init.c(38): lr_think_time: 5.21 seconds (recorded think time was 4.00 seconds).	[MsgId: MMSG-15947]
vuser_init.c(38): lr_think_time: 3.12 seconds (recorded think time was 4.00 seconds).	[MsgId: MMSG-15947]
vuser_init.c(38): lr_think_time: 2.70 seconds (recorded think time was 4.00 seconds).	[MsgId: MMSG-15947]
vuser_init.c(38): lr_think_time: 3.02 seconds (recorded think time was 4.00 seconds).	[MsgId: MMSG-15947]
vuser_init.c(38): lr_think_time: 5.43 seconds (recorded think time was 4.00 seconds).	[MsgId: MMSG-15947]
TE_wait_text:  pattern = Password: 	[MsgId: MMSG-17999]
TE_wait_text:  pattern = Password: 	[MsgId: MMSG-17999]
Function TE_wait_text returned OK.	[MsgId: MMSG-17999]
TE_type:  typed text = Yum1234!<kReturn>	[MsgId: MMSG-17999]
Function TE_wait_text returned OK.	[MsgId: MMSG-17999]
TE_type:  typed text = Yum1234!<kReturn>	[MsgId: MMSG-17999]
vuser_init.c(38): lr_think_time: 3.37 seconds (recorded think time was 4.00 seconds).	[MsgId: MMSG-15947]
vuser_init.c(38): lr_think_time: 4.71 seconds (recorded think time was 4.00 seconds).	[MsgId: MMSG-15947]
TE_wait_text:  pattern = Password: 	[MsgId: MMSG-17999]
Function TE_wait_text returned OK.	[MsgId: MMSG-17999]
TE_type:  typed text = Yum1234!<kReturn>	[MsgId: MMSG-17999]
vuser_init.c(38): lr_think_time: 5.26 seconds (recorded think time was 4.00 seconds).	[MsgId: MMSG-15947]
TE_wait_text:  pattern = Password: 	[MsgId: MMSG-17999]
vuser_init.c(38): lr_think_time: 4.61 seconds (recorded think time was 4.00 seconds).	[MsgId: MMSG-15947]
Function TE_wait_text returned OK.	[MsgId: MMSG-17999]
TE_type:  typed text = Yum1234!<kReturn>	[MsgId: MMSG-17999]
TE_wait_text:  pattern = [yumrf@SGH1VWMS08 ~]	[MsgId: MMSG-17999]
Function TE_wait_text returned OK.	[MsgId: MMSG-17999]
TE_type:  typed text = rf<kReturn>	[MsgId: MMSG-17999]
TE_wait_text:  pattern = [yumrf@SGH1VWMS08 ~]	[MsgId: MMSG-17999]
vuser_init.c(38): lr_think_time: 3.55 seconds (recorded think time was 4.00 seconds).	[MsgId: MMSG-15947]
Function TE_wait_text returned OK.	[MsgId: MMSG-17999]
TE_type:  typed text = rf<kReturn>	[MsgId: MMSG-17999]
Ending action vuser_init.	[MsgId: MMSG-15918]
Running Vuser...	[MsgId: MMSG-15964]
Starting iteration 1.	[MsgId: MMSG-15968]
Starting action Action1.	[MsgId: MMSG-15919]
Action1.c(3): lr_think_time: 2.87 seconds (recorded think time was 5.00 seconds).	[MsgId: MMSG-15947]
Ending action vuser_init.	[MsgId: MMSG-15918]
Running Vuser...	[MsgId: MMSG-15964]
Starting iteration 1.	[MsgId: MMSG-15968]
Starting action Action1.	[MsgId: MMSG-15919]
Action1.c(3): lr_think_time: 5.74 seconds (recorded think time was 5.00 seconds).	[MsgId: MMSG-15947]
vuser_init.c(38): lr_think_time: 3.79 seconds (recorded think time was 4.00 seconds).	[MsgId: MMSG-15947]
TE_wait_text:  pattern = [yumrf@SGH1VWMS08 ~]	[MsgId: MMSG-17999]
Function TE_wait_text returned OK.	[MsgId: MMSG-17999]
TE_type:  typed text = rf<kReturn>	[MsgId: MMSG-17999]
TE_wait_text:  pattern = [yumrf@SGH1VWMS08 ~]	[MsgId: MMSG-17999]
Ending action vuser_init.	[MsgId: MMSG-15918]
Running Vuser...	[MsgId: MMSG-15964]
Starting iteration 1.	[MsgId: MMSG-15968]
Starting action Action1.	[MsgId: MMSG-15919]
Action1.c(3): lr_think_time: 6.82 seconds (recorded think time was 5.00 seconds).	[MsgId: MMSG-15947]
Function TE_wait_text returned OK.	[MsgId: MMSG-17999]
TE_type:  typed text = rf<kReturn>	[MsgId: MMSG-17999]
TE_wait_text:  pattern = [yumrf@SGH1VWMS08 ~]	[MsgId: MMSG-17999]
Ending action vuser_init.	[MsgId: MMSG-15918]
Running Vuser...	[MsgId: MMSG-15964]
Starting iteration 1.	[MsgId: MMSG-15968]
Starting action Action1.	[MsgId: MMSG-15919]
Action1.c(3): lr_think_time: 4.92 seconds (recorded think time was 5.00 seconds).	[MsgId: MMSG-15947]
Function TE_wait_text returned OK.	[MsgId: MMSG-17999]
TE_type:  typed text = rf<kReturn>	[MsgId: MMSG-17999]
TE_wait_text:  pattern = [yumrf@SGH1VWMS08 ~]	[MsgId: MMSG-17999]
TE_wait_text:  pattern = [yumrf@SGH1VWMS08 ~]	[MsgId: MMSG-17999]
Function TE_wait_text returned OK.	[MsgId: MMSG-17999]
TE_type:  typed text = rf<kReturn>	[MsgId: MMSG-17999]
Function TE_wait_text returned OK.	[MsgId: MMSG-17999]
TE_type:  typed text = rf<kReturn>	[MsgId: MMSG-17999]
Ending action vuser_init.	[MsgId: MMSG-15918]
Running Vuser...	[MsgId: MMSG-15964]
Starting iteration 1.	[MsgId: MMSG-15968]
Starting action Action1.	[MsgId: MMSG-15919]
Action1.c(3): lr_think_time: 7.36 seconds (recorded think time was 5.00 seconds).	[MsgId: MMSG-15947]
TE_wait_text:  pattern = [yumrf@SGH1VWMS08 ~]	[MsgId: MMSG-17999]
Ending action vuser_init.	[MsgId: MMSG-15918]
Running Vuser...	[MsgId: MMSG-15964]
Function TE_wait_text returned OK.	[MsgId: MMSG-17999]
TE_type:  typed text = rf<kReturn>	[MsgId: MMSG-17999]
Starting iteration 1.	[MsgId: MMSG-15968]
Starting action Action1.	[MsgId: MMSG-15919]
Action1.c(3): lr_think_time: 6.13 seconds (recorded think time was 5.00 seconds).	[MsgId: MMSG-15947]
Ending action vuser_init.	[MsgId: MMSG-15918]
Running Vuser...	[MsgId: MMSG-15964]
Starting iteration 1.	[MsgId: MMSG-15968]
Starting action Action1.	[MsgId: MMSG-15919]
Action1.c(3): lr_think_time: 4.46 seconds (recorded think time was 5.00 seconds).	[MsgId: MMSG-15947]
Ending action vuser_init.	[MsgId: MMSG-15918]
Running Vuser...	[MsgId: MMSG-15964]
Starting iteration 1.	[MsgId: MMSG-15968]
Starting action Action1.	[MsgId: MMSG-15919]
Action1.c(3): lr_think_time: 6.76 seconds (recorded think time was 5.00 seconds).	[MsgId: MMSG-15947]
TE_wait_text:  pattern = [yumrf@SGH1VWMS08 ~]	[MsgId: MMSG-17999]
Function TE_wait_text returned OK.	[MsgId: MMSG-17999]
TE_type:  typed text = rf<kReturn>	[MsgId: MMSG-17999]
Ending action vuser_init.	[MsgId: MMSG-15918]
Running Vuser...	[MsgId: MMSG-15964]
Starting iteration 1.	[MsgId: MMSG-15968]
Starting action Action1.	[MsgId: MMSG-15919]
Action1.c(3): lr_think_time: 6.28 seconds (recorded think time was 5.00 seconds).	[MsgId: MMSG-15947]
TE_wait_text:  pattern = [yumrf@SGH1VWMS08 ~]	[MsgId: MMSG-17999]
TE_wait_text:  pattern = [yumrf@SGH1VWMS08 ~]	[MsgId: MMSG-17999]
Function TE_wait_text returned OK.	[MsgId: MMSG-17999]
TE_type:  typed text = rf<kReturn>	[MsgId: MMSG-17999]
Function TE_wait_text returned OK.	[MsgId: MMSG-17999]
TE_type:  typed text = rf<kReturn>	[MsgId: MMSG-17999]
Ending action vuser_init.	[MsgId: MMSG-15918]
Running Vuser...	[MsgId: MMSG-15964]
Starting iteration 1.	[MsgId: MMSG-15968]
Starting action Action1.	[MsgId: MMSG-15919]
Action1.c(3): lr_think_time: 6.07 seconds (recorded think time was 5.00 seconds).	[MsgId: MMSG-15947]
Ending action vuser_init.	[MsgId: MMSG-15918]
Running Vuser...	[MsgId: MMSG-15964]
Starting iteration 1.	[MsgId: MMSG-15968]
Starting action Action1.	[MsgId: MMSG-15919]
Action1.c(3): lr_think_time: 4.84 seconds (recorded think time was 5.00 seconds).	[MsgId: MMSG-15947]
Action1.c(4): Notify: Parameter Substitution: parameter "rfuser" =  "rf1"	[MsgId: MMSG-13992]
TE_type:  typed text = rf1<kReturn>	[MsgId: MMSG-17999]
TE_wait_text:  pattern = [yumrf@SGH1VWMS08 ~]	[MsgId: MMSG-17999]
Function TE_wait_text returned OK.	[MsgId: MMSG-17999]
TE_type:  typed text = rf<kReturn>	[MsgId: MMSG-17999]
Action1.c(5): Notify: Parameter Substitution: parameter "password" =  "rf1"	[MsgId: MMSG-13992]
TE_type:  typed text = rf1<kReturn>	[MsgId: MMSG-17999]
Ending action vuser_init.	[MsgId: MMSG-15918]
Running Vuser...	[MsgId: MMSG-15964]
Starting iteration 1.	[MsgId: MMSG-15968]
Starting action Action1.	[MsgId: MMSG-15919]
Action1.c(3): lr_think_time: 3.11 seconds (recorded think time was 5.00 seconds).	[MsgId: MMSG-15947]
TE_wait_text:  pattern = [yumrf@SGH1VWMS08 ~]	[MsgId: MMSG-17999]
TE_wait_text:  pattern = [yumrf@SGH1VWMS08 ~]	[MsgId: MMSG-17999]
TE_wait_text:  pattern = [yumrf@SGH1VWMS08 ~]	[MsgId: MMSG-17999]
Ending action Action1.	[MsgId: MMSG-15918]
Starting action Action2.	[MsgId: MMSG-15919]
Action2.c(4): lr_think_time: 2.46 seconds (recorded think time was 3.00 seconds).	[MsgId: MMSG-15947]
Function TE_wait_text returned OK.	[MsgId: MMSG-17999]
Function TE_wait_text returned OK.	[MsgId: MMSG-17999]
TE_type:  typed text = rf<kReturn>	[MsgId: MMSG-17999]
TE_type:  typed text = rf<kReturn>	[MsgId: MMSG-17999]
Function TE_wait_text returned OK.	[MsgId: MMSG-17999]
TE_type:  typed text = rf<kReturn>	[MsgId: MMSG-17999]
TE_wait_text:  pattern = [yumrf@SGH1VWMS08 ~]	[MsgId: MMSG-17999]
Ending action vuser_init.	[MsgId: MMSG-15918]
Running Vuser...	[MsgId: MMSG-15964]
Ending action vuser_init.	[MsgId: MMSG-15918]
Running Vuser...	[MsgId: MMSG-15964]
Starting iteration 1.	[MsgId: MMSG-15968]
Starting action Action1.	[MsgId: MMSG-15919]
Action1.c(3): lr_think_time: 4.59 seconds (recorded think time was 5.00 seconds).	[MsgId: MMSG-15947]
Starting iteration 1.	[MsgId: MMSG-15968]
Starting action Action1.	[MsgId: MMSG-15919]
Action1.c(3): lr_think_time: 3.92 seconds (recorded think time was 5.00 seconds).	[MsgId: MMSG-15947]
Function TE_wait_text returned OK.	[MsgId: MMSG-17999]
TE_type:  typed text = rf<kReturn>	[MsgId: MMSG-17999]
Ending action vuser_init.	[MsgId: MMSG-15918]
Running Vuser...	[MsgId: MMSG-15964]
Starting iteration 1.	[MsgId: MMSG-15968]
Starting action Action1.	[MsgId: MMSG-15919]
Action1.c(3): lr_think_time: 5.25 seconds (recorded think time was 5.00 seconds).	[MsgId: MMSG-15947]
TE_wait_text:  pattern = [yumrf@SGH1VWMS08 ~]	[MsgId: MMSG-17999]
Function TE_wait_text returned OK.	[MsgId: MMSG-17999]
TE_type:  typed text = rf<kReturn>	[MsgId: MMSG-17999]
Ending action vuser_init.	[MsgId: MMSG-15918]
Running Vuser...	[MsgId: MMSG-15964]
Starting iteration 1.	[MsgId: MMSG-15968]
Starting action Action1.	[MsgId: MMSG-15919]
Action1.c(3): lr_think_time: 2.60 seconds (recorded think time was 5.00 seconds).	[MsgId: MMSG-15947]
TE_wait_text:  pattern = [yumrf@SGH1VWMS08 ~]	[MsgId: MMSG-17999]
Ending action vuser_init.	[MsgId: MMSG-15918]
Running Vuser...	[MsgId: MMSG-15964]
TE_wait_text:  pattern = [yumrf@SGH1VWMS08 ~]	[MsgId: MMSG-17999]
Starting iteration 1.	[MsgId: MMSG-15968]
Starting action Action1.	[MsgId: MMSG-15919]
Action1.c(3): lr_think_time: 3.80 seconds (recorded think time was 5.00 seconds).	[MsgId: MMSG-15947]
Function TE_wait_text returned OK.	[MsgId: MMSG-17999]
TE_type:  typed text = rf<kReturn>	[MsgId: MMSG-17999]
Function TE_wait_text returned OK.	[MsgId: MMSG-17999]
TE_type:  typed text = rf<kReturn>	[MsgId: MMSG-17999]
Ending action vuser_init.	[MsgId: MMSG-15918]
Running Vuser...	[MsgId: MMSG-15964]
Starting iteration 1.	[MsgId: MMSG-15968]
Starting action Action1.	[MsgId: MMSG-15919]
Action1.c(3): lr_think_time: 6.21 seconds (recorded think time was 5.00 seconds).	[MsgId: MMSG-15947]
Ending action vuser_init.	[MsgId: MMSG-15918]
Running Vuser...	[MsgId: MMSG-15964]
Starting iteration 1.	[MsgId: MMSG-15968]
Starting action Action1.	[MsgId: MMSG-15919]
Action1.c(3): lr_think_time: 6.84 seconds (recorded think time was 5.00 seconds).	[MsgId: MMSG-15947]
TE_wait_text:  pattern = [yumrf@SGH1VWMS08 ~]	[MsgId: MMSG-17999]
Function TE_wait_text returned OK.	[MsgId: MMSG-17999]
TE_type:  typed text = rf<kReturn>	[MsgId: MMSG-17999]
Ending action vuser_init.	[MsgId: MMSG-15918]
Running Vuser...	[MsgId: MMSG-15964]
Starting iteration 1.	[MsgId: MMSG-15968]
Starting action Action1.	[MsgId: MMSG-15919]
Action1.c(3): lr_think_time: 4.02 seconds (recorded think time was 5.00 seconds).	[MsgId: MMSG-15947]
Action1.c(4): Notify: Parameter Substitution: parameter "rfuser" =  "rf1"	[MsgId: MMSG-13992]
TE_type:  typed text = rf1<kReturn>	[MsgId: MMSG-17999]
TE_wait_text:  pattern = 0	[MsgId: MMSG-17999]
Function TE_wait_text returned OK.	[MsgId: MMSG-17999]
TE_type:  typed text = 0	[MsgId: MMSG-17999]
Action2.c(7): lr_think_time: 6.91 seconds (recorded think time was 5.00 seconds).	[MsgId: MMSG-15947]
Action1.c(4): Notify: Parameter Substitution: parameter "rfuser" =  "rf1"	[MsgId: MMSG-13992]
TE_type:  typed text = rf1<kReturn>	[MsgId: MMSG-17999]
Action1.c(4): Notify: Parameter Substitution: parameter "rfuser" =  "rf1"	[MsgId: MMSG-13992]
TE_type:  typed text = rf1<kReturn>	[MsgId: MMSG-17999]
Action1.c(5): Notify: Parameter Substitution: parameter "password" =  "rf1"	[MsgId: MMSG-13992]
TE_type:  typed text = rf1<kReturn>	[MsgId: MMSG-17999]
Action1.c(4): Notify: Parameter Substitution: parameter "rfuser" =  "rf1"	[MsgId: MMSG-13992]
TE_type:  typed text = rf1<kReturn>	[MsgId: MMSG-17999]
Action1.c(5): Notify: Parameter Substitution: parameter "password" =  "rf1"	[MsgId: MMSG-13992]
TE_type:  typed text = rf1<kReturn>	[MsgId: MMSG-17999]
Action1.c(5): Notify: Parameter Substitution: parameter "password" =  "rf1"	[MsgId: MMSG-13992]
TE_type:  typed text = rf1<kReturn>	[MsgId: MMSG-17999]
Ending action Action1.	[MsgId: MMSG-15918]
Starting action Action2.	[MsgId: MMSG-15919]
Action2.c(4): lr_think_time: 2.25 seconds (recorded think time was 3.00 seconds).	[MsgId: MMSG-15947]
Action1.c(4): Notify: Parameter Substitution: parameter "rfuser" =  "rf1"	[MsgId: MMSG-13992]
TE_type:  typed text = rf1<kReturn>	[MsgId: MMSG-17999]
Action1.c(5): Notify: Parameter Substitution: parameter "password" =  "rf1"	[MsgId: MMSG-13992]
TE_type:  typed text = rf1<kReturn>	[MsgId: MMSG-17999]
Ending action Action1.	[MsgId: MMSG-15918]
Starting action Action2.	[MsgId: MMSG-15919]
Action2.c(4): lr_think_time: 3.53 seconds (recorded think time was 3.00 seconds).	[MsgId: MMSG-15947]
Ending action Action1.	[MsgId: MMSG-15918]
Starting action Action2.	[MsgId: MMSG-15919]
Action2.c(4): lr_think_time: 2.34 seconds (recorded think time was 3.00 seconds).	[MsgId: MMSG-15947]
Action1.c(5): Notify: Parameter Substitution: parameter "password" =  "rf1"	[MsgId: MMSG-13992]
TE_type:  typed text = rf1<kReturn>	[MsgId: MMSG-17999]
Ending action Action1.	[MsgId: MMSG-15918]
Starting action Action2.	[MsgId: MMSG-15919]
Action2.c(4): lr_think_time: 1.80 seconds (recorded think time was 3.00 seconds).	[MsgId: MMSG-15947]
Ending action Action1.	[MsgId: MMSG-15918]
Starting action Action2.	[MsgId: MMSG-15919]
Action2.c(4): lr_think_time: 3.98 seconds (recorded think time was 3.00 seconds).	[MsgId: MMSG-15947]
Action1.c(4): Notify: Parameter Substitution: parameter "rfuser" =  "rf1"	[MsgId: MMSG-13992]
TE_type:  typed text = rf1<kReturn>	[MsgId: MMSG-17999]
Action1.c(4): Notify: Parameter Substitution: parameter "rfuser" =  "rf1"	[MsgId: MMSG-13992]
TE_type:  typed text = rf1<kReturn>	[MsgId: MMSG-17999]
Action1.c(4): Notify: Parameter Substitution: parameter "rfuser" =  "rf1"	[MsgId: MMSG-13992]
TE_type:  typed text = rf1<kReturn>	[MsgId: MMSG-17999]
Action1.c(4): Notify: Parameter Substitution: parameter "rfuser" =  "rf1"	[MsgId: MMSG-13992]
TE_type:  typed text = rf1<kReturn>	[MsgId: MMSG-17999]
Action1.c(5): Notify: Parameter Substitution: parameter "password" =  "rf1"	[MsgId: MMSG-13992]
TE_type:  typed text = rf1<kReturn>	[MsgId: MMSG-17999]
Action1.c(4): Notify: Parameter Substitution: parameter "rfuser" =  "rf1"	[MsgId: MMSG-13992]
TE_type:  typed text = rf1<kReturn>	[MsgId: MMSG-17999]
Action1.c(5): Notify: Parameter Substitution: parameter "password" =  "rf1"	[MsgId: MMSG-13992]
TE_type:  typed text = rf1<kReturn>	[MsgId: MMSG-17999]
Action1.c(5): Notify: Parameter Substitution: parameter "password" =  "rf1"	[MsgId: MMSG-13992]
TE_type:  typed text = rf1<kReturn>	[MsgId: MMSG-17999]
Action1.c(5): Notify: Parameter Substitution: parameter "password" =  "rf1"	[MsgId: MMSG-13992]
TE_type:  typed text = rf1<kReturn>	[MsgId: MMSG-17999]
Ending action Action1.	[MsgId: MMSG-15918]
Starting action Action2.	[MsgId: MMSG-15919]
Action2.c(4): lr_think_time: 1.83 seconds (recorded think time was 3.00 seconds).	[MsgId: MMSG-15947]
Action1.c(5): Notify: Parameter Substitution: parameter "password" =  "rf1"	[MsgId: MMSG-13992]
TE_type:  typed text = rf1<kReturn>	[MsgId: MMSG-17999]
Ending action Action1.	[MsgId: MMSG-15918]
Starting action Action2.	[MsgId: MMSG-15919]
Action2.c(4): lr_think_time: 1.77 seconds (recorded think time was 3.00 seconds).	[MsgId: MMSG-15947]
Action1.c(4): Notify: Parameter Substitution: parameter "rfuser" =  "rf1"	[MsgId: MMSG-13992]
TE_type:  typed text = rf1<kReturn>	[MsgId: MMSG-17999]
Ending action Action1.	[MsgId: MMSG-15918]
Starting action Action2.	[MsgId: MMSG-15919]
Action2.c(4): lr_think_time: 3.33 seconds (recorded think time was 3.00 seconds).	[MsgId: MMSG-15947]
Ending action Action1.	[MsgId: MMSG-15918]
Starting action Action2.	[MsgId: MMSG-15919]
Action2.c(4): lr_think_time: 4.00 seconds (recorded think time was 3.00 seconds).	[MsgId: MMSG-15947]
Action1.c(4): Notify: Parameter Substitution: parameter "rfuser" =  "rf1"	[MsgId: MMSG-13992]
TE_type:  typed text = rf1<kReturn>	[MsgId: MMSG-17999]
Ending action Action1.	[MsgId: MMSG-15918]
Starting action Action2.	[MsgId: MMSG-15919]
Action2.c(4): lr_think_time: 4.30 seconds (recorded think time was 3.00 seconds).	[MsgId: MMSG-15947]
Action1.c(5): Notify: Parameter Substitution: parameter "password" =  "rf1"	[MsgId: MMSG-13992]
TE_type:  typed text = rf1<kReturn>	[MsgId: MMSG-17999]
Action1.c(4): Notify: Parameter Substitution: parameter "rfuser" =  "rf1"	[MsgId: MMSG-13992]
TE_type:  typed text = rf1<kReturn>	[MsgId: MMSG-17999]
Action1.c(4): Notify: Parameter Substitution: parameter "rfuser" =  "rf1"	[MsgId: MMSG-13992]
TE_type:  typed text = rf1<kReturn>	[MsgId: MMSG-17999]
TE_wait_text:  pattern = 0	[MsgId: MMSG-17999]
TE_wait_text:  pattern = 0	[MsgId: MMSG-17999]
Action1.c(5): Notify: Parameter Substitution: parameter "password" =  "rf1"	[MsgId: MMSG-13992]
TE_type:  typed text = rf1<kReturn>	[MsgId: MMSG-17999]
Function TE_wait_text returned OK.	[MsgId: MMSG-17999]
TE_type:  typed text = 0	[MsgId: MMSG-17999]
Action2.c(7): lr_think_time: 4.45 seconds (recorded think time was 5.00 seconds).	[MsgId: MMSG-15947]
Action1.c(4): Notify: Parameter Substitution: parameter "rfuser" =  "rf1"	[MsgId: MMSG-13992]
TE_type:  typed text = rf1<kReturn>	[MsgId: MMSG-17999]
Function TE_wait_text returned OK.	[MsgId: MMSG-17999]
TE_type:  typed text = 0	[MsgId: MMSG-17999]
Action2.c(7): lr_think_time: 5.12 seconds (recorded think time was 5.00 seconds).	[MsgId: MMSG-15947]
Ending action Action1.	[MsgId: MMSG-15918]
Starting action Action2.	[MsgId: MMSG-15919]
Action2.c(4): lr_think_time: 4.21 seconds (recorded think time was 3.00 seconds).	[MsgId: MMSG-15947]
Action1.c(5): Notify: Parameter Substitution: parameter "password" =  "rf1"	[MsgId: MMSG-13992]
TE_type:  typed text = rf1<kReturn>	[MsgId: MMSG-17999]
Action1.c(5): Notify: Parameter Substitution: parameter "password" =  "rf1"	[MsgId: MMSG-13992]
TE_type:  typed text = rf1<kReturn>	[MsgId: MMSG-17999]
Action1.c(4): Notify: Parameter Substitution: parameter "rfuser" =  "rf1"	[MsgId: MMSG-13992]
TE_type:  typed text = rf1<kReturn>	[MsgId: MMSG-17999]
Action1.c(4): Notify: Parameter Substitution: parameter "rfuser" =  "rf1"	[MsgId: MMSG-13992]
TE_type:  typed text = rf1<kReturn>	[MsgId: MMSG-17999]
TE_wait_text:  pattern = 0	[MsgId: MMSG-17999]
Ending action Action1.	[MsgId: MMSG-15918]
Starting action Action2.	[MsgId: MMSG-15919]
Action2.c(4): lr_think_time: 3.53 seconds (recorded think time was 3.00 seconds).	[MsgId: MMSG-15947]
Action1.c(5): Notify: Parameter Substitution: parameter "password" =  "rf1"	[MsgId: MMSG-13992]
TE_type:  typed text = rf1<kReturn>	[MsgId: MMSG-17999]
Function TE_wait_text returned OK.	[MsgId: MMSG-17999]
TE_type:  typed text = 0	[MsgId: MMSG-17999]
Action2.c(7): lr_think_time: 6.62 seconds (recorded think time was 5.00 seconds).	[MsgId: MMSG-15947]
Ending action Action1.	[MsgId: MMSG-15918]
Starting action Action2.	[MsgId: MMSG-15919]
Action2.c(4): lr_think_time: 4.37 seconds (recorded think time was 3.00 seconds).	[MsgId: MMSG-15947]
Ending action Action1.	[MsgId: MMSG-15918]
Starting action Action2.	[MsgId: MMSG-15919]
Action2.c(4): lr_think_time: 2.10 seconds (recorded think time was 3.00 seconds).	[MsgId: MMSG-15947]
Action1.c(5): Notify: Parameter Substitution: parameter "password" =  "rf1"	[MsgId: MMSG-13992]
TE_type:  typed text = rf1<kReturn>	[MsgId: MMSG-17999]
Action1.c(5): Notify: Parameter Substitution: parameter "password" =  "rf1"	[MsgId: MMSG-13992]
TE_type:  typed text = rf1<kReturn>	[MsgId: MMSG-17999]
Ending action Action1.	[MsgId: MMSG-15918]
Starting action Action2.	[MsgId: MMSG-15919]
Action2.c(4): lr_think_time: 3.44 seconds (recorded think time was 3.00 seconds).	[MsgId: MMSG-15947]
Ending action Action1.	[MsgId: MMSG-15918]
Starting action Action2.	[MsgId: MMSG-15919]
Action2.c(4): lr_think_time: 3.10 seconds (recorded think time was 3.00 seconds).	[MsgId: MMSG-15947]
Ending action Action1.	[MsgId: MMSG-15918]
Starting action Action2.	[MsgId: MMSG-15919]
Action2.c(4): lr_think_time: 4.48 seconds (recorded think time was 3.00 seconds).	[MsgId: MMSG-15947]
TE_wait_text:  pattern = 0	[MsgId: MMSG-17999]
TE_wait_text:  pattern = 0	[MsgId: MMSG-17999]
Function TE_wait_text returned OK.	[MsgId: MMSG-17999]
TE_type:  typed text = 0	[MsgId: MMSG-17999]
Action2.c(7): lr_think_time: 4.30 seconds (recorded think time was 5.00 seconds).	[MsgId: MMSG-15947]
Function TE_wait_text returned OK.	[MsgId: MMSG-17999]
TE_type:  typed text = 0	[MsgId: MMSG-17999]
Action2.c(7): lr_think_time: 4.23 seconds (recorded think time was 5.00 seconds).	[MsgId: MMSG-15947]
TE_wait_text:  pattern = 0	[MsgId: MMSG-17999]
Function TE_wait_text returned OK.	[MsgId: MMSG-17999]
TE_type:  typed text = 0	[MsgId: MMSG-17999]
Action2.c(7): lr_think_time: 6.55 seconds (recorded think time was 5.00 seconds).	[MsgId: MMSG-15947]
Action1.c(4): Notify: Parameter Substitution: parameter "rfuser" =  "rf1"	[MsgId: MMSG-13992]
TE_type:  typed text = rf1<kReturn>	[MsgId: MMSG-17999]
Action1.c(5): Notify: Parameter Substitution: parameter "password" =  "rf1"	[MsgId: MMSG-13992]
TE_type:  typed text = rf1<kReturn>	[MsgId: MMSG-17999]
TE_wait_text:  pattern = 0	[MsgId: MMSG-17999]
Ending action Action1.	[MsgId: MMSG-15918]
Starting action Action2.	[MsgId: MMSG-15919]
Action2.c(4): lr_think_time: 4.18 seconds (recorded think time was 3.00 seconds).	[MsgId: MMSG-15947]
Function TE_wait_text returned OK.	[MsgId: MMSG-17999]
TE_type:  typed text = 0	[MsgId: MMSG-17999]
Action2.c(7): lr_think_time: 4.25 seconds (recorded think time was 5.00 seconds).	[MsgId: MMSG-15947]
Action1.c(4): Notify: Parameter Substitution: parameter "rfuser" =  "rf1"	[MsgId: MMSG-13992]
TE_type:  typed text = rf1<kReturn>	[MsgId: MMSG-17999]
TE_wait_text:  pattern = 0	[MsgId: MMSG-17999]
Function TE_wait_text returned OK.	[MsgId: MMSG-17999]
TE_type:  typed text = 0	[MsgId: MMSG-17999]
Action2.c(7): lr_think_time: 3.91 seconds (recorded think time was 5.00 seconds).	[MsgId: MMSG-15947]
Action1.c(5): Notify: Parameter Substitution: parameter "password" =  "rf1"	[MsgId: MMSG-13992]
TE_type:  typed text = rf1<kReturn>	[MsgId: MMSG-17999]
TE_wait_text:  pattern = 0	[MsgId: MMSG-17999]
Function TE_wait_text returned OK.	[MsgId: MMSG-17999]
TE_type:  typed text = 0	[MsgId: MMSG-17999]
Action2.c(7): lr_think_time: 4.48 seconds (recorded think time was 5.00 seconds).	[MsgId: MMSG-15947]
Ending action Action1.	[MsgId: MMSG-15918]
Starting action Action2.	[MsgId: MMSG-15919]
Action2.c(4): lr_think_time: 1.59 seconds (recorded think time was 3.00 seconds).	[MsgId: MMSG-15947]
TE_wait_text:  pattern = 0	[MsgId: MMSG-17999]
Function TE_wait_text returned OK.	[MsgId: MMSG-17999]
TE_type:  typed text = 0	[MsgId: MMSG-17999]
Action2.c(7): lr_think_time: 4.10 seconds (recorded think time was 5.00 seconds).	[MsgId: MMSG-15947]
TE_wait_text:  pattern = 0	[MsgId: MMSG-17999]
TE_wait_text:  pattern = 0	[MsgId: MMSG-17999]
Function TE_wait_text returned OK.	[MsgId: MMSG-17999]
TE_type:  typed text = 0	[MsgId: MMSG-17999]
Action2.c(7): lr_think_time: 2.84 seconds (recorded think time was 5.00 seconds).	[MsgId: MMSG-15947]
Function TE_wait_text returned OK.	[MsgId: MMSG-17999]
TE_type:  typed text = 0	[MsgId: MMSG-17999]
Action2.c(7): lr_think_time: 3.56 seconds (recorded think time was 5.00 seconds).	[MsgId: MMSG-15947]
TE_wait_text:  pattern = 0	[MsgId: MMSG-17999]
TE_wait_text:  pattern = 0	[MsgId: MMSG-17999]
Function TE_wait_text returned OK.	[MsgId: MMSG-17999]
TE_type:  typed text = 0	[MsgId: MMSG-17999]
Action2.c(7): lr_think_time: 6.24 seconds (recorded think time was 5.00 seconds).	[MsgId: MMSG-15947]
TE_type:  typed text = 1	[MsgId: MMSG-17999]
Action2.c(10): lr_think_time: 6.77 seconds (recorded think time was 5.00 seconds).	[MsgId: MMSG-15947]
Function TE_wait_text returned OK.	[MsgId: MMSG-17999]
TE_type:  typed text = 0	[MsgId: MMSG-17999]
Action2.c(7): lr_think_time: 7.00 seconds (recorded think time was 5.00 seconds).	[MsgId: MMSG-15947]
TE_wait_text:  pattern = 0	[MsgId: MMSG-17999]
Function TE_wait_text returned OK.	[MsgId: MMSG-17999]
TE_type:  typed text = 0	[MsgId: MMSG-17999]
Action2.c(7): lr_think_time: 3.48 seconds (recorded think time was 5.00 seconds).	[MsgId: MMSG-15947]
TE_type:  typed text = 1	[MsgId: MMSG-17999]
Action2.c(10): lr_think_time: 6.70 seconds (recorded think time was 5.00 seconds).	[MsgId: MMSG-15947]
TE_wait_text:  pattern = 0	[MsgId: MMSG-17999]
TE_wait_text:  pattern = 0	[MsgId: MMSG-17999]
Function TE_wait_text returned OK.	[MsgId: MMSG-17999]
TE_type:  typed text = 0	[MsgId: MMSG-17999]
Action2.c(7): lr_think_time: 6.99 seconds (recorded think time was 5.00 seconds).	[MsgId: MMSG-15947]
Function TE_wait_text returned OK.	[MsgId: MMSG-17999]
TE_type:  typed text = 0	[MsgId: MMSG-17999]
Action2.c(7): lr_think_time: 3.58 seconds (recorded think time was 5.00 seconds).	[MsgId: MMSG-15947]
TE_type:  typed text = 1	[MsgId: MMSG-17999]
Action2.c(10): lr_think_time: 5.53 seconds (recorded think time was 5.00 seconds).	[MsgId: MMSG-15947]
TE_wait_text:  pattern = 0	[MsgId: MMSG-17999]
Function TE_wait_text returned OK.	[MsgId: MMSG-17999]
TE_type:  typed text = 0	[MsgId: MMSG-17999]
Action2.c(7): lr_think_time: 6.68 seconds (recorded think time was 5.00 seconds).	[MsgId: MMSG-15947]
TE_type:  typed text = 1	[MsgId: MMSG-17999]
Action2.c(10): lr_think_time: 3.15 seconds (recorded think time was 5.00 seconds).	[MsgId: MMSG-15947]
TE_type:  typed text = 1	[MsgId: MMSG-17999]
Action2.c(10): lr_think_time: 3.07 seconds (recorded think time was 5.00 seconds).	[MsgId: MMSG-15947]
TE_type:  typed text = 1	[MsgId: MMSG-17999]
Action2.c(10): lr_think_time: 7.29 seconds (recorded think time was 5.00 seconds).	[MsgId: MMSG-15947]
TE_wait_text:  pattern = 0	[MsgId: MMSG-17999]
TE_type:  typed text = 1	[MsgId: MMSG-17999]
Action2.c(10): lr_think_time: 6.33 seconds (recorded think time was 5.00 seconds).	[MsgId: MMSG-15947]
Function TE_wait_text returned OK.	[MsgId: MMSG-17999]
TE_type:  typed text = 0	[MsgId: MMSG-17999]
Action2.c(7): lr_think_time: 3.24 seconds (recorded think time was 5.00 seconds).	[MsgId: MMSG-15947]
TE_type:  typed text = 1	[MsgId: MMSG-17999]
Action2.c(10): lr_think_time: 4.76 seconds (recorded think time was 5.00 seconds).	[MsgId: MMSG-15947]
TE_type:  typed text = 1	[MsgId: MMSG-17999]
Action2.c(10): lr_think_time: 6.96 seconds (recorded think time was 5.00 seconds).	[MsgId: MMSG-15947]
TE_type:  typed text = 1	[MsgId: MMSG-17999]
Action2.c(10): lr_think_time: 7.09 seconds (recorded think time was 5.00 seconds).	[MsgId: MMSG-15947]
TE_type:  typed text = 1	[MsgId: MMSG-17999]
Action2.c(10): lr_think_time: 6.68 seconds (recorded think time was 5.00 seconds).	[MsgId: MMSG-15947]
TE_type:  typed text = 1	[MsgId: MMSG-17999]
Action2.c(10): lr_think_time: 7.04 seconds (recorded think time was 5.00 seconds).	[MsgId: MMSG-15947]
TE_type:  typed text = 1	[MsgId: MMSG-17999]
Action2.c(10): lr_think_time: 2.61 seconds (recorded think time was 5.00 seconds).	[MsgId: MMSG-15947]
TE_type:  typed text = 1	[MsgId: MMSG-17999]
Action2.c(10): lr_think_time: 3.47 seconds (recorded think time was 5.00 seconds).	[MsgId: MMSG-15947]
TE_type:  typed text = 1	[MsgId: MMSG-17999]
Action2.c(10): lr_think_time: 4.61 seconds (recorded think time was 5.00 seconds).	[MsgId: MMSG-15947]
TE_type:  typed text = S000115570	[MsgId: MMSG-17999]
TE_type:  typed text = S000115570	[MsgId: MMSG-17999]
TE_type:  typed text = <kReturn>	[MsgId: MMSG-17999]
TE_type:  typed text = <kReturn>	[MsgId: MMSG-17999]
Action2.c(18): lr_think_time: 6.05 seconds (recorded think time was 5.00 seconds).	[MsgId: MMSG-15947]
TE_type:  typed text = <kReturn>	[MsgId: MMSG-17999]
TE_type:  typed text = <kReturn>	[MsgId: MMSG-17999]
Action2.c(18): lr_think_time: 7.14 seconds (recorded think time was 5.00 seconds).	[MsgId: MMSG-15947]
TE_type:  typed text = 1	[MsgId: MMSG-17999]
Action2.c(10): lr_think_time: 6.41 seconds (recorded think time was 5.00 seconds).	[MsgId: MMSG-15947]
TE_type:  typed text = 1	[MsgId: MMSG-17999]
Action2.c(10): lr_think_time: 5.42 seconds (recorded think time was 5.00 seconds).	[MsgId: MMSG-15947]
TE_type:  typed text = S000115570	[MsgId: MMSG-17999]
TE_type:  typed text = S000115570	[MsgId: MMSG-17999]
TE_type:  typed text = S000115570	[MsgId: MMSG-17999]
TE_type:  typed text = S000115570	[MsgId: MMSG-17999]
TE_type:  typed text = 1	[MsgId: MMSG-17999]
Action2.c(10): lr_think_time: 4.22 seconds (recorded think time was 5.00 seconds).	[MsgId: MMSG-15947]
TE_type:  typed text = <kReturn>	[MsgId: MMSG-17999]
TE_type:  typed text = <kReturn>	[MsgId: MMSG-17999]
Action2.c(18): lr_think_time: 4.95 seconds (recorded think time was 5.00 seconds).	[MsgId: MMSG-15947]
TE_type:  typed text = S000115570	[MsgId: MMSG-17999]
TE_type:  typed text = S000115570	[MsgId: MMSG-17999]
TE_type:  typed text = <kReturn>	[MsgId: MMSG-17999]
TE_type:  typed text = <kReturn>	[MsgId: MMSG-17999]
Action2.c(18): lr_think_time: 5.57 seconds (recorded think time was 5.00 seconds).	[MsgId: MMSG-15947]
TE_type:  typed text = 1	[MsgId: MMSG-17999]
Action2.c(10): lr_think_time: 3.77 seconds (recorded think time was 5.00 seconds).	[MsgId: MMSG-15947]
TE_type:  typed text = <kReturn>	[MsgId: MMSG-17999]
TE_type:  typed text = <kReturn>	[MsgId: MMSG-17999]
Action2.c(18): lr_think_time: 5.86 seconds (recorded think time was 5.00 seconds).	[MsgId: MMSG-15947]
TE_type:  typed text = <kReturn>	[MsgId: MMSG-17999]
TE_type:  typed text = <kReturn>	[MsgId: MMSG-17999]
Action2.c(18): lr_think_time: 6.96 seconds (recorded think time was 5.00 seconds).	[MsgId: MMSG-15947]
TE_type:  typed text = 1	[MsgId: MMSG-17999]
Action2.c(10): lr_think_time: 2.57 seconds (recorded think time was 5.00 seconds).	[MsgId: MMSG-15947]
TE_type:  typed text = <kReturn>	[MsgId: MMSG-17999]
TE_type:  typed text = <kReturn>	[MsgId: MMSG-17999]
Action2.c(18): lr_think_time: 5.57 seconds (recorded think time was 5.00 seconds).	[MsgId: MMSG-15947]
TE_type:  typed text = <kReturn>	[MsgId: MMSG-17999]
TE_type:  typed text = <kReturn>	[MsgId: MMSG-17999]
Action2.c(18): lr_think_time: 6.48 seconds (recorded think time was 5.00 seconds).	[MsgId: MMSG-15947]
TE_type:  typed text = S000115570	[MsgId: MMSG-17999]
TE_type:  typed text = S000115570	[MsgId: MMSG-17999]
TE_type:  typed text = S000115570	[MsgId: MMSG-17999]
TE_type:  typed text = <kReturn>	[MsgId: MMSG-17999]
TE_type:  typed text = <kReturn>	[MsgId: MMSG-17999]
Action2.c(18): lr_think_time: 5.62 seconds (recorded think time was 5.00 seconds).	[MsgId: MMSG-15947]
TE_type:  typed text = S000115570	[MsgId: MMSG-17999]
TE_type:  typed text = <kReturn>	[MsgId: MMSG-17999]
TE_type:  typed text = <kReturn>	[MsgId: MMSG-17999]
Action2.c(18): lr_think_time: 4.38 seconds (recorded think time was 5.00 seconds).	[MsgId: MMSG-15947]
TE_type:  typed text = S000115570	[MsgId: MMSG-17999]
TE_type:  typed text = S000115570	[MsgId: MMSG-17999]
TE_type:  typed text = S000115570	[MsgId: MMSG-17999]
TE_type:  typed text = <kReturn>	[MsgId: MMSG-17999]
TE_type:  typed text = <kReturn>	[MsgId: MMSG-17999]
Action2.c(18): lr_think_time: 5.93 seconds (recorded think time was 5.00 seconds).	[MsgId: MMSG-15947]
TE_type:  typed text = S000115570	[MsgId: MMSG-17999]
TE_type:  typed text = <kReturn>	[MsgId: MMSG-17999]
TE_type:  typed text = <kReturn>	[MsgId: MMSG-17999]
Action2.c(18): lr_think_time: 7.06 seconds (recorded think time was 5.00 seconds).	[MsgId: MMSG-15947]
TE_type:  typed text = <kReturn>	[MsgId: MMSG-17999]
TE_type:  typed text = <kReturn>	[MsgId: MMSG-17999]
Action2.c(18): lr_think_time: 3.50 seconds (recorded think time was 5.00 seconds).	[MsgId: MMSG-15947]
TE_type:  typed text = S000115570	[MsgId: MMSG-17999]
TE_type:  typed text = <kReturn>	[MsgId: MMSG-17999]
TE_type:  typed text = <kReturn>	[MsgId: MMSG-17999]
Action2.c(18): lr_think_time: 6.64 seconds (recorded think time was 5.00 seconds).	[MsgId: MMSG-15947]
TE_type:  typed text = S000115570	[MsgId: MMSG-17999]
TE_type:  typed text = <kReturn>	[MsgId: MMSG-17999]
TE_type:  typed text = <kReturn>	[MsgId: MMSG-17999]
Action2.c(18): lr_think_time: 7.36 seconds (recorded think time was 5.00 seconds).	[MsgId: MMSG-15947]
TE_type:  typed text = <kReturn>	[MsgId: MMSG-17999]
TE_wait_text:  pattern =  F1-	[MsgId: MMSG-17999]
TE_type:  typed text = <kReturn>	[MsgId: MMSG-17999]
TE_type:  typed text = <kReturn>	[MsgId: MMSG-17999]
Action2.c(18): lr_think_time: 4.49 seconds (recorded think time was 5.00 seconds).	[MsgId: MMSG-15947]
TE_type:  typed text = S000115570	[MsgId: MMSG-17999]
Function TE_wait_text returned OK.	[MsgId: MMSG-17999]
Action2.c(22): Notify: Transaction "pick" started.	[MsgId: MMSG-16999]
TE_type:  typed text = GZ0041710	[MsgId: MMSG-17999]
TE_type:  typed text = <kReturn>	[MsgId: MMSG-17999]
TE_type:  typed text = <kReturn>	[MsgId: MMSG-17999]
Action2.c(18): lr_think_time: 3.27 seconds (recorded think time was 5.00 seconds).	[MsgId: MMSG-15947]
TE_type:  typed text = S000115570	[MsgId: MMSG-17999]
TE_type:  typed text = <kReturn>	[MsgId: MMSG-17999]
TE_wait_text:  pattern =  F1-	[MsgId: MMSG-17999]
TE_type:  typed text = <kReturn>	[MsgId: MMSG-17999]
TE_type:  typed text = <kReturn>	[MsgId: MMSG-17999]
Action2.c(18): lr_think_time: 4.20 seconds (recorded think time was 5.00 seconds).	[MsgId: MMSG-15947]
Function TE_wait_text returned OK.	[MsgId: MMSG-17999]
Action2.c(22): Notify: Transaction "pick" started.	[MsgId: MMSG-16999]
TE_type:  typed text = GZ0041710	[MsgId: MMSG-17999]
TE_type:  typed text = <kReturn>	[MsgId: MMSG-17999]
TE_type:  typed text = <kReturn>	[MsgId: MMSG-17999]
Action2.c(18): lr_think_time: 6.59 seconds (recorded think time was 5.00 seconds).	[MsgId: MMSG-15947]
Action2.c(25): lr_think_time: 5.85 seconds (recorded think time was 5.00 seconds).	[MsgId: MMSG-15947]
TE_type:  typed text = <kReturn>	[MsgId: MMSG-17999]
TE_wait_text:  pattern =  F1-	[MsgId: MMSG-17999]
Function TE_wait_text returned OK.	[MsgId: MMSG-17999]
Action2.c(22): Notify: Transaction "pick" started.	[MsgId: MMSG-16999]
TE_type:  typed text = GZ0041710	[MsgId: MMSG-17999]
TE_type:  typed text = <kReturn>	[MsgId: MMSG-17999]
TE_wait_text:  pattern =  F1-	[MsgId: MMSG-17999]
TE_type:  typed text = <kReturn>	[MsgId: MMSG-17999]
TE_type:  typed text = <kReturn>	[MsgId: MMSG-17999]
Action2.c(18): lr_think_time: 3.26 seconds (recorded think time was 5.00 seconds).	[MsgId: MMSG-15947]
Action2.c(25): lr_think_time: 3.38 seconds (recorded think time was 5.00 seconds).	[MsgId: MMSG-15947]
Function TE_wait_text returned OK.	[MsgId: MMSG-17999]
Action2.c(22): Notify: Transaction "pick" started.	[MsgId: MMSG-16999]
TE_type:  typed text = GZ0041710	[MsgId: MMSG-17999]
TE_type:  typed text = <kReturn>	[MsgId: MMSG-17999]
TE_wait_text:  pattern =  F1-	[MsgId: MMSG-17999]
Action2.c(25): lr_think_time: 7.20 seconds (recorded think time was 5.00 seconds).	[MsgId: MMSG-15947]
Function TE_wait_text returned OK.	[MsgId: MMSG-17999]
Action2.c(22): Notify: Transaction "pick" started.	[MsgId: MMSG-16999]
TE_type:  typed text = GZ0041710	[MsgId: MMSG-17999]
TE_type:  typed text = <kReturn>	[MsgId: MMSG-17999]
TE_wait_text:  pattern =  F1-	[MsgId: MMSG-17999]
Function TE_wait_text returned OK.	[MsgId: MMSG-17999]
Action2.c(22): Notify: Transaction "pick" started.	[MsgId: MMSG-16999]
TE_type:  typed text = GZ0041710	[MsgId: MMSG-17999]
Action2.c(25): lr_think_time: 3.73 seconds (recorded think time was 5.00 seconds).	[MsgId: MMSG-15947]
TE_type:  typed text = <kReturn>	[MsgId: MMSG-17999]
TE_wait_text:  pattern =  F1-	[MsgId: MMSG-17999]
TE_type:  typed text = <kReturn>	[MsgId: MMSG-17999]
TE_wait_text:  pattern =  F1-	[MsgId: MMSG-17999]
Function TE_wait_text returned OK.	[MsgId: MMSG-17999]
Action2.c(22): Notify: Transaction "pick" started.	[MsgId: MMSG-16999]
TE_type:  typed text = GZ0041710	[MsgId: MMSG-17999]
Action2.c(25): lr_think_time: 7.23 seconds (recorded think time was 5.00 seconds).	[MsgId: MMSG-15947]
Function TE_wait_text returned OK.	[MsgId: MMSG-17999]
Action2.c(22): Notify: Transaction "pick" started.	[MsgId: MMSG-16999]
TE_type:  typed text = GZ0041710	[MsgId: MMSG-17999]
TE_type:  typed text = <kReturn>	[MsgId: MMSG-17999]
TE_wait_text:  pattern =  F1-	[MsgId: MMSG-17999]
TE_type:  typed text = <kReturn>	[MsgId: MMSG-17999]
TE_wait_text:  pattern =  F1-	[MsgId: MMSG-17999]
Action2.c(25): lr_think_time: 6.71 seconds (recorded think time was 5.00 seconds).	[MsgId: MMSG-15947]
Function TE_wait_text returned OK.	[MsgId: MMSG-17999]
Action2.c(22): Notify: Transaction "pick" started.	[MsgId: MMSG-16999]
TE_type:  typed text = GZ0041710	[MsgId: MMSG-17999]
Function TE_wait_text returned OK.	[MsgId: MMSG-17999]
Action2.c(22): Notify: Transaction "pick" started.	[MsgId: MMSG-16999]
TE_type:  typed text = GZ0041710	[MsgId: MMSG-17999]
Action2.c(25): lr_think_time: 3.68 seconds (recorded think time was 5.00 seconds).	[MsgId: MMSG-15947]
TE_type:  typed text = <kReturn>	[MsgId: MMSG-17999]
TE_wait_text:  pattern =  F1-	[MsgId: MMSG-17999]
TE_type:  typed text = <kReturn>	[MsgId: MMSG-17999]
TE_wait_text:  pattern =  F1-	[MsgId: MMSG-17999]
Action2.c(25): lr_think_time: 2.86 seconds (recorded think time was 5.00 seconds).	[MsgId: MMSG-15947]
Function TE_wait_text returned OK.	[MsgId: MMSG-17999]
Action2.c(22): Notify: Transaction "pick" started.	[MsgId: MMSG-16999]
TE_type:  typed text = GZ0041710	[MsgId: MMSG-17999]
Function TE_wait_text returned OK.	[MsgId: MMSG-17999]
Action2.c(22): Notify: Transaction "pick" started.	[MsgId: MMSG-16999]
TE_type:  typed text = GZ0041710	[MsgId: MMSG-17999]
Action2.c(25): lr_think_time: 3.32 seconds (recorded think time was 5.00 seconds).	[MsgId: MMSG-15947]
Action2.c(25): lr_think_time: 5.88 seconds (recorded think time was 5.00 seconds).	[MsgId: MMSG-15947]
TE_type:  typed text = <kReturn>	[MsgId: MMSG-17999]
TE_wait_text:  pattern =  F1-	[MsgId: MMSG-17999]
Function TE_wait_text returned OK.	[MsgId: MMSG-17999]
Action2.c(22): Notify: Transaction "pick" started.	[MsgId: MMSG-16999]
TE_type:  typed text = GZ0041710	[MsgId: MMSG-17999]
TE_type:  typed text = <kReturn>	[MsgId: MMSG-17999]
TE_wait_text:  pattern =  F1-	[MsgId: MMSG-17999]
TE_type:  typed text = <kReturn>	[MsgId: MMSG-17999]
TE_wait_text:  pattern =  F1-	[MsgId: MMSG-17999]
Action2.c(25): lr_think_time: 5.50 seconds (recorded think time was 5.00 seconds).	[MsgId: MMSG-15947]
TE_type:  typed text = <kReturn>	[MsgId: MMSG-17999]
TE_wait_text:  pattern =  F1-	[MsgId: MMSG-17999]
Action2.c(25): lr_think_time: 2.79 seconds (recorded think time was 5.00 seconds).	[MsgId: MMSG-15947]
Function TE_wait_text returned OK.	[MsgId: MMSG-17999]
Action2.c(22): Notify: Transaction "pick" started.	[MsgId: MMSG-16999]
TE_type:  typed text = GZ0041710	[MsgId: MMSG-17999]
TE_type:  typed text = <kReturn>	[MsgId: MMSG-17999]
TE_type:  typed text = ]C19186110021929500216 1117071093	[MsgId: MMSG-17999]
Function TE_wait_text returned OK.	[MsgId: MMSG-17999]
Action2.c(22): Notify: Transaction "pick" started.	[MsgId: MMSG-16999]
TE_type:  typed text = GZ0041710	[MsgId: MMSG-17999]
Function TE_wait_text returned OK.	[MsgId: MMSG-17999]
Action2.c(22): Notify: Transaction "pick" started.	[MsgId: MMSG-16999]
TE_type:  typed text = GZ0041710	[MsgId: MMSG-17999]
Action2.c(25): lr_think_time: 3.52 seconds (recorded think time was 5.00 seconds).	[MsgId: MMSG-15947]
Action2.c(25): lr_think_time: 6.42 seconds (recorded think time was 5.00 seconds).	[MsgId: MMSG-15947]
Action2.c(25): lr_think_time: 4.07 seconds (recorded think time was 5.00 seconds).	[MsgId: MMSG-15947]
Action2.c(25): lr_think_time: 6.57 seconds (recorded think time was 5.00 seconds).	[MsgId: MMSG-15947]
TE_type:  typed text = <kReturn>	[MsgId: MMSG-17999]
TE_wait_text:  pattern =  F1-	[MsgId: MMSG-17999]
TE_type:  typed text = <kReturn>	[MsgId: MMSG-17999]
TE_type:  typed text = ]C19186110021929500216 1117071093	[MsgId: MMSG-17999]
TE_type:  typed text = <kReturn>	[MsgId: MMSG-17999]
TE_wait_text:  pattern =  F1-	[MsgId: MMSG-17999]
Function TE_wait_text returned OK.	[MsgId: MMSG-17999]
Action2.c(22): Notify: Transaction "pick" started.	[MsgId: MMSG-16999]
TE_type:  typed text = GZ0041710	[MsgId: MMSG-17999]
Function TE_wait_text returned OK.	[MsgId: MMSG-17999]
Action2.c(22): Notify: Transaction "pick" started.	[MsgId: MMSG-16999]
TE_type:  typed text = GZ0041710	[MsgId: MMSG-17999]
TE_type:  typed text = <kReturn>	[MsgId: MMSG-17999]
TE_type:  typed text = ]C19186110021929500216 1117071093	[MsgId: MMSG-17999]
TE_type:  typed text = <kReturn>	[MsgId: MMSG-17999]
TE_type:  typed text = ]C19186110021929500216 1117071093	[MsgId: MMSG-17999]
TE_type:  typed text = <kReturn>	[MsgId: MMSG-17999]
TE_wait_text:  pattern =  F1-	[MsgId: MMSG-17999]
Action2.c(25): lr_think_time: 4.01 seconds (recorded think time was 5.00 seconds).	[MsgId: MMSG-15947]
TE_type:  typed text = <kReturn>	[MsgId: MMSG-17999]
TE_type:  typed text = ]C19186110021929500216 1117071093	[MsgId: MMSG-17999]
Action2.c(25): lr_think_time: 7.36 seconds (recorded think time was 5.00 seconds).	[MsgId: MMSG-15947]
Function TE_wait_text returned OK.	[MsgId: MMSG-17999]
Action2.c(22): Notify: Transaction "pick" started.	[MsgId: MMSG-16999]
TE_type:  typed text = GZ0041710	[MsgId: MMSG-17999]
TE_type:  typed text = <kReturn>	[MsgId: MMSG-17999]
TE_wait_text:  pattern =  F1-	[MsgId: MMSG-17999]
TE_type:  typed text = <kReturn>	[MsgId: MMSG-17999]
TE_type:  typed text = ]C19186110021929500216 1117071093	[MsgId: MMSG-17999]
TE_type:  typed text = <kReturn>	[MsgId: MMSG-17999]
TE_type:  typed text = ]C19186110021929500216 1117071093	[MsgId: MMSG-17999]
Function TE_wait_text returned OK.	[MsgId: MMSG-17999]
Action2.c(22): Notify: Transaction "pick" started.	[MsgId: MMSG-16999]
TE_type:  typed text = GZ0041710	[MsgId: MMSG-17999]
Action2.c(25): lr_think_time: 4.17 seconds (recorded think time was 5.00 seconds).	[MsgId: MMSG-15947]
Action2.c(30): lr_think_time: 5.47 seconds (recorded think time was 5.00 seconds).	[MsgId: MMSG-15947]
Action2.c(25): lr_think_time: 3.34 seconds (recorded think time was 5.00 seconds).	[MsgId: MMSG-15947]
TE_type:  typed text = <kReturn>	[MsgId: MMSG-17999]
TE_type:  typed text = ]C19186110021929500216 1117071093	[MsgId: MMSG-17999]
TE_type:  typed text = <kReturn>	[MsgId: MMSG-17999]
TE_type:  typed text = ]C19186110021929500216 1117071093	[MsgId: MMSG-17999]
Action2.c(30): lr_think_time: 3.22 seconds (recorded think time was 5.00 seconds).	[MsgId: MMSG-15947]
Action2.c(30): lr_think_time: 5.01 seconds (recorded think time was 5.00 seconds).	[MsgId: MMSG-15947]
Action2.c(30): lr_think_time: 6.43 seconds (recorded think time was 5.00 seconds).	[MsgId: MMSG-15947]
TE_type:  typed text = <kReturn>	[MsgId: MMSG-17999]
TE_type:  typed text = ]C19186110021929500216 1117071093	[MsgId: MMSG-17999]
TE_type:  typed text = <kReturn>	[MsgId: MMSG-17999]
TE_type:  typed text = ]C19186110021929500216 1117071093	[MsgId: MMSG-17999]
TE_type:  typed text = <kReturn>	[MsgId: MMSG-17999]
TE_type:  typed text = ]C19186110021929500216 1117071093	[MsgId: MMSG-17999]
TE_type:  typed text = <kReturn>	[MsgId: MMSG-17999]
TE_type:  typed text = ]C19186110021929500216 1117071093	[MsgId: MMSG-17999]
TE_type:  typed text = <kReturn>	[MsgId: MMSG-17999]
TE_type:  typed text = ]C19186110021929500216 1117071093	[MsgId: MMSG-17999]
Action2.c(30): lr_think_time: 6.92 seconds (recorded think time was 5.00 seconds).	[MsgId: MMSG-15947]
Action2.c(30): lr_think_time: 3.46 seconds (recorded think time was 5.00 seconds).	[MsgId: MMSG-15947]
Action2.c(30): lr_think_time: 3.09 seconds (recorded think time was 5.00 seconds).	[MsgId: MMSG-15947]
TE_type:  typed text = <kReturn>	[MsgId: MMSG-17999]
TE_type:  typed text = ]C19186110021929500216 1117071093	[MsgId: MMSG-17999]
TE_type:  typed text = <kReturn>	[MsgId: MMSG-17999]
TE_type:  typed text = ]C19186110021929500216 1117071093	[MsgId: MMSG-17999]
Action2.c(30): lr_think_time: 6.59 seconds (recorded think time was 5.00 seconds).	[MsgId: MMSG-15947]
TE_type:  typed text = <kReturn>	[MsgId: MMSG-17999]
TE_type:  typed text = ]C19186110021929500216 1117071093	[MsgId: MMSG-17999]
TE_type:  typed text = <kReturn>	[MsgId: MMSG-17999]
TE_type:  typed text = ]C19186110021929500216 1117071093	[MsgId: MMSG-17999]
Action2.c(30): lr_think_time: 6.92 seconds (recorded think time was 5.00 seconds).	[MsgId: MMSG-15947]
TE_type:  typed text = <kReturn>	[MsgId: MMSG-17999]
TE_type:  typed text = ]C19186110021929500216 1117071093	[MsgId: MMSG-17999]
TE_type:  typed text = <kReturn>	[MsgId: MMSG-17999]
TE_wait_text:  pattern = F4-	[MsgId: MMSG-17999]
Function TE_wait_text returned OK.	[MsgId: MMSG-17999]
TE_type:  typed text = <kReturn>	[MsgId: MMSG-17999]
Action2.c(36): lr_think_time: 6.30 seconds (recorded think time was 5.00 seconds).	[MsgId: MMSG-15947]
Action2.c(30): lr_think_time: 5.91 seconds (recorded think time was 5.00 seconds).	[MsgId: MMSG-15947]
Action2.c(30): lr_think_time: 7.16 seconds (recorded think time was 5.00 seconds).	[MsgId: MMSG-15947]
Action2.c(30): lr_think_time: 3.58 seconds (recorded think time was 5.00 seconds).	[MsgId: MMSG-15947]
Action2.c(30): lr_think_time: 7.24 seconds (recorded think time was 5.00 seconds).	[MsgId: MMSG-15947]
Action2.c(30): lr_think_time: 7.44 seconds (recorded think time was 5.00 seconds).	[MsgId: MMSG-15947]
TE_type:  typed text = <kReturn>	[MsgId: MMSG-17999]
TE_wait_text:  pattern = F4-	[MsgId: MMSG-17999]
TE_type:  typed text = <kReturn>	[MsgId: MMSG-17999]
TE_wait_text:  pattern = F4-	[MsgId: MMSG-17999]
Function TE_wait_text returned OK.	[MsgId: MMSG-17999]
TE_type:  typed text = <kReturn>	[MsgId: MMSG-17999]
Action2.c(36): lr_think_time: 5.75 seconds (recorded think time was 5.00 seconds).	[MsgId: MMSG-15947]
TE_type:  typed text = <kReturn>	[MsgId: MMSG-17999]
TE_wait_text:  pattern = F4-	[MsgId: MMSG-17999]
Function TE_wait_text returned OK.	[MsgId: MMSG-17999]
TE_type:  typed text = <kReturn>	[MsgId: MMSG-17999]
Action2.c(36): lr_think_time: 6.82 seconds (recorded think time was 5.00 seconds).	[MsgId: MMSG-15947]
Action2.c(30): lr_think_time: 6.44 seconds (recorded think time was 5.00 seconds).	[MsgId: MMSG-15947]
Function TE_wait_text returned OK.	[MsgId: MMSG-17999]
TE_type:  typed text = <kReturn>	[MsgId: MMSG-17999]
Action2.c(36): lr_think_time: 5.82 seconds (recorded think time was 5.00 seconds).	[MsgId: MMSG-15947]
TE_type:  typed text = <kReturn>	[MsgId: MMSG-17999]
TE_type:  typed text = ]C19186110021929500216 1117071093	[MsgId: MMSG-17999]
TE_type:  typed text = <kReturn>	[MsgId: MMSG-17999]
TE_wait_text:  pattern = F4-	[MsgId: MMSG-17999]
Action2.c(30): lr_think_time: 3.07 seconds (recorded think time was 5.00 seconds).	[MsgId: MMSG-15947]
Function TE_wait_text returned OK.	[MsgId: MMSG-17999]
TE_type:  typed text = <kReturn>	[MsgId: MMSG-17999]
Action2.c(36): lr_think_time: 6.12 seconds (recorded think time was 5.00 seconds).	[MsgId: MMSG-15947]
Action2.c(30): lr_think_time: 4.26 seconds (recorded think time was 5.00 seconds).	[MsgId: MMSG-15947]
Action2.c(30): lr_think_time: 2.77 seconds (recorded think time was 5.00 seconds).	[MsgId: MMSG-15947]
Action2.c(30): lr_think_time: 3.97 seconds (recorded think time was 5.00 seconds).	[MsgId: MMSG-15947]
TE_type:  typed text = <kReturn>	[MsgId: MMSG-17999]
TE_wait_text:  pattern = F4-	[MsgId: MMSG-17999]
Function TE_wait_text returned OK.	[MsgId: MMSG-17999]
TE_type:  typed text = <kReturn>	[MsgId: MMSG-17999]
Action2.c(36): lr_think_time: 7.43 seconds (recorded think time was 5.00 seconds).	[MsgId: MMSG-15947]
TE_type:  typed text = <kReturn>	[MsgId: MMSG-17999]
TE_wait_text:  pattern = F4-	[MsgId: MMSG-17999]
Function TE_wait_text returned OK.	[MsgId: MMSG-17999]
TE_type:  typed text = <kReturn>	[MsgId: MMSG-17999]
Action2.c(36): lr_think_time: 2.67 seconds (recorded think time was 5.00 seconds).	[MsgId: MMSG-15947]
TE_type:  typed text = <kReturn>	[MsgId: MMSG-17999]
TE_wait_text:  pattern = F4-	[MsgId: MMSG-17999]
Function TE_wait_text returned OK.	[MsgId: MMSG-17999]
TE_type:  typed text = <kReturn>	[MsgId: MMSG-17999]
Action2.c(36): lr_think_time: 4.00 seconds (recorded think time was 5.00 seconds).	[MsgId: MMSG-15947]
Action2.c(30): lr_think_time: 2.62 seconds (recorded think time was 5.00 seconds).	[MsgId: MMSG-15947]
TE_type:  typed text = <kReturn>	[MsgId: MMSG-17999]
TE_wait_text:  pattern = F4-	[MsgId: MMSG-17999]
TE_type:  typed text = <kReturn>	[MsgId: MMSG-17999]
TE_wait_text:  pattern = F4-	[MsgId: MMSG-17999]
Function TE_wait_text returned OK.	[MsgId: MMSG-17999]
TE_type:  typed text = <kReturn>	[MsgId: MMSG-17999]
Action2.c(36): lr_think_time: 5.26 seconds (recorded think time was 5.00 seconds).	[MsgId: MMSG-15947]
Function TE_wait_text returned OK.	[MsgId: MMSG-17999]
TE_type:  typed text = <kReturn>	[MsgId: MMSG-17999]
Action2.c(36): lr_think_time: 6.91 seconds (recorded think time was 5.00 seconds).	[MsgId: MMSG-15947]
TE_type:  typed text = <kReturn>	[MsgId: MMSG-17999]
TE_wait_text:  pattern = F4-	[MsgId: MMSG-17999]
TE_type:  typed text = <kReturn>	[MsgId: MMSG-17999]
TE_wait_text:  pattern = F4-	[MsgId: MMSG-17999]
Function TE_wait_text returned OK.	[MsgId: MMSG-17999]
TE_type:  typed text = <kReturn>	[MsgId: MMSG-17999]
Action2.c(36): lr_think_time: 3.67 seconds (recorded think time was 5.00 seconds).	[MsgId: MMSG-15947]
TE_wait_text:  pattern = Enter	[MsgId: MMSG-17999]
TE_type:  typed text = <kReturn>	[MsgId: MMSG-17999]
TE_wait_text:  pattern = F4-	[MsgId: MMSG-17999]
Function TE_wait_text returned OK.	[MsgId: MMSG-17999]
Action2.c(38): Notify: Transaction "pick" ended with "Pass" status (Duration: 17.6872 Think Time: 17.2553 Wasted Time: 0.2000).	[MsgId: MMSG-16870]
Action2.c(41): lr_think_time: 6.70 seconds (recorded think time was 5.00 seconds).	[MsgId: MMSG-15947]
Function TE_wait_text returned OK.	[MsgId: MMSG-17999]
TE_type:  typed text = <kReturn>	[MsgId: MMSG-17999]
Action2.c(36): lr_think_time: 7.45 seconds (recorded think time was 5.00 seconds).	[MsgId: MMSG-15947]
Function TE_wait_text returned OK.	[MsgId: MMSG-17999]
TE_type:  typed text = <kReturn>	[MsgId: MMSG-17999]
Action2.c(36): lr_think_time: 6.98 seconds (recorded think time was 5.00 seconds).	[MsgId: MMSG-15947]
TE_type:  typed text = <kReturn>	[MsgId: MMSG-17999]
TE_wait_text:  pattern = F4-	[MsgId: MMSG-17999]
TE_type:  typed text = <kReturn>	[MsgId: MMSG-17999]
TE_wait_text:  pattern = F4-	[MsgId: MMSG-17999]
TE_wait_text:  pattern = Enter	[MsgId: MMSG-17999]
Function TE_wait_text returned OK.	[MsgId: MMSG-17999]
Action2.c(38): Notify: Transaction "pick" ended with "Pass" status (Duration: 19.0351 Think Time: 18.6136 Wasted Time: 0.2000).	[MsgId: MMSG-16870]
Action2.c(41): lr_think_time: 3.34 seconds (recorded think time was 5.00 seconds).	[MsgId: MMSG-15947]
TE_wait_text:  pattern = Enter	[MsgId: MMSG-17999]
Function TE_wait_text returned OK.	[MsgId: MMSG-17999]
TE_type:  typed text = <kReturn>	[MsgId: MMSG-17999]
Action2.c(36): lr_think_time: 5.11 seconds (recorded think time was 5.00 seconds).	[MsgId: MMSG-15947]
Function TE_wait_text returned OK.	[MsgId: MMSG-17999]
TE_type:  typed text = <kReturn>	[MsgId: MMSG-17999]
Action2.c(36): lr_think_time: 2.87 seconds (recorded think time was 5.00 seconds).	[MsgId: MMSG-15947]
Function TE_wait_text returned OK.	[MsgId: MMSG-17999]
Action2.c(38): Notify: Transaction "pick" ended with "Pass" status (Duration: 17.9090 Think Time: 17.4992 Wasted Time: 0.2000).	[MsgId: MMSG-16870]
Action2.c(41): lr_think_time: 7.34 seconds (recorded think time was 5.00 seconds).	[MsgId: MMSG-15947]
TE_wait_text:  pattern = Enter	[MsgId: MMSG-17999]
TE_type:  typed text = <kReturn>	[MsgId: MMSG-17999]
TE_wait_text:  pattern = F4-	[MsgId: MMSG-17999]
Function TE_wait_text returned OK.	[MsgId: MMSG-17999]
Action2.c(38): Notify: Transaction "pick" ended with "Pass" status (Duration: 17.0339 Think Time: 16.6132 Wasted Time: 0.2000).	[MsgId: MMSG-16870]
Action2.c(41): lr_think_time: 4.17 seconds (recorded think time was 5.00 seconds).	[MsgId: MMSG-15947]
TE_type:  typed text = <kReturn>	[MsgId: MMSG-17999]
TE_wait_text:  pattern = F4-	[MsgId: MMSG-17999]
TE_type:  typed text = <kReturn>	[MsgId: MMSG-17999]
TE_wait_text:  pattern = F4-	[MsgId: MMSG-17999]
Function TE_wait_text returned OK.	[MsgId: MMSG-17999]
TE_type:  typed text = <kReturn>	[MsgId: MMSG-17999]
Action2.c(36): lr_think_time: 3.13 seconds (recorded think time was 5.00 seconds).	[MsgId: MMSG-15947]
Function TE_wait_text returned OK.	[MsgId: MMSG-17999]
TE_type:  typed text = <kReturn>	[MsgId: MMSG-17999]
Action2.c(36): lr_think_time: 6.02 seconds (recorded think time was 5.00 seconds).	[MsgId: MMSG-15947]
TE_type:  typed text = <kReturn>	[MsgId: MMSG-17999]
TE_wait_text:  pattern = F4-	[MsgId: MMSG-17999]
TE_type:  typed text = <kReturn>	[MsgId: MMSG-17999]
TE_wait_text:  pattern = F4-	[MsgId: MMSG-17999]
Function TE_wait_text returned OK.	[MsgId: MMSG-17999]
TE_type:  typed text = <kReturn>	[MsgId: MMSG-17999]
Action2.c(36): lr_think_time: 7.30 seconds (recorded think time was 5.00 seconds).	[MsgId: MMSG-15947]
TE_wait_text:  pattern = Enter	[MsgId: MMSG-17999]
Function TE_wait_text returned OK.	[MsgId: MMSG-17999]
TE_type:  typed text = <kReturn>	[MsgId: MMSG-17999]
Action2.c(36): lr_think_time: 3.73 seconds (recorded think time was 5.00 seconds).	[MsgId: MMSG-15947]
Function TE_wait_text returned OK.	[MsgId: MMSG-17999]
Action2.c(38): Notify: Transaction "pick" ended with "Pass" status (Duration: 17.1464 Think Time: 16.7246 Wasted Time: 0.2000).	[MsgId: MMSG-16870]
Action2.c(41): lr_think_time: 5.98 seconds (recorded think time was 5.00 seconds).	[MsgId: MMSG-15947]
Function TE_wait_text returned OK.	[MsgId: MMSG-17999]
TE_type:  typed text = <kReturn>	[MsgId: MMSG-17999]
Action2.c(36): lr_think_time: 3.14 seconds (recorded think time was 5.00 seconds).	[MsgId: MMSG-15947]
TE_wait_text:  pattern = Enter	[MsgId: MMSG-17999]
Function TE_wait_text returned OK.	[MsgId: MMSG-17999]
Action2.c(38): Notify: Transaction "pick" ended with "Pass" status (Duration: 21.4134 Think Time: 21.0054 Wasted Time: 0.1950).	[MsgId: MMSG-16870]
Action2.c(41): lr_think_time: 5.74 seconds (recorded think time was 5.00 seconds).	[MsgId: MMSG-15947]
TE_wait_text:  pattern = Enter	[MsgId: MMSG-17999]
Function TE_wait_text returned OK.	[MsgId: MMSG-17999]
Action2.c(38): Notify: Transaction "pick" ended with "Pass" status (Duration: 19.0118 Think Time: 18.6061 Wasted Time: 0.1970).	[MsgId: MMSG-16870]
Action2.c(41): lr_think_time: 5.58 seconds (recorded think time was 5.00 seconds).	[MsgId: MMSG-15947]
TE_wait_text:  pattern = Enter	[MsgId: MMSG-17999]
TE_wait_text:  pattern = Enter	[MsgId: MMSG-17999]
Function TE_wait_text returned OK.	[MsgId: MMSG-17999]
Action2.c(38): Notify: Transaction "pick" ended with "Pass" status (Duration: 18.2049 Think Time: 17.7916 Wasted Time: 0.2000).	[MsgId: MMSG-16870]
Action2.c(41): lr_think_time: 6.99 seconds (recorded think time was 5.00 seconds).	[MsgId: MMSG-15947]
Function TE_wait_text returned OK.	[MsgId: MMSG-17999]
Action2.c(38): Notify: Transaction "pick" ended with "Pass" status (Duration: 17.9689 Think Time: 17.5593 Wasted Time: 0.1960).	[MsgId: MMSG-16870]
Action2.c(41): lr_think_time: 6.05 seconds (recorded think time was 5.00 seconds).	[MsgId: MMSG-15947]
TE_type:  typed text = <kControl-c>	[MsgId: MMSG-17999]
Action2.c(44): lr_think_time: 0.80 seconds (recorded think time was 1.00 seconds).	[MsgId: MMSG-15947]
TE_wait_text:  pattern = Enter	[MsgId: MMSG-17999]
TE_wait_text:  pattern = Enter	[MsgId: MMSG-17999]
Function TE_wait_text returned OK.	[MsgId: MMSG-17999]
Action2.c(38): Notify: Transaction "pick" ended with "Pass" status (Duration: 16.1137 Think Time: 15.6800 Wasted Time: 0.2000).	[MsgId: MMSG-16870]
Action2.c(41): lr_think_time: 2.56 seconds (recorded think time was 5.00 seconds).	[MsgId: MMSG-15947]
Function TE_wait_text returned OK.	[MsgId: MMSG-17999]
Action2.c(38): Notify: Transaction "pick" ended with "Pass" status (Duration: 21.4369 Think Time: 21.0233 Wasted Time: 0.2000).	[MsgId: MMSG-16870]
Action2.c(41): lr_think_time: 3.48 seconds (recorded think time was 5.00 seconds).	[MsgId: MMSG-15947]
TE_type:  typed text = exit<kReturn>	[MsgId: MMSG-17999]
TE_wait_text:  pattern = Enter	[MsgId: MMSG-17999]
Function TE_wait_text returned OK.	[MsgId: MMSG-17999]
Action2.c(38): Notify: Transaction "pick" ended with "Pass" status (Duration: 21.1692 Think Time: 20.7421 Wasted Time: 0.2000).	[MsgId: MMSG-16870]
Action2.c(41): lr_think_time: 5.58 seconds (recorded think time was 5.00 seconds).	[MsgId: MMSG-15947]
Ending action Action2.	[MsgId: MMSG-15918]
Ending iteration 1.	[MsgId: MMSG-15965]
Ending Vuser...	[MsgId: MMSG-15966]
Starting action vuser_end.	[MsgId: MMSG-15919]
Ending action vuser_end.	[MsgId: MMSG-15918]
Vuser Terminated.	[MsgId: MMSG-15963]
TE_wait_text:  pattern = Enter	[MsgId: MMSG-17999]
Vuser 11 (thread 10436), ended OK."	[MsgId: MMSG-10695]
Function TE_wait_text returned OK.	[MsgId: MMSG-17999]
Action2.c(38): Notify: Transaction "pick" ended with "Pass" status (Duration: 20.5101 Think Time: 20.0940 Wasted Time: 0.1960).	[MsgId: MMSG-16870]
Action2.c(41): lr_think_time: 4.20 seconds (recorded think time was 5.00 seconds).	[MsgId: MMSG-15947]
TE_type:  typed text = <kControl-c>	[MsgId: MMSG-17999]
Action2.c(44): lr_think_time: 0.81 seconds (recorded think time was 1.00 seconds).	[MsgId: MMSG-15947]
TE_wait_text:  pattern = Enter	[MsgId: MMSG-17999]
Function TE_wait_text returned OK.	[MsgId: MMSG-17999]
Action2.c(38): Notify: Transaction "pick" ended with "Pass" status (Duration: 18.6241 Think Time: 18.2058 Wasted Time: 0.2000).	[MsgId: MMSG-16870]
Action2.c(41): lr_think_time: 2.58 seconds (recorded think time was 5.00 seconds).	[MsgId: MMSG-15947]
TE_wait_text:  pattern = Enter	[MsgId: MMSG-17999]
Function TE_wait_text returned OK.	[MsgId: MMSG-17999]
Action2.c(38): Notify: Transaction "pick" ended with "Pass" status (Duration: 20.0754 Think Time: 19.6665 Wasted Time: 0.1950).	[MsgId: MMSG-16870]
Action2.c(41): lr_think_time: 5.61 seconds (recorded think time was 5.00 seconds).	[MsgId: MMSG-15947]
TE_type:  typed text = exit<kReturn>	[MsgId: MMSG-17999]
TE_wait_text:  pattern = Enter	[MsgId: MMSG-17999]
Function TE_wait_text returned OK.	[MsgId: MMSG-17999]
Action2.c(38): Notify: Transaction "pick" ended with "Pass" status (Duration: 18.2841 Think Time: 17.8652 Wasted Time: 0.1950).	[MsgId: MMSG-16870]
Action2.c(41): lr_think_time: 4.00 seconds (recorded think time was 5.00 seconds).	[MsgId: MMSG-15947]
Ending action Action2.	[MsgId: MMSG-15918]
Ending iteration 1.	[MsgId: MMSG-15965]
Ending Vuser...	[MsgId: MMSG-15966]
Starting action vuser_end.	[MsgId: MMSG-15919]
Ending action vuser_end.	[MsgId: MMSG-15918]
Vuser Terminated.	[MsgId: MMSG-15963]
Vuser 19 (thread 14232), ended OK."	[MsgId: MMSG-10695]
TE_type:  typed text = <kControl-c>	[MsgId: MMSG-17999]
Action2.c(44): lr_think_time: 1.14 seconds (recorded think time was 1.00 seconds).	[MsgId: MMSG-15947]
TE_type:  typed text = <kControl-c>	[MsgId: MMSG-17999]
Action2.c(44): lr_think_time: 0.61 seconds (recorded think time was 1.00 seconds).	[MsgId: MMSG-15947]
TE_wait_text:  pattern = Enter	[MsgId: MMSG-17999]
Function TE_wait_text returned OK.	[MsgId: MMSG-17999]
Action2.c(38): Notify: Transaction "pick" ended with "Pass" status (Duration: 25.5554 Think Time: 25.1333 Wasted Time: 0.2000).	[MsgId: MMSG-16870]
Action2.c(41): lr_think_time: 3.37 seconds (recorded think time was 5.00 seconds).	[MsgId: MMSG-15947]
TE_wait_text:  pattern = Enter	[MsgId: MMSG-17999]
TE_wait_text:  pattern = Enter	[MsgId: MMSG-17999]
Function TE_wait_text returned OK.	[MsgId: MMSG-17999]
Action2.c(38): Notify: Transaction "pick" ended with "Pass" status (Duration: 21.8539 Think Time: 21.4318 Wasted Time: 0.2000).	[MsgId: MMSG-16870]
Action2.c(41): lr_think_time: 5.91 seconds (recorded think time was 5.00 seconds).	[MsgId: MMSG-15947]
Function TE_wait_text returned OK.	[MsgId: MMSG-17999]
Action2.c(38): Notify: Transaction "pick" ended with "Pass" status (Duration: 20.4203 Think Time: 20.0115 Wasted Time: 0.1940).	[MsgId: MMSG-16870]
Action2.c(41): lr_think_time: 3.72 seconds (recorded think time was 5.00 seconds).	[MsgId: MMSG-15947]
TE_type:  typed text = exit<kReturn>	[MsgId: MMSG-17999]
TE_type:  typed text = <kControl-c>	[MsgId: MMSG-17999]
Action2.c(44): lr_think_time: 1.16 seconds (recorded think time was 1.00 seconds).	[MsgId: MMSG-15947]
TE_type:  typed text = <kControl-c>	[MsgId: MMSG-17999]
Action2.c(44): lr_think_time: 0.92 seconds (recorded think time was 1.00 seconds).	[MsgId: MMSG-15947]
TE_type:  typed text = exit<kReturn>	[MsgId: MMSG-17999]
TE_type:  typed text = <kControl-c>	[MsgId: MMSG-17999]
Action2.c(44): lr_think_time: 0.97 seconds (recorded think time was 1.00 seconds).	[MsgId: MMSG-15947]
TE_type:  typed text = <kControl-c>	[MsgId: MMSG-17999]
Action2.c(44): lr_think_time: 0.74 seconds (recorded think time was 1.00 seconds).	[MsgId: MMSG-15947]
Ending action Action2.	[MsgId: MMSG-15918]
Ending iteration 1.	[MsgId: MMSG-15965]
Ending Vuser...	[MsgId: MMSG-15966]
Starting action vuser_end.	[MsgId: MMSG-15919]
Ending action vuser_end.	[MsgId: MMSG-15918]
Vuser Terminated.	[MsgId: MMSG-15963]
TE_type:  typed text = <kControl-c>	[MsgId: MMSG-17999]
Action2.c(44): lr_think_time: 1.02 seconds (recorded think time was 1.00 seconds).	[MsgId: MMSG-15947]
Vuser 17 (thread 17144), ended OK."	[MsgId: MMSG-10695]
TE_type:  typed text = <kControl-c>	[MsgId: MMSG-17999]
Action2.c(44): lr_think_time: 1.00 seconds.	[MsgId: MMSG-15948]
Ending action Action2.	[MsgId: MMSG-15918]
Ending iteration 1.	[MsgId: MMSG-15965]
Ending Vuser...	[MsgId: MMSG-15966]
Starting action vuser_end.	[MsgId: MMSG-15919]
Ending action vuser_end.	[MsgId: MMSG-15918]
Vuser Terminated.	[MsgId: MMSG-15963]
Vuser 16 (thread 7164), ended OK."	[MsgId: MMSG-10695]
TE_type:  typed text = exit<kReturn>	[MsgId: MMSG-17999]
TE_type:  typed text = exit<kReturn>	[MsgId: MMSG-17999]
TE_wait_text:  pattern = Enter	[MsgId: MMSG-17999]
TE_type:  typed text = exit<kReturn>	[MsgId: MMSG-17999]
TE_type:  typed text = exit<kReturn>	[MsgId: MMSG-17999]
Function TE_wait_text returned OK.	[MsgId: MMSG-17999]
Action2.c(38): Notify: Transaction "pick" ended with "Pass" status (Duration: 24.8702 Think Time: 24.4456 Wasted Time: 0.2000).	[MsgId: MMSG-16870]
Action2.c(41): lr_think_time: 4.89 seconds (recorded think time was 5.00 seconds).	[MsgId: MMSG-15947]
TE_type:  typed text = exit<kReturn>	[MsgId: MMSG-17999]
Ending action Action2.	[MsgId: MMSG-15918]
Ending iteration 1.	[MsgId: MMSG-15965]
Ending Vuser...	[MsgId: MMSG-15966]
Starting action vuser_end.	[MsgId: MMSG-15919]
Ending action vuser_end.	[MsgId: MMSG-15918]
Vuser Terminated.	[MsgId: MMSG-15963]
Ending action Action2.	[MsgId: MMSG-15918]
Ending iteration 1.	[MsgId: MMSG-15965]
Ending Vuser...	[MsgId: MMSG-15966]
Starting action vuser_end.	[MsgId: MMSG-15919]
Ending action vuser_end.	[MsgId: MMSG-15918]
Vuser Terminated.	[MsgId: MMSG-15963]
TE_type:  typed text = exit<kReturn>	[MsgId: MMSG-17999]
Vuser 4 (thread 15716), ended OK."	[MsgId: MMSG-10695]
Vuser 1 (thread 14408), ended OK."	[MsgId: MMSG-10695]
TE_type:  typed text = <kControl-c>	[MsgId: MMSG-17999]
Action2.c(44): lr_think_time: 0.75 seconds (recorded think time was 1.00 seconds).	[MsgId: MMSG-15947]
Ending action Action2.	[MsgId: MMSG-15918]
Ending iteration 1.	[MsgId: MMSG-15965]
Ending Vuser...	[MsgId: MMSG-15966]
Starting action vuser_end.	[MsgId: MMSG-15919]
Ending action vuser_end.	[MsgId: MMSG-15918]
Vuser Terminated.	[MsgId: MMSG-15963]
Ending action Action2.	[MsgId: MMSG-15918]
Ending iteration 1.	[MsgId: MMSG-15965]
Ending Vuser...	[MsgId: MMSG-15966]
Starting action vuser_end.	[MsgId: MMSG-15919]
Ending action vuser_end.	[MsgId: MMSG-15918]
Vuser Terminated.	[MsgId: MMSG-15963]
Vuser 6 (thread 16556), ended OK."	[MsgId: MMSG-10695]
Ending action Action2.	[MsgId: MMSG-15918]
Ending iteration 1.	[MsgId: MMSG-15965]
Ending Vuser...	[MsgId: MMSG-15966]
Starting action vuser_end.	[MsgId: MMSG-15919]
Ending action vuser_end.	[MsgId: MMSG-15918]
Vuser Terminated.	[MsgId: MMSG-15963]
Vuser 5 (thread 9732), ended OK."	[MsgId: MMSG-10695]
Vuser 8 (thread 17396), ended OK."	[MsgId: MMSG-10695]
TE_type:  typed text = <kControl-c>	[MsgId: MMSG-17999]
Action2.c(44): lr_think_time: 1.38 seconds (recorded think time was 1.00 seconds).	[MsgId: MMSG-15947]
Ending action Action2.	[MsgId: MMSG-15918]
Ending iteration 1.	[MsgId: MMSG-15965]
Ending Vuser...	[MsgId: MMSG-15966]
Starting action vuser_end.	[MsgId: MMSG-15919]
Ending action vuser_end.	[MsgId: MMSG-15918]
Vuser Terminated.	[MsgId: MMSG-15963]
Vuser 10 (thread 12596), ended OK."	[MsgId: MMSG-10695]
TE_type:  typed text = exit<kReturn>	[MsgId: MMSG-17999]
TE_type:  typed text = <kControl-c>	[MsgId: MMSG-17999]
Action2.c(44): lr_think_time: 0.94 seconds (recorded think time was 1.00 seconds).	[MsgId: MMSG-15947]
TE_type:  typed text = <kControl-c>	[MsgId: MMSG-17999]
Action2.c(44): lr_think_time: 0.84 seconds (recorded think time was 1.00 seconds).	[MsgId: MMSG-15947]
TE_type:  typed text = <kControl-c>	[MsgId: MMSG-17999]
Action2.c(44): lr_think_time: 0.77 seconds (recorded think time was 1.00 seconds).	[MsgId: MMSG-15947]
Ending action Action2.	[MsgId: MMSG-15918]
Ending iteration 1.	[MsgId: MMSG-15965]
Ending Vuser...	[MsgId: MMSG-15966]
Starting action vuser_end.	[MsgId: MMSG-15919]
Ending action vuser_end.	[MsgId: MMSG-15918]
Vuser Terminated.	[MsgId: MMSG-15963]
Vuser 3 (thread 16424), ended OK."	[MsgId: MMSG-10695]
TE_type:  typed text = <kControl-c>	[MsgId: MMSG-17999]
Action2.c(44): lr_think_time: 0.89 seconds (recorded think time was 1.00 seconds).	[MsgId: MMSG-15947]
TE_type:  typed text = exit<kReturn>	[MsgId: MMSG-17999]
TE_type:  typed text = exit<kReturn>	[MsgId: MMSG-17999]
TE_type:  typed text = exit<kReturn>	[MsgId: MMSG-17999]
TE_type:  typed text = exit<kReturn>	[MsgId: MMSG-17999]
TE_type:  typed text = <kControl-c>	[MsgId: MMSG-17999]
Action2.c(44): lr_think_time: 0.63 seconds (recorded think time was 1.00 seconds).	[MsgId: MMSG-15947]
Ending action Action2.	[MsgId: MMSG-15918]
Ending iteration 1.	[MsgId: MMSG-15965]
Ending Vuser...	[MsgId: MMSG-15966]
Starting action vuser_end.	[MsgId: MMSG-15919]
Ending action vuser_end.	[MsgId: MMSG-15918]
Vuser Terminated.	[MsgId: MMSG-15963]
TE_type:  typed text = <kControl-c>	[MsgId: MMSG-17999]
Action2.c(44): lr_think_time: 1.19 seconds (recorded think time was 1.00 seconds).	[MsgId: MMSG-15947]
Vuser 12 (thread 15932), ended OK."	[MsgId: MMSG-10695]
TE_type:  typed text = exit<kReturn>	[MsgId: MMSG-17999]
Ending action Action2.	[MsgId: MMSG-15918]
Ending iteration 1.	[MsgId: MMSG-15965]
Ending Vuser...	[MsgId: MMSG-15966]
Starting action vuser_end.	[MsgId: MMSG-15919]
Ending action vuser_end.	[MsgId: MMSG-15918]
Vuser Terminated.	[MsgId: MMSG-15963]
Ending action Action2.	[MsgId: MMSG-15918]
Ending iteration 1.	[MsgId: MMSG-15965]
Ending Vuser...	[MsgId: MMSG-15966]
Starting action vuser_end.	[MsgId: MMSG-15919]
Ending action vuser_end.	[MsgId: MMSG-15918]
Vuser Terminated.	[MsgId: MMSG-15963]
Ending action Action2.	[MsgId: MMSG-15918]
Ending iteration 1.	[MsgId: MMSG-15965]
Ending Vuser...	[MsgId: MMSG-15966]
Starting action vuser_end.	[MsgId: MMSG-15919]
Ending action vuser_end.	[MsgId: MMSG-15918]
Vuser Terminated.	[MsgId: MMSG-15963]
Vuser 14 (thread 14344), ended OK."	[MsgId: MMSG-10695]
Vuser 2 (thread 16524), ended OK."	[MsgId: MMSG-10695]
Vuser 0 (thread 16644), ended OK."	[MsgId: MMSG-10695]
TE_type:  typed text = exit<kReturn>	[MsgId: MMSG-17999]
Ending action Action2.	[MsgId: MMSG-15918]
Ending iteration 1.	[MsgId: MMSG-15965]
Ending Vuser...	[MsgId: MMSG-15966]
Starting action vuser_end.	[MsgId: MMSG-15919]
Ending action vuser_end.	[MsgId: MMSG-15918]
Vuser Terminated.	[MsgId: MMSG-15963]
Vuser 15 (thread 16448), ended OK."	[MsgId: MMSG-10695]
Ending action Action2.	[MsgId: MMSG-15918]
Ending iteration 1.	[MsgId: MMSG-15965]
Ending Vuser...	[MsgId: MMSG-15966]
Starting action vuser_end.	[MsgId: MMSG-15919]
Ending action vuser_end.	[MsgId: MMSG-15918]
Vuser Terminated.	[MsgId: MMSG-15963]
Vuser 9 (thread 16512), ended OK."	[MsgId: MMSG-10695]
TE_type:  typed text = exit<kReturn>	[MsgId: MMSG-17999]
Ending action Action2.	[MsgId: MMSG-15918]
Ending iteration 1.	[MsgId: MMSG-15965]
Ending Vuser...	[MsgId: MMSG-15966]
Starting action vuser_end.	[MsgId: MMSG-15919]
Ending action vuser_end.	[MsgId: MMSG-15918]
Vuser Terminated.	[MsgId: MMSG-15963]
Vuser 18 (thread 16396), ended OK."	[MsgId: MMSG-10695]
TE_type:  typed text = <kControl-c>	[MsgId: MMSG-17999]
Action2.c(44): lr_think_time: 1.42 seconds (recorded think time was 1.00 seconds).	[MsgId: MMSG-15947]
TE_type:  typed text = <kControl-c>	[MsgId: MMSG-17999]
Action2.c(44): lr_think_time: 0.69 seconds (recorded think time was 1.00 seconds).	[MsgId: MMSG-15947]
TE_type:  typed text = exit<kReturn>	[MsgId: MMSG-17999]
TE_type:  typed text = exit<kReturn>	[MsgId: MMSG-17999]
Ending action Action2.	[MsgId: MMSG-15918]
Ending iteration 1.	[MsgId: MMSG-15965]
Ending Vuser...	[MsgId: MMSG-15966]
Starting action vuser_end.	[MsgId: MMSG-15919]
Ending action vuser_end.	[MsgId: MMSG-15918]
Vuser Terminated.	[MsgId: MMSG-15963]
Vuser 7 (thread 17276), ended OK."	[MsgId: MMSG-10695]
Ending action Action2.	[MsgId: MMSG-15918]
Ending iteration 1.	[MsgId: MMSG-15965]
Ending Vuser...	[MsgId: MMSG-15966]
Starting action vuser_end.	[MsgId: MMSG-15919]
Ending action vuser_end.	[MsgId: MMSG-15918]
Vuser Terminated.	[MsgId: MMSG-15963]
Vuser 13 (thread 14560), ended OK."	[MsgId: MMSG-10695]
